{'preprocess': 0.0011789798736572266, 'inference': 0.023418426513671875, 'postprocess': 0.006185293197631836}, 1570.0625, 9
{'preprocess': 0.000986337661743164, 'inference': 0.021733999252319336, 'postprocess': 0.0055048465728759766}, 1639.0625, 9
{'preprocess': 0.001116037368774414, 'inference': 0.0201413631439209, 'postprocess': 0.0053882598876953125}, 1689.0625, 9
{'preprocess': 0.0010943412780761719, 'inference': 0.020741701126098633, 'postprocess': 0.00522160530090332}, 1738.0625, 9
{'preprocess': 0.0015895366668701172, 'inference': 0.01937103271484375, 'postprocess': 0.0044896602630615234}, 1748.0625, 9
{'preprocess': 0.0009789466857910156, 'inference': 0.018424272537231445, 'postprocess': 0.005291461944580078}, 1748.0625, 9
{'preprocess': 0.0009849071502685547, 'inference': 0.016782522201538086, 'postprocess': 0.0049855709075927734}, 1750.0625, 9
{'preprocess': 0.0009894371032714844, 'inference': 0.01749396324157715, 'postprocess': 0.005301952362060547}, 1750.0625, 9
{'preprocess': 0.0009682178497314453, 'inference': 0.017932891845703125, 'postprocess': 0.004927158355712891}, 1750.0625, 9
{'preprocess': 0.0013875961303710938, 'inference': 0.017930984497070312, 'postprocess': 0.004632711410522461}, 1750.0625, 9
{'preprocess': 0.0009875297546386719, 'inference': 0.017273902893066406, 'postprocess': 0.007798671722412109}, 1750.0625, 9
{'preprocess': 0.0009627342224121094, 'inference': 0.017592906951904297, 'postprocess': 0.006148338317871094}, 1750.0625, 9
{'preprocess': 0.0011970996856689453, 'inference': 0.017826557159423828, 'postprocess': 0.005055665969848633}, 1750.0625, 22
{'preprocess': 0.0009865760803222656, 'inference': 0.016613006591796875, 'postprocess': 0.008468151092529297}, 1750.0625, 22
{'preprocess': 0.0009837150573730469, 'inference': 0.017423152923583984, 'postprocess': 0.0056476593017578125}, 1750.0625, 22
{'preprocess': 0.0011234283447265625, 'inference': 0.024616479873657227, 'postprocess': 0.004538536071777344}, 1750.0625, 22
{'preprocess': 0.0010838508605957031, 'inference': 0.01770639419555664, 'postprocess': 0.006308317184448242}, 1750.0625, 22
{'preprocess': 0.0009629726409912109, 'inference': 0.01702094078063965, 'postprocess': 0.007739067077636719}, 1750.0625, 22
{'preprocess': 0.0009615421295166016, 'inference': 0.01935863494873047, 'postprocess': 0.006262302398681641}, 1750.0625, 22
{'preprocess': 0.0009653568267822266, 'inference': 0.018464088439941406, 'postprocess': 0.0059604644775390625}, 1750.0625, 22
{'preprocess': 0.0013706684112548828, 'inference': 0.018382787704467773, 'postprocess': 0.004740476608276367}, 1750.0625, 22
{'preprocess': 0.000957489013671875, 'inference': 0.018187284469604492, 'postprocess': 0.007980823516845703}, 1750.0625, 22
{'preprocess': 0.0009491443634033203, 'inference': 0.017639875411987305, 'postprocess': 0.005681276321411133}, 1750.0625, 22
{'preprocess': 0.0010654926300048828, 'inference': 0.017686843872070312, 'postprocess': 0.006325960159301758}, 1750.0625, 22
{'preprocess': 0.0009865760803222656, 'inference': 0.01757025718688965, 'postprocess': 0.005613565444946289}, 1750.0625, 22
{'preprocess': 0.0009469985961914062, 'inference': 0.017978429794311523, 'postprocess': 0.007603645324707031}, 1750.0625, 22
{'preprocess': 0.0009739398956298828, 'inference': 0.01726984977722168, 'postprocess': 0.0055294036865234375}, 1750.0625, 22
{'preprocess': 0.0009512901306152344, 'inference': 0.017342090606689453, 'postprocess': 0.007300853729248047}, 1750.0625, 22
{'preprocess': 0.0009617805480957031, 'inference': 0.017500877380371094, 'postprocess': 0.006224393844604492}, 1750.0625, 22
{'preprocess': 0.0010309219360351562, 'inference': 0.01791691780090332, 'postprocess': 0.005149364471435547}, 1752.0625, 22
{'preprocess': 0.0009539127349853516, 'inference': 0.01755809783935547, 'postprocess': 0.00729060173034668}, 1752.0625, 22
{'preprocess': 0.0009522438049316406, 'inference': 0.017783403396606445, 'postprocess': 0.007714033126831055}, 1752.0625, 22
{'preprocess': 0.0009548664093017578, 'inference': 0.018175363540649414, 'postprocess': 0.005581378936767578}, 1752.0625, 22
{'preprocess': 0.001413106918334961, 'inference': 0.02106332778930664, 'postprocess': 0.004534244537353516}, 1752.0625, 22
{'preprocess': 0.0009667873382568359, 'inference': 0.017781972885131836, 'postprocess': 0.0065801143646240234}, 1752.0625, 22
{'preprocess': 0.0011456012725830078, 'inference': 0.019195079803466797, 'postprocess': 0.004803895950317383}, 1752.0625, 22
{'preprocess': 0.0011560916900634766, 'inference': 0.018329620361328125, 'postprocess': 0.005108833312988281}, 1752.0625, 22
{'preprocess': 0.0009748935699462891, 'inference': 0.017264842987060547, 'postprocess': 0.005769014358520508}, 1752.0625, 22
{'preprocess': 0.0009815692901611328, 'inference': 0.01774883270263672, 'postprocess': 0.005808115005493164}, 1752.0625, 22
{'preprocess': 0.0011792182922363281, 'inference': 0.017029762268066406, 'postprocess': 0.005805253982543945}, 1752.0625, 22
{'preprocess': 0.0010232925415039062, 'inference': 0.01872873306274414, 'postprocess': 0.006088972091674805}, 1752.0625, 22
{'preprocess': 0.0009970664978027344, 'inference': 0.01714634895324707, 'postprocess': 0.0061914920806884766}, 1752.0625, 22
{'preprocess': 0.001146078109741211, 'inference': 0.020093441009521484, 'postprocess': 0.004404783248901367}, 1752.0625, 22
{'preprocess': 0.0009603500366210938, 'inference': 0.018047809600830078, 'postprocess': 0.008371353149414062}, 1752.0625, 22
{'preprocess': 0.0009722709655761719, 'inference': 0.01761031150817871, 'postprocess': 0.008063793182373047}, 1752.0625, 22
{'preprocess': 0.0009784698486328125, 'inference': 0.017918109893798828, 'postprocess': 0.0055768489837646484}, 1752.0625, 22
{'preprocess': 0.0011677742004394531, 'inference': 0.018359661102294922, 'postprocess': 0.004424333572387695}, 1752.0625, 22
{'preprocess': 0.0009951591491699219, 'inference': 0.01724839210510254, 'postprocess': 0.006402492523193359}, 1752.0625, 22
{'preprocess': 0.0010006427764892578, 'inference': 0.017136573791503906, 'postprocess': 0.005921602249145508}, 1752.0625, 48
{'preprocess': 0.00173187255859375, 'inference': 0.019756793975830078, 'postprocess': 0.004678249359130859}, 1752.0625, 48
{'preprocess': 0.0009644031524658203, 'inference': 0.017073392868041992, 'postprocess': 0.006166219711303711}, 1752.0625, 48
{'preprocess': 0.0009856224060058594, 'inference': 0.017300128936767578, 'postprocess': 0.006456613540649414}, 1752.0625, 48
{'preprocess': 0.0011951923370361328, 'inference': 0.019402027130126953, 'postprocess': 0.004853010177612305}, 1752.0625, 48
{'preprocess': 0.0009775161743164062, 'inference': 0.020964860916137695, 'postprocess': 0.004343271255493164}, 1752.0625, 48
{'preprocess': 0.00096893310546875, 'inference': 0.01929950714111328, 'postprocess': 0.005846977233886719}, 1752.0625, 48
{'preprocess': 0.0009703636169433594, 'inference': 0.018219470977783203, 'postprocess': 0.0064127445220947266}, 1752.0625, 48
{'preprocess': 0.0015566349029541016, 'inference': 0.017997264862060547, 'postprocess': 0.0050623416900634766}, 1752.0625, 48
{'preprocess': 0.00098419189453125, 'inference': 0.01738429069519043, 'postprocess': 0.006206035614013672}, 1752.0625, 48
{'preprocess': 0.0009891986846923828, 'inference': 0.017349958419799805, 'postprocess': 0.0055201053619384766}, 1752.0625, 48
{'preprocess': 0.0013551712036132812, 'inference': 0.02150416374206543, 'postprocess': 0.004654407501220703}, 1752.0625, 48
{'preprocess': 0.0009565353393554688, 'inference': 0.017472267150878906, 'postprocess': 0.007007122039794922}, 1752.0625, 48
{'preprocess': 0.000982522964477539, 'inference': 0.019365549087524414, 'postprocess': 0.00524449348449707}, 1752.0625, 48
{'preprocess': 0.0010631084442138672, 'inference': 0.017168760299682617, 'postprocess': 0.006716728210449219}, 1752.0625, 48
{'preprocess': 0.000980377197265625, 'inference': 0.01774311065673828, 'postprocess': 0.006347179412841797}, 1752.0625, 48
{'preprocess': 0.0009851455688476562, 'inference': 0.019406795501708984, 'postprocess': 0.005457878112792969}, 1752.0625, 48
{'preprocess': 0.0010056495666503906, 'inference': 0.017353057861328125, 'postprocess': 0.0058650970458984375}, 1752.0625, 48
{'preprocess': 0.0009856224060058594, 'inference': 0.017147302627563477, 'postprocess': 0.0061032772064208984}, 1752.0625, 48
{'preprocess': 0.000965118408203125, 'inference': 0.01702737808227539, 'postprocess': 0.005994558334350586}, 1752.0625, 48
{'preprocess': 0.0011560916900634766, 'inference': 0.01744818687438965, 'postprocess': 0.006158351898193359}, 1752.0625, 48
{'preprocess': 0.0009987354278564453, 'inference': 0.01782679557800293, 'postprocess': 0.0064754486083984375}, 1752.0625, 48
{'preprocess': 0.0009808540344238281, 'inference': 0.01823258399963379, 'postprocess': 0.005336761474609375}, 1752.0625, 48
{'preprocess': 0.0010979175567626953, 'inference': 0.01690220832824707, 'postprocess': 0.007938861846923828}, 1752.0625, 48
{'preprocess': 0.0011653900146484375, 'inference': 0.023784875869750977, 'postprocess': 0.004628181457519531}, 1752.0625, 48
{'preprocess': 0.00099945068359375, 'inference': 0.017525911331176758, 'postprocess': 0.006891012191772461}, 1752.0625, 48
{'preprocess': 0.0009682178497314453, 'inference': 0.01800990104675293, 'postprocess': 0.005454301834106445}, 1752.0625, 48
{'preprocess': 0.0010623931884765625, 'inference': 0.018892526626586914, 'postprocess': 0.005544900894165039}, 1752.0625, 48
{'preprocess': 0.0009915828704833984, 'inference': 0.021837711334228516, 'postprocess': 0.0048370361328125}, 1752.0625, 48
{'preprocess': 0.0009796619415283203, 'inference': 0.017789840698242188, 'postprocess': 0.008024454116821289}, 1752.0625, 48
{'preprocess': 0.0009763240814208984, 'inference': 0.017867088317871094, 'postprocess': 0.007604837417602539}, 1752.0625, 48
{'preprocess': 0.0009908676147460938, 'inference': 0.018307209014892578, 'postprocess': 0.004723548889160156}, 1752.0625, 48
{'preprocess': 0.0009744167327880859, 'inference': 0.01750779151916504, 'postprocess': 0.007237911224365234}, 1752.0625, 48
{'preprocess': 0.0009746551513671875, 'inference': 0.01699376106262207, 'postprocess': 0.006813764572143555}, 1752.0625, 48
{'preprocess': 0.0009961128234863281, 'inference': 0.018855571746826172, 'postprocess': 0.0051190853118896484}, 1752.0625, 48
{'preprocess': 0.0011544227600097656, 'inference': 0.018723726272583008, 'postprocess': 0.005762815475463867}, 1752.0625, 48
{'preprocess': 0.0009605884552001953, 'inference': 0.018030166625976562, 'postprocess': 0.006445407867431641}, 1752.0625, 48
{'preprocess': 0.0009763240814208984, 'inference': 0.019093990325927734, 'postprocess': 0.005447864532470703}, 1752.0625, 48
{'preprocess': 0.001154184341430664, 'inference': 0.01842641830444336, 'postprocess': 0.005053520202636719}, 1752.0625, 48
{'preprocess': 0.0009617805480957031, 'inference': 0.017493486404418945, 'postprocess': 0.00679326057434082}, 1752.0625, 48
{'preprocess': 0.0009615421295166016, 'inference': 0.01874375343322754, 'postprocess': 0.006545543670654297}, 1752.0625, 48
{'preprocess': 0.0010173320770263672, 'inference': 0.017382144927978516, 'postprocess': 0.007157325744628906}, 1752.0625, 48
{'preprocess': 0.0010228157043457031, 'inference': 0.017114877700805664, 'postprocess': 0.007232666015625}, 1752.0625, 48
{'preprocess': 0.0009505748748779297, 'inference': 0.01781153678894043, 'postprocess': 0.008252620697021484}, 1752.0625, 48
{'preprocess': 0.000978708267211914, 'inference': 0.01786947250366211, 'postprocess': 0.005533695220947266}, 1752.0625, 48
{'preprocess': 0.0013163089752197266, 'inference': 0.02003931999206543, 'postprocess': 0.0043773651123046875}, 1752.0625, 48
{'preprocess': 0.0009534358978271484, 'inference': 0.01780223846435547, 'postprocess': 0.0069200992584228516}, 1752.0625, 48
{'preprocess': 0.0009508132934570312, 'inference': 0.0209505558013916, 'postprocess': 0.005280494689941406}, 1752.0625, 48
{'preprocess': 0.0010025501251220703, 'inference': 0.017464637756347656, 'postprocess': 0.007218122482299805}, 1752.0625, 48
{'preprocess': 0.0013763904571533203, 'inference': 0.020082712173461914, 'postprocess': 0.004790782928466797}, 1752.0625, 48
{'preprocess': 0.0009567737579345703, 'inference': 0.01824188232421875, 'postprocess': 0.006350278854370117}, 1752.0625, 48
{'preprocess': 0.0009465217590332031, 'inference': 0.017746448516845703, 'postprocess': 0.007413387298583984}, 1752.0625, 48
{'preprocess': 0.0009679794311523438, 'inference': 0.01715826988220215, 'postprocess': 0.00558018684387207}, 1752.0625, 48
{'preprocess': 0.0009407997131347656, 'inference': 0.016575098037719727, 'postprocess': 0.0061168670654296875}, 1752.0625, 48
{'preprocess': 0.0009608268737792969, 'inference': 0.01760101318359375, 'postprocess': 0.007477760314941406}, 1752.0625, 48
{'preprocess': 0.0011031627655029297, 'inference': 0.01733231544494629, 'postprocess': 0.005125522613525391}, 1752.0625, 48
{'preprocess': 0.0009639263153076172, 'inference': 0.016906261444091797, 'postprocess': 0.007597923278808594}, 1752.0625, 48
{'preprocess': 0.0009415149688720703, 'inference': 0.017513275146484375, 'postprocess': 0.00519108772277832}, 1752.0625, 48
{'preprocess': 0.001622915267944336, 'inference': 0.0189821720123291, 'postprocess': 0.004700422286987305}, 1752.0625, 48
{'preprocess': 0.0009779930114746094, 'inference': 0.017284154891967773, 'postprocess': 0.007500410079956055}, 1752.0625, 48
{'preprocess': 0.0009412765502929688, 'inference': 0.018895626068115234, 'postprocess': 0.007384300231933594}, 1752.0625, 48
{'preprocess': 0.0010035037994384766, 'inference': 0.0186464786529541, 'postprocess': 0.0060613155364990234}, 1752.0625, 48
{'preprocess': 0.0012011528015136719, 'inference': 0.01827096939086914, 'postprocess': 0.005196332931518555}, 1752.0625, 48
{'preprocess': 0.0009686946868896484, 'inference': 0.018383502960205078, 'postprocess': 0.00653839111328125}, 1752.0625, 48
{'preprocess': 0.0009591579437255859, 'inference': 0.01756596565246582, 'postprocess': 0.005376577377319336}, 1752.0625, 48
{'preprocess': 0.0010876655578613281, 'inference': 0.020478487014770508, 'postprocess': 0.004974365234375}, 1752.0625, 48
{'preprocess': 0.0009586811065673828, 'inference': 0.017419815063476562, 'postprocess': 0.008110761642456055}, 1752.0625, 48
{'preprocess': 0.0009915828704833984, 'inference': 0.023909568786621094, 'postprocess': 0.00449824333190918}, 1752.0625, 48
{'preprocess': 0.0010478496551513672, 'inference': 0.017876386642456055, 'postprocess': 0.007357358932495117}, 1752.0625, 48
{'preprocess': 0.0009953975677490234, 'inference': 0.017673254013061523, 'postprocess': 0.005942344665527344}, 1752.0625, 48
{'preprocess': 0.0015888214111328125, 'inference': 0.019723176956176758, 'postprocess': 0.004594564437866211}, 1752.0625, 48
{'preprocess': 0.0009527206420898438, 'inference': 0.017075061798095703, 'postprocess': 0.006440639495849609}, 1752.0625, 48
{'preprocess': 0.0009646415710449219, 'inference': 0.0178220272064209, 'postprocess': 0.005872011184692383}, 1752.0625, 48
{'preprocess': 0.0012402534484863281, 'inference': 0.017212629318237305, 'postprocess': 0.005965709686279297}, 1752.0625, 48
{'preprocess': 0.0009932518005371094, 'inference': 0.01662302017211914, 'postprocess': 0.006886005401611328}, 1752.0625, 48
{'preprocess': 0.0009775161743164062, 'inference': 0.017789363861083984, 'postprocess': 0.0063343048095703125}, 1752.0625, 48
{'preprocess': 0.0011310577392578125, 'inference': 0.018044710159301758, 'postprocess': 0.005335092544555664}, 1752.0625, 48
{'preprocess': 0.0009758472442626953, 'inference': 0.018491029739379883, 'postprocess': 0.008073091506958008}, 1754.0625, 48
{'preprocess': 0.0009632110595703125, 'inference': 0.018099546432495117, 'postprocess': 0.007207393646240234}, 1754.0625, 48
{'preprocess': 0.0009844303131103516, 'inference': 0.018275976181030273, 'postprocess': 0.006131649017333984}, 1754.0625, 48
{'preprocess': 0.001453399658203125, 'inference': 0.018494606018066406, 'postprocess': 0.005434751510620117}, 1754.0625, 48
{'preprocess': 0.0009958744049072266, 'inference': 0.01795816421508789, 'postprocess': 0.006899595260620117}, 1754.0625, 48
{'preprocess': 0.0009725093841552734, 'inference': 0.018319368362426758, 'postprocess': 0.007550954818725586}, 1754.0625, 48
{'preprocess': 0.000980377197265625, 'inference': 0.0170743465423584, 'postprocess': 0.0057621002197265625}, 1754.0625, 48
{'preprocess': 0.0009675025939941406, 'inference': 0.01704239845275879, 'postprocess': 0.00793600082397461}, 1754.0625, 48
{'preprocess': 0.0009758472442626953, 'inference': 0.017006635665893555, 'postprocess': 0.0069217681884765625}, 1754.0625, 48
{'preprocess': 0.0009508132934570312, 'inference': 0.017278194427490234, 'postprocess': 0.007609367370605469}, 1754.0625, 48
{'preprocess': 0.0018303394317626953, 'inference': 0.019950389862060547, 'postprocess': 0.0048367977142333984}, 1754.0625, 48
{'preprocess': 0.0009596347808837891, 'inference': 0.018074989318847656, 'postprocess': 0.007008075714111328}, 1754.0625, 48
{'preprocess': 0.0009717941284179688, 'inference': 0.018788576126098633, 'postprocess': 0.004989147186279297}, 1754.0625, 48
{'preprocess': 0.0010905265808105469, 'inference': 0.01818990707397461, 'postprocess': 0.005667448043823242}, 1754.0625, 48
{'preprocess': 0.0010004043579101562, 'inference': 0.017176151275634766, 'postprocess': 0.006510019302368164}, 1754.0625, 48
{'preprocess': 0.0009875297546386719, 'inference': 0.01909923553466797, 'postprocess': 0.0070056915283203125}, 1754.0625, 48
{'preprocess': 0.0010194778442382812, 'inference': 0.018367528915405273, 'postprocess': 0.006303310394287109}, 1754.0625, 48
{'preprocess': 0.0018994808197021484, 'inference': 0.017531871795654297, 'postprocess': 0.005356311798095703}, 1754.0625, 48
{'preprocess': 0.0009324550628662109, 'inference': 0.020110130310058594, 'postprocess': 0.005881309509277344}, 1754.0625, 48
{'preprocess': 0.0009925365447998047, 'inference': 0.017360448837280273, 'postprocess': 0.005575656890869141}, 1754.0625, 48
{'preprocess': 0.0011785030364990234, 'inference': 0.020839929580688477, 'postprocess': 0.005054473876953125}, 1754.0625, 48
{'preprocess': 0.0017025470733642578, 'inference': 0.0203096866607666, 'postprocess': 0.0043222904205322266}, 1754.0625, 48
{'preprocess': 0.0009701251983642578, 'inference': 0.017519474029541016, 'postprocess': 0.008032798767089844}, 1754.0625, 48
{'preprocess': 0.0009937286376953125, 'inference': 0.01851058006286621, 'postprocess': 0.005728006362915039}, 1754.0625, 48
{'preprocess': 0.001102447509765625, 'inference': 0.01745295524597168, 'postprocess': 0.005012035369873047}, 1754.0625, 48
{'preprocess': 0.0009856224060058594, 'inference': 0.017172574996948242, 'postprocess': 0.008629798889160156}, 1754.0625, 48
{'preprocess': 0.0009808540344238281, 'inference': 0.018362760543823242, 'postprocess': 0.006466865539550781}, 1754.0625, 48
{'preprocess': 0.0009617805480957031, 'inference': 0.016513824462890625, 'postprocess': 0.006524085998535156}, 1754.0625, 48
{'preprocess': 0.0010068416595458984, 'inference': 0.01675128936767578, 'postprocess': 0.007930755615234375}, 1754.0625, 48
{'preprocess': 0.0009577274322509766, 'inference': 0.017586708068847656, 'postprocess': 0.006646871566772461}, 1754.0625, 48
{'preprocess': 0.0009744167327880859, 'inference': 0.017583131790161133, 'postprocess': 0.00635075569152832}, 1754.0625, 48
{'preprocess': 0.0010013580322265625, 'inference': 0.018793344497680664, 'postprocess': 0.005588054656982422}, 1754.0625, 48
{'preprocess': 0.0010149478912353516, 'inference': 0.021149396896362305, 'postprocess': 0.00529026985168457}, 1754.0625, 48
{'preprocess': 0.0009605884552001953, 'inference': 0.020101547241210938, 'postprocess': 0.006505250930786133}, 1754.0625, 48
{'preprocess': 0.0010104179382324219, 'inference': 0.01819133758544922, 'postprocess': 0.006888151168823242}, 1754.0625, 48
{'preprocess': 0.0012819766998291016, 'inference': 0.020102739334106445, 'postprocess': 0.00482487678527832}, 1754.0625, 48
{'preprocess': 0.0010101795196533203, 'inference': 0.017215490341186523, 'postprocess': 0.007378816604614258}, 1754.0625, 48
{'preprocess': 0.0009675025939941406, 'inference': 0.018253326416015625, 'postprocess': 0.007450103759765625}, 1754.0625, 48
{'preprocess': 0.0010020732879638672, 'inference': 0.0180206298828125, 'postprocess': 0.006389617919921875}, 1754.0625, 48
{'preprocess': 0.0018260478973388672, 'inference': 0.018861055374145508, 'postprocess': 0.004750490188598633}, 1754.0625, 48
{'preprocess': 0.0009648799896240234, 'inference': 0.017455339431762695, 'postprocess': 0.0074579715728759766}, 1754.0625, 48
{'preprocess': 0.0009644031524658203, 'inference': 0.017630815505981445, 'postprocess': 0.005212545394897461}, 1754.0625, 48
{'preprocess': 0.001512765884399414, 'inference': 0.01932215690612793, 'postprocess': 0.004839181900024414}, 1754.0625, 48
{'preprocess': 0.0009725093841552734, 'inference': 0.017911195755004883, 'postprocess': 0.006824970245361328}, 1754.0625, 48
{'preprocess': 0.00096893310546875, 'inference': 0.01736927032470703, 'postprocess': 0.008650064468383789}, 1754.0625, 48
{'preprocess': 0.0009827613830566406, 'inference': 0.017453908920288086, 'postprocess': 0.006886720657348633}, 1754.0625, 48
{'preprocess': 0.0015530586242675781, 'inference': 0.018794536590576172, 'postprocess': 0.0048065185546875}, 1754.0625, 48
{'preprocess': 0.0010137557983398438, 'inference': 0.017199993133544922, 'postprocess': 0.007212638854980469}, 1754.0625, 48
{'preprocess': 0.0009872913360595703, 'inference': 0.017226219177246094, 'postprocess': 0.0059661865234375}, 1754.0625, 48
{'preprocess': 0.0015366077423095703, 'inference': 0.018542766571044922, 'postprocess': 0.005617618560791016}, 1754.0625, 48
{'preprocess': 0.0009808540344238281, 'inference': 0.017328739166259766, 'postprocess': 0.007338285446166992}, 1754.0625, 48
{'preprocess': 0.0009987354278564453, 'inference': 0.017775297164916992, 'postprocess': 0.0071184635162353516}, 1754.0625, 48
{'preprocess': 0.0011110305786132812, 'inference': 0.017258167266845703, 'postprocess': 0.004600048065185547}, 1754.0625, 48
{'preprocess': 0.0010061264038085938, 'inference': 0.017792701721191406, 'postprocess': 0.005693912506103516}, 1754.0625, 48
{'preprocess': 0.0009999275207519531, 'inference': 0.017332077026367188, 'postprocess': 0.006887197494506836}, 1754.0625, 48
{'preprocess': 0.0012753009796142578, 'inference': 0.01758575439453125, 'postprocess': 0.006230354309082031}, 1754.0625, 48
{'preprocess': 0.001016855239868164, 'inference': 0.017361879348754883, 'postprocess': 0.0072972774505615234}, 1754.0625, 48
{'preprocess': 0.0010635852813720703, 'inference': 0.01909470558166504, 'postprocess': 0.00594019889831543}, 1754.0625, 48
{'preprocess': 0.0010149478912353516, 'inference': 0.01764965057373047, 'postprocess': 0.006864786148071289}, 1754.0625, 48
{'preprocess': 0.0010418891906738281, 'inference': 0.021701335906982422, 'postprocess': 0.004572629928588867}, 1754.0625, 48
{'preprocess': 0.0009965896606445312, 'inference': 0.017717838287353516, 'postprocess': 0.008936643600463867}, 1754.0625, 48
{'preprocess': 0.0009784698486328125, 'inference': 0.018803834915161133, 'postprocess': 0.006419658660888672}, 1754.0625, 48
{'preprocess': 0.0010223388671875, 'inference': 0.01902151107788086, 'postprocess': 0.00564265251159668}, 1754.0625, 48
{'preprocess': 0.0018792152404785156, 'inference': 0.020028352737426758, 'postprocess': 0.004969596862792969}, 1754.0625, 48
{'preprocess': 0.0010027885437011719, 'inference': 0.018004655838012695, 'postprocess': 0.008287191390991211}, 1754.0625, 48
{'preprocess': 0.0009489059448242188, 'inference': 0.017592430114746094, 'postprocess': 0.007102012634277344}, 1754.0625, 48
{'preprocess': 0.0009512901306152344, 'inference': 0.017621278762817383, 'postprocess': 0.0070858001708984375}, 1754.0625, 47
{'preprocess': 0.0012483596801757812, 'inference': 0.018077373504638672, 'postprocess': 0.004855155944824219}, 1754.0625, 47
{'preprocess': 0.0009398460388183594, 'inference': 0.021030902862548828, 'postprocess': 0.0057277679443359375}, 1754.0625, 47
{'preprocess': 0.000978231430053711, 'inference': 0.01738905906677246, 'postprocess': 0.008357524871826172}, 1754.0625, 47
{'preprocess': 0.0009911060333251953, 'inference': 0.017559289932250977, 'postprocess': 0.0068683624267578125}, 1754.0625, 47
{'preprocess': 0.0016825199127197266, 'inference': 0.02138519287109375, 'postprocess': 0.004194021224975586}, 1754.0625, 47
{'preprocess': 0.0009963512420654297, 'inference': 0.017322540283203125, 'postprocess': 0.007187843322753906}, 1754.0625, 47
-------------------------------------------------------
Torch, 1x5, yolov5n, 640x384, 100/200frames average time.
pre_multi: True
infer_multi: True
post_multi: True
Average preprocess: 0.0010876154899597168s
Average inference: 0.01822072982788086s
Average postprocess: 0.006319987773895264s
Average memory: 1753.5225MB
Average utilize: 47.93%


{'preprocess': 0.0011835098266601562, 'inference': 0.022334575653076172, 'postprocess': 0.005509376525878906}, 1537.9375, 8
{'preprocess': 0.0012273788452148438, 'inference': 0.02194952964782715, 'postprocess': 0.0050699710845947266}, 1610.9375, 8
{'preprocess': 0.0011174678802490234, 'inference': 0.019735097885131836, 'postprocess': 0.005486011505126953}, 1660.9375, 8
{'preprocess': 0.0016131401062011719, 'inference': 0.02223968505859375, 'postprocess': 0.004580974578857422}, 1711.9375, 8
{'preprocess': 0.0009789466857910156, 'inference': 0.018085479736328125, 'postprocess': 0.004775047302246094}, 1713.9375, 8
{'preprocess': 0.0010547637939453125, 'inference': 0.01831984519958496, 'postprocess': 0.004132986068725586}, 1713.9375, 8
{'preprocess': 0.0012166500091552734, 'inference': 0.017052650451660156, 'postprocess': 0.005428791046142578}, 1717.9375, 8
{'preprocess': 0.0009801387786865234, 'inference': 0.01710820198059082, 'postprocess': 0.005862712860107422}, 1717.9375, 8
{'preprocess': 0.0011241436004638672, 'inference': 0.01781630516052246, 'postprocess': 0.005115985870361328}, 1717.9375, 8
{'preprocess': 0.0010044574737548828, 'inference': 0.020381927490234375, 'postprocess': 0.005315303802490234}, 1717.9375, 8
{'preprocess': 0.0009746551513671875, 'inference': 0.01688671112060547, 'postprocess': 0.0066890716552734375}, 1717.9375, 8
{'preprocess': 0.0009706020355224609, 'inference': 0.018320798873901367, 'postprocess': 0.006208181381225586}, 1717.9375, 8
{'preprocess': 0.0010933876037597656, 'inference': 0.0180814266204834, 'postprocess': 0.0048236846923828125}, 1717.9375, 8
{'preprocess': 0.0009856224060058594, 'inference': 0.016838550567626953, 'postprocess': 0.006657838821411133}, 1717.9375, 8
{'preprocess': 0.0011744499206542969, 'inference': 0.018620729446411133, 'postprocess': 0.0051457881927490234}, 1719.9375, 8
{'preprocess': 0.0011343955993652344, 'inference': 0.01970648765563965, 'postprocess': 0.00505375862121582}, 1719.9375, 8
{'preprocess': 0.00098419189453125, 'inference': 0.020896196365356445, 'postprocess': 0.005629777908325195}, 1719.9375, 8
{'preprocess': 0.0009636878967285156, 'inference': 0.01844954490661621, 'postprocess': 0.006342887878417969}, 1719.9375, 8
{'preprocess': 0.0009572505950927734, 'inference': 0.017869949340820312, 'postprocess': 0.005121469497680664}, 1721.9375, 8
{'preprocess': 0.0013954639434814453, 'inference': 0.017651081085205078, 'postprocess': 0.0071866512298583984}, 1721.9375, 8
{'preprocess': 0.0009534358978271484, 'inference': 0.01735997200012207, 'postprocess': 0.007179737091064453}, 1721.9375, 8
{'preprocess': 0.0013175010681152344, 'inference': 0.01698017120361328, 'postprocess': 0.005601167678833008}, 1721.9375, 8
{'preprocess': 0.0012598037719726562, 'inference': 0.01800680160522461, 'postprocess': 0.006052732467651367}, 1721.9375, 8
{'preprocess': 0.0009696483612060547, 'inference': 0.017098665237426758, 'postprocess': 0.0059010982513427734}, 1721.9375, 8
{'preprocess': 0.001180887222290039, 'inference': 0.01805424690246582, 'postprocess': 0.005028486251831055}, 1721.9375, 8
{'preprocess': 0.001394033432006836, 'inference': 0.021346569061279297, 'postprocess': 0.005814790725708008}, 1721.9375, 8
{'preprocess': 0.001163482666015625, 'inference': 0.017708778381347656, 'postprocess': 0.0065038204193115234}, 1721.9375, 8
{'preprocess': 0.0009768009185791016, 'inference': 0.01903986930847168, 'postprocess': 0.0054967403411865234}, 1721.9375, 8
{'preprocess': 0.0009760856628417969, 'inference': 0.02013850212097168, 'postprocess': 0.005450010299682617}, 1721.9375, 8
{'preprocess': 0.0011637210845947266, 'inference': 0.020989418029785156, 'postprocess': 0.004485607147216797}, 1721.9375, 8
{'preprocess': 0.0009660720825195312, 'inference': 0.017642974853515625, 'postprocess': 0.005367279052734375}, 1721.9375, 8
{'preprocess': 0.0010039806365966797, 'inference': 0.0175936222076416, 'postprocess': 0.007799625396728516}, 1721.9375, 8
{'preprocess': 0.0009636878967285156, 'inference': 0.017048120498657227, 'postprocess': 0.007707834243774414}, 1721.9375, 8
{'preprocess': 0.0015521049499511719, 'inference': 0.018143892288208008, 'postprocess': 0.005628108978271484}, 1721.9375, 8
{'preprocess': 0.0009691715240478516, 'inference': 0.01706385612487793, 'postprocess': 0.0061893463134765625}, 1721.9375, 8
{'preprocess': 0.0010063648223876953, 'inference': 0.01877593994140625, 'postprocess': 0.005475759506225586}, 1721.9375, 48
{'preprocess': 0.0016357898712158203, 'inference': 0.017492294311523438, 'postprocess': 0.005749702453613281}, 1721.9375, 48
{'preprocess': 0.0009856224060058594, 'inference': 0.017414331436157227, 'postprocess': 0.0060803890228271484}, 1721.9375, 48
{'preprocess': 0.0010044574737548828, 'inference': 0.016782760620117188, 'postprocess': 0.005694866180419922}, 1721.9375, 48
{'preprocess': 0.0009949207305908203, 'inference': 0.017772436141967773, 'postprocess': 0.0071506500244140625}, 1721.9375, 48
{'preprocess': 0.0010156631469726562, 'inference': 0.017539024353027344, 'postprocess': 0.007289886474609375}, 1721.9375, 48
{'preprocess': 0.0010042190551757812, 'inference': 0.016820669174194336, 'postprocess': 0.007443666458129883}, 1721.9375, 48
{'preprocess': 0.0018095970153808594, 'inference': 0.0197906494140625, 'postprocess': 0.00488591194152832}, 1721.9375, 48
{'preprocess': 0.0009434223175048828, 'inference': 0.019333839416503906, 'postprocess': 0.006160736083984375}, 1721.9375, 48
{'preprocess': 0.0010292530059814453, 'inference': 0.021044254302978516, 'postprocess': 0.005075693130493164}, 1721.9375, 48
{'preprocess': 0.0009908676147460938, 'inference': 0.017765045166015625, 'postprocess': 0.00663447380065918}, 1721.9375, 48
{'preprocess': 0.0017292499542236328, 'inference': 0.017767667770385742, 'postprocess': 0.006821632385253906}, 1721.9375, 48
{'preprocess': 0.0009899139404296875, 'inference': 0.017205476760864258, 'postprocess': 0.006220817565917969}, 1721.9375, 48
{'preprocess': 0.000982522964477539, 'inference': 0.017708778381347656, 'postprocess': 0.007093667984008789}, 1721.9375, 48
{'preprocess': 0.0011866092681884766, 'inference': 0.019632577896118164, 'postprocess': 0.004735469818115234}, 1721.9375, 48
{'preprocess': 0.0009734630584716797, 'inference': 0.01803755760192871, 'postprocess': 0.006892681121826172}, 1721.9375, 48
{'preprocess': 0.0010266304016113281, 'inference': 0.019362926483154297, 'postprocess': 0.005515098571777344}, 1721.9375, 48
{'preprocess': 0.000997781753540039, 'inference': 0.01881861686706543, 'postprocess': 0.005450010299682617}, 1721.9375, 48
{'preprocess': 0.0015804767608642578, 'inference': 0.019022464752197266, 'postprocess': 0.0047626495361328125}, 1721.9375, 48
{'preprocess': 0.0009665489196777344, 'inference': 0.01697373390197754, 'postprocess': 0.007993221282958984}, 1721.9375, 48
{'preprocess': 0.000986337661743164, 'inference': 0.017977476119995117, 'postprocess': 0.007636070251464844}, 1721.9375, 48
{'preprocess': 0.0010221004486083984, 'inference': 0.01679849624633789, 'postprocess': 0.005609035491943359}, 1721.9375, 48
{'preprocess': 0.0009703636169433594, 'inference': 0.016765832901000977, 'postprocess': 0.007657766342163086}, 1721.9375, 48
{'preprocess': 0.0009801387786865234, 'inference': 0.017243146896362305, 'postprocess': 0.008275508880615234}, 1721.9375, 48
{'preprocess': 0.0010068416595458984, 'inference': 0.01775646209716797, 'postprocess': 0.004865884780883789}, 1721.9375, 48
{'preprocess': 0.0009553432464599609, 'inference': 0.017931222915649414, 'postprocess': 0.006858110427856445}, 1721.9375, 48
{'preprocess': 0.0010645389556884766, 'inference': 0.018171072006225586, 'postprocess': 0.0068056583404541016}, 1721.9375, 48
{'preprocess': 0.0009779930114746094, 'inference': 0.016997814178466797, 'postprocess': 0.005970478057861328}, 1721.9375, 48
{'preprocess': 0.0009875297546386719, 'inference': 0.018845081329345703, 'postprocess': 0.005683183670043945}, 1721.9375, 48
{'preprocess': 0.0009987354278564453, 'inference': 0.020730257034301758, 'postprocess': 0.005995035171508789}, 1721.9375, 48
{'preprocess': 0.000985860824584961, 'inference': 0.01972198486328125, 'postprocess': 0.004741191864013672}, 1721.9375, 48
{'preprocess': 0.0012149810791015625, 'inference': 0.02015852928161621, 'postprocess': 0.004601955413818359}, 1721.9375, 48
{'preprocess': 0.0009777545928955078, 'inference': 0.019252300262451172, 'postprocess': 0.005555391311645508}, 1721.9375, 48
{'preprocess': 0.0009853839874267578, 'inference': 0.0207216739654541, 'postprocess': 0.0050699710845947266}, 1721.9375, 48
{'preprocess': 0.0009906291961669922, 'inference': 0.017759084701538086, 'postprocess': 0.006438732147216797}, 1721.9375, 48
{'preprocess': 0.0011446475982666016, 'inference': 0.018302202224731445, 'postprocess': 0.005132198333740234}, 1721.9375, 48
{'preprocess': 0.0009989738464355469, 'inference': 0.018218517303466797, 'postprocess': 0.0061953067779541016}, 1721.9375, 48
{'preprocess': 0.0010304450988769531, 'inference': 0.0186920166015625, 'postprocess': 0.006198883056640625}, 1721.9375, 48
{'preprocess': 0.0011093616485595703, 'inference': 0.019431114196777344, 'postprocess': 0.005033969879150391}, 1721.9375, 48
{'preprocess': 0.0010154247283935547, 'inference': 0.01786518096923828, 'postprocess': 0.0058498382568359375}, 1721.9375, 48
{'preprocess': 0.0010638236999511719, 'inference': 0.017850637435913086, 'postprocess': 0.005414009094238281}, 1721.9375, 48
{'preprocess': 0.0010137557983398438, 'inference': 0.01769232749938965, 'postprocess': 0.0052187442779541016}, 1721.9375, 48
{'preprocess': 0.0009932518005371094, 'inference': 0.01787114143371582, 'postprocess': 0.005233049392700195}, 1721.9375, 48
{'preprocess': 0.0009829998016357422, 'inference': 0.018093585968017578, 'postprocess': 0.007347583770751953}, 1721.9375, 48
{'preprocess': 0.0010685920715332031, 'inference': 0.018453598022460938, 'postprocess': 0.005623340606689453}, 1721.9375, 48
{'preprocess': 0.0009908676147460938, 'inference': 0.019394874572753906, 'postprocess': 0.008716344833374023}, 1721.9375, 48
{'preprocess': 0.0010426044464111328, 'inference': 0.020450115203857422, 'postprocess': 0.005476236343383789}, 1721.9375, 48
{'preprocess': 0.0009636878967285156, 'inference': 0.01865696907043457, 'postprocess': 0.0062100887298583984}, 1721.9375, 48
{'preprocess': 0.00098419189453125, 'inference': 0.018325090408325195, 'postprocess': 0.0060939788818359375}, 1721.9375, 48
{'preprocess': 0.0012407302856445312, 'inference': 0.017081737518310547, 'postprocess': 0.006175041198730469}, 1721.9375, 48
{'preprocess': 0.0009775161743164062, 'inference': 0.01700425148010254, 'postprocess': 0.007495880126953125}, 1721.9375, 48
{'preprocess': 0.0009648799896240234, 'inference': 0.019656896591186523, 'postprocess': 0.004904508590698242}, 1721.9375, 48
{'preprocess': 0.0012023448944091797, 'inference': 0.017668962478637695, 'postprocess': 0.006518125534057617}, 1721.9375, 48
{'preprocess': 0.0009644031524658203, 'inference': 0.01799750328063965, 'postprocess': 0.0065610408782958984}, 1721.9375, 48
{'preprocess': 0.0010383129119873047, 'inference': 0.02185535430908203, 'postprocess': 0.005026102066040039}, 1721.9375, 48
{'preprocess': 0.0009517669677734375, 'inference': 0.017830848693847656, 'postprocess': 0.005842447280883789}, 1721.9375, 48
{'preprocess': 0.0011637210845947266, 'inference': 0.02095508575439453, 'postprocess': 0.004572391510009766}, 1721.9375, 48
{'preprocess': 0.0010101795196533203, 'inference': 0.018260717391967773, 'postprocess': 0.006860017776489258}, 1721.9375, 48
{'preprocess': 0.0009768009185791016, 'inference': 0.017650127410888672, 'postprocess': 0.007497310638427734}, 1721.9375, 48
{'preprocess': 0.0009620189666748047, 'inference': 0.02061152458190918, 'postprocess': 0.004451274871826172}, 1721.9375, 48
{'preprocess': 0.0011181831359863281, 'inference': 0.019696712493896484, 'postprocess': 0.004656076431274414}, 1721.9375, 48
{'preprocess': 0.0009877681732177734, 'inference': 0.01698923110961914, 'postprocess': 0.006061077117919922}, 1721.9375, 48
{'preprocess': 0.0009663105010986328, 'inference': 0.018036603927612305, 'postprocess': 0.0072345733642578125}, 1721.9375, 48
{'preprocess': 0.0010046958923339844, 'inference': 0.017696380615234375, 'postprocess': 0.006194591522216797}, 1721.9375, 48
{'preprocess': 0.0009691715240478516, 'inference': 0.017406225204467773, 'postprocess': 0.006314992904663086}, 1721.9375, 48
{'preprocess': 0.0009429454803466797, 'inference': 0.01854991912841797, 'postprocess': 0.005301237106323242}, 1721.9375, 48
{'preprocess': 0.0010800361633300781, 'inference': 0.017638206481933594, 'postprocess': 0.00638580322265625}, 1721.9375, 48
{'preprocess': 0.0009453296661376953, 'inference': 0.016684770584106445, 'postprocess': 0.007662296295166016}, 1721.9375, 48
{'preprocess': 0.001016855239868164, 'inference': 0.01662278175354004, 'postprocess': 0.006768941879272461}, 1721.9375, 48
{'preprocess': 0.0010192394256591797, 'inference': 0.0169064998626709, 'postprocess': 0.0056226253509521484}, 1721.9375, 48
{'preprocess': 0.0009472370147705078, 'inference': 0.01731395721435547, 'postprocess': 0.006978511810302734}, 1721.9375, 48
{'preprocess': 0.0009660720825195312, 'inference': 0.017511606216430664, 'postprocess': 0.005791664123535156}, 1721.9375, 48
{'preprocess': 0.0012271404266357422, 'inference': 0.024895191192626953, 'postprocess': 0.004914760589599609}, 1721.9375, 48
{'preprocess': 0.0010263919830322266, 'inference': 0.018947362899780273, 'postprocess': 0.0048542022705078125}, 1721.9375, 48
{'preprocess': 0.0009882450103759766, 'inference': 0.01835322380065918, 'postprocess': 0.006323814392089844}, 1723.9375, 48
{'preprocess': 0.0009660720825195312, 'inference': 0.019320249557495117, 'postprocess': 0.00511932373046875}, 1723.9375, 48
{'preprocess': 0.0009608268737792969, 'inference': 0.01700568199157715, 'postprocess': 0.005929231643676758}, 1723.9375, 48
{'preprocess': 0.0009417533874511719, 'inference': 0.017985105514526367, 'postprocess': 0.006765842437744141}, 1723.9375, 48
{'preprocess': 0.0009567737579345703, 'inference': 0.017415523529052734, 'postprocess': 0.007006406784057617}, 1723.9375, 48
{'preprocess': 0.0009484291076660156, 'inference': 0.0173037052154541, 'postprocess': 0.006867408752441406}, 1723.9375, 48
{'preprocess': 0.0015895366668701172, 'inference': 0.019217729568481445, 'postprocess': 0.004500865936279297}, 1723.9375, 48
{'preprocess': 0.0009491443634033203, 'inference': 0.0167691707611084, 'postprocess': 0.00802159309387207}, 1723.9375, 48
{'preprocess': 0.0012700557708740234, 'inference': 0.021920204162597656, 'postprocess': 0.005997657775878906}, 1723.9375, 48
{'preprocess': 0.0009951591491699219, 'inference': 0.019687891006469727, 'postprocess': 0.00489044189453125}, 1723.9375, 48
{'preprocess': 0.001260995864868164, 'inference': 0.01972794532775879, 'postprocess': 0.0046770572662353516}, 1723.9375, 48
{'preprocess': 0.0009601116180419922, 'inference': 0.01715397834777832, 'postprocess': 0.006958723068237305}, 1723.9375, 48
{'preprocess': 0.0009608268737792969, 'inference': 0.019274473190307617, 'postprocess': 0.005578279495239258}, 1723.9375, 48
{'preprocess': 0.001016378402709961, 'inference': 0.01736927032470703, 'postprocess': 0.0054700374603271484}, 1723.9375, 48
{'preprocess': 0.0009748935699462891, 'inference': 0.017522573471069336, 'postprocess': 0.007539272308349609}, 1723.9375, 48
{'preprocess': 0.0010180473327636719, 'inference': 0.017261981964111328, 'postprocess': 0.005750417709350586}, 1723.9375, 48
{'preprocess': 0.0011415481567382812, 'inference': 0.019052743911743164, 'postprocess': 0.0047435760498046875}, 1723.9375, 48
{'preprocess': 0.0009670257568359375, 'inference': 0.01855015754699707, 'postprocess': 0.005906581878662109}, 1723.9375, 48
{'preprocess': 0.0010080337524414062, 'inference': 0.018538713455200195, 'postprocess': 0.006597280502319336}, 1723.9375, 48
{'preprocess': 0.0010173320770263672, 'inference': 0.01752305030822754, 'postprocess': 0.0069637298583984375}, 1723.9375, 48
{'preprocess': 0.0017833709716796875, 'inference': 0.018622398376464844, 'postprocess': 0.005159854888916016}, 1723.9375, 48
{'preprocess': 0.0009617805480957031, 'inference': 0.01847362518310547, 'postprocess': 0.006672382354736328}, 1723.9375, 48
{'preprocess': 0.0009946823120117188, 'inference': 0.01757645606994629, 'postprocess': 0.0057086944580078125}, 1723.9375, 48
{'preprocess': 0.0011229515075683594, 'inference': 0.017876625061035156, 'postprocess': 0.0051915645599365234}, 1723.9375, 48
{'preprocess': 0.0009703636169433594, 'inference': 0.01710820198059082, 'postprocess': 0.0069217681884765625}, 1723.9375, 48
{'preprocess': 0.0009806156158447266, 'inference': 0.017252445220947266, 'postprocess': 0.005609273910522461}, 1723.9375, 48
{'preprocess': 0.0017039775848388672, 'inference': 0.017090797424316406, 'postprocess': 0.0057260990142822266}, 1723.9375, 48
{'preprocess': 0.0009474754333496094, 'inference': 0.017183780670166016, 'postprocess': 0.008272171020507812}, 1723.9375, 48
{'preprocess': 0.00096893310546875, 'inference': 0.01826620101928711, 'postprocess': 0.005015134811401367}, 1723.9375, 48
{'preprocess': 0.0011818408966064453, 'inference': 0.016962051391601562, 'postprocess': 0.00643157958984375}, 1723.9375, 48
{'preprocess': 0.0009980201721191406, 'inference': 0.01786065101623535, 'postprocess': 0.005400180816650391}, 1723.9375, 48
{'preprocess': 0.0009903907775878906, 'inference': 0.018511295318603516, 'postprocess': 0.0056591033935546875}, 1723.9375, 48
{'preprocess': 0.001172780990600586, 'inference': 0.01804661750793457, 'postprocess': 0.0051043033599853516}, 1723.9375, 48
{'preprocess': 0.0009942054748535156, 'inference': 0.017643213272094727, 'postprocess': 0.007245540618896484}, 1723.9375, 48
{'preprocess': 0.0009489059448242188, 'inference': 0.022568225860595703, 'postprocess': 0.0047304630279541016}, 1723.9375, 48
{'preprocess': 0.0009889602661132812, 'inference': 0.01745438575744629, 'postprocess': 0.00530552864074707}, 1723.9375, 48
{'preprocess': 0.0009810924530029297, 'inference': 0.02136063575744629, 'postprocess': 0.004549980163574219}, 1723.9375, 48
{'preprocess': 0.0009818077087402344, 'inference': 0.019454479217529297, 'postprocess': 0.005699872970581055}, 1723.9375, 48
{'preprocess': 0.0009586811065673828, 'inference': 0.01735663414001465, 'postprocess': 0.005761623382568359}, 1723.9375, 48
{'preprocess': 0.001316070556640625, 'inference': 0.017888545989990234, 'postprocess': 0.0055065155029296875}, 1723.9375, 48
{'preprocess': 0.0009810924530029297, 'inference': 0.019243478775024414, 'postprocess': 0.0053577423095703125}, 1723.9375, 48
{'preprocess': 0.0009768009185791016, 'inference': 0.01756739616394043, 'postprocess': 0.006654977798461914}, 1723.9375, 48
{'preprocess': 0.0012421607971191406, 'inference': 0.01801300048828125, 'postprocess': 0.005874156951904297}, 1723.9375, 48
{'preprocess': 0.0009777545928955078, 'inference': 0.016628265380859375, 'postprocess': 0.006277561187744141}, 1723.9375, 48
{'preprocess': 0.0010030269622802734, 'inference': 0.01789093017578125, 'postprocess': 0.00698399543762207}, 1723.9375, 48
{'preprocess': 0.0011470317840576172, 'inference': 0.020291566848754883, 'postprocess': 0.004494190216064453}, 1723.9375, 48
{'preprocess': 0.0013127326965332031, 'inference': 0.020436763763427734, 'postprocess': 0.004678487777709961}, 1723.9375, 48
{'preprocess': 0.0009765625, 'inference': 0.017834901809692383, 'postprocess': 0.005429744720458984}, 1723.9375, 48
{'preprocess': 0.0009982585906982422, 'inference': 0.01679062843322754, 'postprocess': 0.007778167724609375}, 1723.9375, 48
{'preprocess': 0.0012054443359375, 'inference': 0.01863574981689453, 'postprocess': 0.004841327667236328}, 1723.9375, 48
{'preprocess': 0.0009906291961669922, 'inference': 0.017133235931396484, 'postprocess': 0.007539510726928711}, 1723.9375, 48
{'preprocess': 0.0009546279907226562, 'inference': 0.018309831619262695, 'postprocess': 0.006891489028930664}, 1723.9375, 48
{'preprocess': 0.0010459423065185547, 'inference': 0.016527175903320312, 'postprocess': 0.0059299468994140625}, 1723.9375, 48
{'preprocess': 0.000982522964477539, 'inference': 0.017658710479736328, 'postprocess': 0.00561833381652832}, 1723.9375, 48
{'preprocess': 0.0009837150573730469, 'inference': 0.017048120498657227, 'postprocess': 0.0059049129486083984}, 1723.9375, 48
{'preprocess': 0.0016679763793945312, 'inference': 0.01685810089111328, 'postprocess': 0.006604909896850586}, 1723.9375, 48
{'preprocess': 0.0009512901306152344, 'inference': 0.017908334732055664, 'postprocess': 0.007033109664916992}, 1723.9375, 48
{'preprocess': 0.0009653568267822266, 'inference': 0.017722606658935547, 'postprocess': 0.006879329681396484}, 1723.9375, 48
{'preprocess': 0.0012373924255371094, 'inference': 0.01724553108215332, 'postprocess': 0.005085945129394531}, 1723.9375, 48
{'preprocess': 0.0009808540344238281, 'inference': 0.018571138381958008, 'postprocess': 0.005471944808959961}, 1723.9375, 48
{'preprocess': 0.0009553432464599609, 'inference': 0.01802539825439453, 'postprocess': 0.0062236785888671875}, 1723.9375, 48
{'preprocess': 0.0011446475982666016, 'inference': 0.0186767578125, 'postprocess': 0.004724025726318359}, 1723.9375, 48
{'preprocess': 0.0009620189666748047, 'inference': 0.017046213150024414, 'postprocess': 0.008083820343017578}, 1723.9375, 48
{'preprocess': 0.001047372817993164, 'inference': 0.017269372940063477, 'postprocess': 0.007427692413330078}, 1723.9375, 48
{'preprocess': 0.001018524169921875, 'inference': 0.01776432991027832, 'postprocess': 0.006552219390869141}, 1723.9375, 48
{'preprocess': 0.001214742660522461, 'inference': 0.01751232147216797, 'postprocess': 0.0062520503997802734}, 1723.9375, 48
{'preprocess': 0.0009667873382568359, 'inference': 0.016968727111816406, 'postprocess': 0.007406711578369141}, 1723.9375, 48
{'preprocess': 0.0009884834289550781, 'inference': 0.01905226707458496, 'postprocess': 0.005916595458984375}, 1723.9375, 48
{'preprocess': 0.0011470317840576172, 'inference': 0.01999640464782715, 'postprocess': 0.004598855972290039}, 1723.9375, 48
{'preprocess': 0.0010271072387695312, 'inference': 0.017696619033813477, 'postprocess': 0.006857872009277344}, 1723.9375, 48
{'preprocess': 0.0010170936584472656, 'inference': 0.017762184143066406, 'postprocess': 0.005954742431640625}, 1723.9375, 48
{'preprocess': 0.001039743423461914, 'inference': 0.017437458038330078, 'postprocess': 0.006499767303466797}, 1723.9375, 48
{'preprocess': 0.0010187625885009766, 'inference': 0.017382144927978516, 'postprocess': 0.005974769592285156}, 1723.9375, 48
{'preprocess': 0.0010063648223876953, 'inference': 0.018210172653198242, 'postprocess': 0.007153034210205078}, 1723.9375, 48
{'preprocess': 0.0010099411010742188, 'inference': 0.01703166961669922, 'postprocess': 0.005658149719238281}, 1723.9375, 48
{'preprocess': 0.0010178089141845703, 'inference': 0.01687765121459961, 'postprocess': 0.006144523620605469}, 1723.9375, 48
{'preprocess': 0.0009872913360595703, 'inference': 0.017511844635009766, 'postprocess': 0.0056302547454833984}, 1723.9375, 48
{'preprocess': 0.0011687278747558594, 'inference': 0.017940759658813477, 'postprocess': 0.005652189254760742}, 1723.9375, 48
{'preprocess': 0.0009636878967285156, 'inference': 0.01702404022216797, 'postprocess': 0.0059854984283447266}, 1723.9375, 48
{'preprocess': 0.0010135173797607422, 'inference': 0.01853489875793457, 'postprocess': 0.00637054443359375}, 1723.9375, 48
{'preprocess': 0.0012934207916259766, 'inference': 0.01749873161315918, 'postprocess': 0.0058972835540771484}, 1723.9375, 48
{'preprocess': 0.0009648799896240234, 'inference': 0.017149925231933594, 'postprocess': 0.005823612213134766}, 1723.9375, 48
{'preprocess': 0.0009555816650390625, 'inference': 0.019700050354003906, 'postprocess': 0.005841255187988281}, 1723.9375, 48
{'preprocess': 0.001341104507446289, 'inference': 0.021554231643676758, 'postprocess': 0.005027055740356445}, 1723.9375, 48
{'preprocess': 0.0011408329010009766, 'inference': 0.02267003059387207, 'postprocess': 0.004311800003051758}, 1723.9375, 48
{'preprocess': 0.0015251636505126953, 'inference': 0.01814746856689453, 'postprocess': 0.005688905715942383}, 1723.9375, 48
{'preprocess': 0.0009715557098388672, 'inference': 0.02209949493408203, 'postprocess': 0.006041049957275391}, 1723.9375, 48
{'preprocess': 0.001016378402709961, 'inference': 0.018535614013671875, 'postprocess': 0.0058515071868896484}, 1723.9375, 48
{'preprocess': 0.0010340213775634766, 'inference': 0.01876211166381836, 'postprocess': 0.005610227584838867}, 1723.9375, 48
-------------------------------------------------------
Torch, 1x5, yolov5n, 640x384, 200frames average time.
pre_multi: True
infer_multi: True
post_multi: True
Average preprocess: 0.001065223217010498s
Average inference: 0.018218379020690918s
Average postprocess: 0.006005582809448243s
Average memory: 1723.7175MB
Average utilize: 48.0%
{'preprocess': 0.0011980533599853516, 'inference': 0.03732800483703613, 'postprocess': 0.006678104400634766}, 1499.9375, 7
{'preprocess': 0.0010459423065185547, 'inference': 0.0319058895111084, 'postprocess': 0.006300926208496094}, 1527.9375, 7
{'preprocess': 0.0009698867797851562, 'inference': 0.03126645088195801, 'postprocess': 0.0069959163665771484}, 1527.9375, 7
{'preprocess': 0.0009884834289550781, 'inference': 0.03125429153442383, 'postprocess': 0.006356954574584961}, 1527.9375, 7
{'preprocess': 0.0009667873382568359, 'inference': 0.0313715934753418, 'postprocess': 0.0070552825927734375}, 1527.9375, 7
{'preprocess': 0.0010678768157958984, 'inference': 0.031275272369384766, 'postprocess': 0.0063822269439697266}, 1527.9375, 7
{'preprocess': 0.000990152359008789, 'inference': 0.031214237213134766, 'postprocess': 0.006497383117675781}, 1527.9375, 7
{'preprocess': 0.0012478828430175781, 'inference': 0.031209707260131836, 'postprocess': 0.006406068801879883}, 1527.9375, 7
{'preprocess': 0.0009665489196777344, 'inference': 0.0311734676361084, 'postprocess': 0.0070629119873046875}, 1527.9375, 7
{'preprocess': 0.001432180404663086, 'inference': 0.03110980987548828, 'postprocess': 0.006361246109008789}, 1527.9375, 7
{'preprocess': 0.0009732246398925781, 'inference': 0.031327009201049805, 'postprocess': 0.007018566131591797}, 1527.9375, 7
{'preprocess': 0.0010712146759033203, 'inference': 0.031090974807739258, 'postprocess': 0.0062923431396484375}, 1527.9375, 7
{'preprocess': 0.0010726451873779297, 'inference': 0.03141593933105469, 'postprocess': 0.006715297698974609}, 1527.9375, 7
{'preprocess': 0.0009906291961669922, 'inference': 0.0310208797454834, 'postprocess': 0.006304025650024414}, 1527.9375, 7
{'preprocess': 0.0010313987731933594, 'inference': 0.0312955379486084, 'postprocess': 0.006478786468505859}, 1527.9375, 7
{'preprocess': 0.0009653568267822266, 'inference': 0.03136897087097168, 'postprocess': 0.0063059329986572266}, 1527.9375, 28
{'preprocess': 0.0010361671447753906, 'inference': 0.031203031539916992, 'postprocess': 0.006440401077270508}, 1527.9375, 28
{'preprocess': 0.0009927749633789062, 'inference': 0.031084775924682617, 'postprocess': 0.00629734992980957}, 1527.9375, 28
{'preprocess': 0.0010256767272949219, 'inference': 0.031279563903808594, 'postprocess': 0.006482362747192383}, 1527.9375, 28
{'preprocess': 0.0009410381317138672, 'inference': 0.031186580657958984, 'postprocess': 0.006822824478149414}, 1527.9375, 28
{'preprocess': 0.00101470947265625, 'inference': 0.03128671646118164, 'postprocess': 0.006510019302368164}, 1527.9375, 28
{'preprocess': 0.000980377197265625, 'inference': 0.03131508827209473, 'postprocess': 0.006720781326293945}, 1527.9375, 28
{'preprocess': 0.0009708404541015625, 'inference': 0.031332969665527344, 'postprocess': 0.0065004825592041016}, 1527.9375, 28
{'preprocess': 0.0009739398956298828, 'inference': 0.03181123733520508, 'postprocess': 0.006756782531738281}, 1527.9375, 28
{'preprocess': 0.0014789104461669922, 'inference': 0.03153038024902344, 'postprocess': 0.006559848785400391}, 1529.9375, 28
{'preprocess': 0.0009832382202148438, 'inference': 0.03136134147644043, 'postprocess': 0.0070188045501708984}, 1529.9375, 28
{'preprocess': 0.0011234283447265625, 'inference': 0.031323909759521484, 'postprocess': 0.006441354751586914}, 1529.9375, 28
{'preprocess': 0.0012388229370117188, 'inference': 0.03124213218688965, 'postprocess': 0.006879568099975586}, 1529.9375, 28
{'preprocess': 0.0010118484497070312, 'inference': 0.03131461143493652, 'postprocess': 0.006437063217163086}, 1529.9375, 28
{'preprocess': 0.0010399818420410156, 'inference': 0.03132772445678711, 'postprocess': 0.0065135955810546875}, 1529.9375, 28
{'preprocess': 0.0009877681732177734, 'inference': 0.031334638595581055, 'postprocess': 0.006425380706787109}, 1529.9375, 28
{'preprocess': 0.0010459423065185547, 'inference': 0.03136110305786133, 'postprocess': 0.006482839584350586}, 1529.9375, 28
{'preprocess': 0.0009708404541015625, 'inference': 0.03134012222290039, 'postprocess': 0.007152557373046875}, 1529.9375, 28
{'preprocess': 0.0009865760803222656, 'inference': 0.03140711784362793, 'postprocess': 0.0065119266510009766}, 1529.9375, 28
{'preprocess': 0.0009827613830566406, 'inference': 0.03133702278137207, 'postprocess': 0.0071332454681396484}, 1529.9375, 28
{'preprocess': 0.0012476444244384766, 'inference': 0.03141951560974121, 'postprocess': 0.006553173065185547}, 1529.9375, 28
{'preprocess': 0.0009870529174804688, 'inference': 0.03131437301635742, 'postprocess': 0.006999015808105469}, 1529.9375, 28
{'preprocess': 0.0012276172637939453, 'inference': 0.03132820129394531, 'postprocess': 0.0064051151275634766}, 1529.9375, 28
{'preprocess': 0.0013980865478515625, 'inference': 0.031313419342041016, 'postprocess': 0.0070989131927490234}, 1529.9375, 28
{'preprocess': 0.0011000633239746094, 'inference': 0.03144240379333496, 'postprocess': 0.0064563751220703125}, 1529.9375, 39
{'preprocess': 0.0010919570922851562, 'inference': 0.03131389617919922, 'postprocess': 0.006627559661865234}, 1529.9375, 39
{'preprocess': 0.0010251998901367188, 'inference': 0.031201839447021484, 'postprocess': 0.0064487457275390625}, 1529.9375, 39
{'preprocess': 0.0010864734649658203, 'inference': 0.03126120567321777, 'postprocess': 0.00654911994934082}, 1529.9375, 39
{'preprocess': 0.0009596347808837891, 'inference': 0.03123188018798828, 'postprocess': 0.0066680908203125}, 1529.9375, 39
{'preprocess': 0.0010530948638916016, 'inference': 0.03127646446228027, 'postprocess': 0.006582975387573242}, 1529.9375, 39
{'preprocess': 0.0010151863098144531, 'inference': 0.03136873245239258, 'postprocess': 0.006758928298950195}, 1529.9375, 39
{'preprocess': 0.0010154247283935547, 'inference': 0.031411170959472656, 'postprocess': 0.006608247756958008}, 1529.9375, 39
{'preprocess': 0.0010075569152832031, 'inference': 0.0313878059387207, 'postprocess': 0.006916999816894531}, 1529.9375, 39
{'preprocess': 0.002131938934326172, 'inference': 0.03179335594177246, 'postprocess': 0.006532430648803711}, 1529.9375, 39
{'preprocess': 0.0013468265533447266, 'inference': 0.03143811225891113, 'postprocess': 0.007132053375244141}, 1529.9375, 39
{'preprocess': 0.0010402202606201172, 'inference': 0.03119349479675293, 'postprocess': 0.00650787353515625}, 1529.9375, 39
{'preprocess': 0.0010669231414794922, 'inference': 0.03144431114196777, 'postprocess': 0.006530284881591797}, 1529.9375, 39
{'preprocess': 0.001010894775390625, 'inference': 0.03210043907165527, 'postprocess': 0.007158994674682617}, 1529.9375, 39
{'preprocess': 0.0009832382202148438, 'inference': 0.03130030632019043, 'postprocess': 0.006551980972290039}, 1529.9375, 39
{'preprocess': 0.0010066032409667969, 'inference': 0.03120136260986328, 'postprocess': 0.007161140441894531}, 1529.9375, 39
{'preprocess': 0.0012807846069335938, 'inference': 0.031267642974853516, 'postprocess': 0.006598711013793945}, 1529.9375, 39
{'preprocess': 0.0009932518005371094, 'inference': 0.031200170516967773, 'postprocess': 0.006954669952392578}, 1529.9375, 39
{'preprocess': 0.0012030601501464844, 'inference': 0.031192541122436523, 'postprocess': 0.006478786468505859}, 1529.9375, 39
{'preprocess': 0.0012590885162353516, 'inference': 0.031252384185791016, 'postprocess': 0.007226705551147461}, 1529.9375, 39
{'preprocess': 0.0010039806365966797, 'inference': 0.031175613403320312, 'postprocess': 0.006412506103515625}, 1529.9375, 39
{'preprocess': 0.0011048316955566406, 'inference': 0.031388282775878906, 'postprocess': 0.0065860748291015625}, 1529.9375, 39
{'preprocess': 0.001012563705444336, 'inference': 0.03128814697265625, 'postprocess': 0.006479740142822266}, 1529.9375, 39
{'preprocess': 0.0010399818420410156, 'inference': 0.031304359436035156, 'postprocess': 0.00655817985534668}, 1529.9375, 39
{'preprocess': 0.0010097026824951172, 'inference': 0.031502723693847656, 'postprocess': 0.007073640823364258}, 1529.9375, 39
{'preprocess': 0.0010297298431396484, 'inference': 0.031205415725708008, 'postprocess': 0.006570577621459961}, 1529.9375, 39
{'preprocess': 0.0009970664978027344, 'inference': 0.03121185302734375, 'postprocess': 0.006837606430053711}, 1529.9375, 39
{'preprocess': 0.0013701915740966797, 'inference': 0.031191349029541016, 'postprocess': 0.006634235382080078}, 1529.9375, 39
{'preprocess': 0.0010008811950683594, 'inference': 0.03125739097595215, 'postprocess': 0.006762266159057617}, 1529.9375, 39
{'preprocess': 0.001573324203491211, 'inference': 0.03116631507873535, 'postprocess': 0.006532430648803711}, 1529.9375, 39
{'preprocess': 0.0013129711151123047, 'inference': 0.03140401840209961, 'postprocess': 0.007065534591674805}, 1529.9375, 39
{'preprocess': 0.0010361671447753906, 'inference': 0.031116485595703125, 'postprocess': 0.006464958190917969}, 1529.9375, 39
{'preprocess': 0.0010654926300048828, 'inference': 0.03130602836608887, 'postprocess': 0.006596803665161133}, 1529.9375, 39
{'preprocess': 0.001004934310913086, 'inference': 0.0315859317779541, 'postprocess': 0.006600618362426758}, 1529.9375, 39
{'preprocess': 0.0011174678802490234, 'inference': 0.03136706352233887, 'postprocess': 0.006537199020385742}, 1529.9375, 39
{'preprocess': 0.0009815692901611328, 'inference': 0.031174898147583008, 'postprocess': 0.006999969482421875}, 1529.9375, 39
{'preprocess': 0.0010008811950683594, 'inference': 0.03142905235290527, 'postprocess': 0.006589651107788086}, 1529.9375, 39
{'preprocess': 0.0009982585906982422, 'inference': 0.031267404556274414, 'postprocess': 0.006901979446411133}, 1529.9375, 39
{'preprocess': 0.001359701156616211, 'inference': 0.031368255615234375, 'postprocess': 0.006608247756958008}, 1529.9375, 39
{'preprocess': 0.0010104179382324219, 'inference': 0.03118419647216797, 'postprocess': 0.006912708282470703}, 1529.9375, 39
{'preprocess': 0.0012242794036865234, 'inference': 0.03114938735961914, 'postprocess': 0.006491422653198242}, 1529.9375, 39
{'preprocess': 0.0011548995971679688, 'inference': 0.03124260902404785, 'postprocess': 0.006890773773193359}, 1529.9375, 39
{'preprocess': 0.0010676383972167969, 'inference': 0.03125333786010742, 'postprocess': 0.006464958190917969}, 1529.9375, 39
{'preprocess': 0.0010707378387451172, 'inference': 0.031322479248046875, 'postprocess': 0.006596803665161133}, 1529.9375, 39
{'preprocess': 0.0010089874267578125, 'inference': 0.031301021575927734, 'postprocess': 0.006479978561401367}, 1529.9375, 39
{'preprocess': 0.0010480880737304688, 'inference': 0.03141951560974121, 'postprocess': 0.006593942642211914}, 1529.9375, 39
{'preprocess': 0.001020193099975586, 'inference': 0.03133893013000488, 'postprocess': 0.007172822952270508}, 1529.9375, 39
{'preprocess': 0.0009853839874267578, 'inference': 0.03138875961303711, 'postprocess': 0.006607532501220703}, 1529.9375, 39
{'preprocess': 0.0009799003601074219, 'inference': 0.031823158264160156, 'postprocess': 0.007380485534667969}, 1529.9375, 38
{'preprocess': 0.0016148090362548828, 'inference': 0.031110286712646484, 'postprocess': 0.00661015510559082}, 1529.9375, 38
{'preprocess': 0.0009768009185791016, 'inference': 0.03142881393432617, 'postprocess': 0.00701141357421875}, 1529.9375, 38
{'preprocess': 0.0010647773742675781, 'inference': 0.03126120567321777, 'postprocess': 0.0064508914947509766}, 1529.9375, 38
{'preprocess': 0.0012400150299072266, 'inference': 0.03128242492675781, 'postprocess': 0.006868124008178711}, 1529.9375, 38
{'preprocess': 0.0010204315185546875, 'inference': 0.03121495246887207, 'postprocess': 0.006463050842285156}, 1529.9375, 38
{'preprocess': 0.0010569095611572266, 'inference': 0.03134274482727051, 'postprocess': 0.0064733028411865234}, 1529.9375, 38
{'preprocess': 0.0009777545928955078, 'inference': 0.031169652938842773, 'postprocess': 0.006398439407348633}, 1529.9375, 38
{'preprocess': 0.001027822494506836, 'inference': 0.031218290328979492, 'postprocess': 0.006494998931884766}, 1529.9375, 38
{'preprocess': 0.0010144710540771484, 'inference': 0.03123021125793457, 'postprocess': 0.0069963932037353516}, 1529.9375, 38
{'preprocess': 0.0009708404541015625, 'inference': 0.031946420669555664, 'postprocess': 0.006556034088134766}, 1529.9375, 38
{'preprocess': 0.0009894371032714844, 'inference': 0.0312955379486084, 'postprocess': 0.0070378780364990234}, 1529.9375, 38
{'preprocess': 0.0013935565948486328, 'inference': 0.03127861022949219, 'postprocess': 0.006561994552612305}, 1529.9375, 38
{'preprocess': 0.0009734630584716797, 'inference': 0.03132987022399902, 'postprocess': 0.0068531036376953125}, 1529.9375, 38
{'preprocess': 0.0011775493621826172, 'inference': 0.031229734420776367, 'postprocess': 0.006451845169067383}, 1529.9375, 38
{'preprocess': 0.0012595653533935547, 'inference': 0.0313878059387207, 'postprocess': 0.0069959163665771484}, 1529.9375, 38
{'preprocess': 0.0010483264923095703, 'inference': 0.0312962532043457, 'postprocess': 0.006441831588745117}, 1529.9375, 38
{'preprocess': 0.0010483264923095703, 'inference': 0.0313105583190918, 'postprocess': 0.0066144466400146484}, 1529.9375, 38
{'preprocess': 0.0009784698486328125, 'inference': 0.03145122528076172, 'postprocess': 0.006452798843383789}, 1529.9375, 38
{'preprocess': 0.0010416507720947266, 'inference': 0.03135347366333008, 'postprocess': 0.0065670013427734375}, 1529.9375, 38
{'preprocess': 0.0010216236114501953, 'inference': 0.0313413143157959, 'postprocess': 0.006853818893432617}, 1529.9375, 38
{'preprocess': 0.0009970664978027344, 'inference': 0.03130531311035156, 'postprocess': 0.00658106803894043}, 1529.9375, 38
{'preprocess': 0.0010042190551757812, 'inference': 0.03133845329284668, 'postprocess': 0.00704193115234375}, 1529.9375, 38
{'preprocess': 0.0013172626495361328, 'inference': 0.031363725662231445, 'postprocess': 0.006638288497924805}, 1529.9375, 38
{'preprocess': 0.0009856224060058594, 'inference': 0.0314183235168457, 'postprocess': 0.006791591644287109}, 1529.9375, 38
{'preprocess': 0.0012068748474121094, 'inference': 0.031075000762939453, 'postprocess': 0.00650477409362793}, 1529.9375, 38
{'preprocess': 0.0013551712036132812, 'inference': 0.03127455711364746, 'postprocess': 0.0071294307708740234}, 1529.9375, 38
{'preprocess': 0.0009984970092773438, 'inference': 0.03116130828857422, 'postprocess': 0.00648951530456543}, 1529.9375, 38
{'preprocess': 0.0011277198791503906, 'inference': 0.03126382827758789, 'postprocess': 0.0065708160400390625}, 1529.9375, 38
{'preprocess': 0.0009741783142089844, 'inference': 0.03131818771362305, 'postprocess': 0.0065174102783203125}, 1529.9375, 38
{'preprocess': 0.0010807514190673828, 'inference': 0.03128933906555176, 'postprocess': 0.006597757339477539}, 1529.9375, 38
{'preprocess': 0.001005411148071289, 'inference': 0.03109121322631836, 'postprocess': 0.006563425064086914}, 1529.9375, 38
{'preprocess': 0.001047372817993164, 'inference': 0.031164169311523438, 'postprocess': 0.006573677062988281}, 1529.9375, 38
{'preprocess': 0.000978231430053711, 'inference': 0.03112959861755371, 'postprocess': 0.00714421272277832}, 1529.9375, 38
{'preprocess': 0.0009646415710449219, 'inference': 0.031284332275390625, 'postprocess': 0.0067598819732666016}, 1529.9375, 38
{'preprocess': 0.0011720657348632812, 'inference': 0.03159904479980469, 'postprocess': 0.007233142852783203}, 1529.9375, 38
{'preprocess': 0.0012693405151367188, 'inference': 0.031147480010986328, 'postprocess': 0.006493568420410156}, 1529.9375, 38
{'preprocess': 0.0013718605041503906, 'inference': 0.031293630599975586, 'postprocess': 0.007176637649536133}, 1529.9375, 38
{'preprocess': 0.0010221004486083984, 'inference': 0.031206846237182617, 'postprocess': 0.00648808479309082}, 1529.9375, 38
{'preprocess': 0.0010693073272705078, 'inference': 0.031368255615234375, 'postprocess': 0.006606340408325195}, 1529.9375, 38
{'preprocess': 0.0010211467742919922, 'inference': 0.031230449676513672, 'postprocess': 0.006479024887084961}, 1529.9375, 38
{'preprocess': 0.0010848045349121094, 'inference': 0.03135204315185547, 'postprocess': 0.006596088409423828}, 1529.9375, 38
{'preprocess': 0.0010268688201904297, 'inference': 0.03125596046447754, 'postprocess': 0.007266044616699219}, 1529.9375, 38
{'preprocess': 0.000982046127319336, 'inference': 0.03137040138244629, 'postprocess': 0.006609201431274414}, 1529.9375, 38
{'preprocess': 0.00101470947265625, 'inference': 0.031287193298339844, 'postprocess': 0.007128477096557617}, 1529.9375, 38
{'preprocess': 0.0013308525085449219, 'inference': 0.03139090538024902, 'postprocess': 0.006676435470581055}, 1529.9375, 38
{'preprocess': 0.0010001659393310547, 'inference': 0.03136801719665527, 'postprocess': 0.0067517757415771484}, 1529.9375, 38
{'preprocess': 0.001142263412475586, 'inference': 0.031270742416381836, 'postprocess': 0.006544351577758789}, 1529.9375, 38
{'preprocess': 0.0012993812561035156, 'inference': 0.031435251235961914, 'postprocess': 0.0075838565826416016}, 1529.9375, 39
{'preprocess': 0.0009763240814208984, 'inference': 0.031159639358520508, 'postprocess': 0.006476879119873047}, 1529.9375, 39
{'preprocess': 0.0010633468627929688, 'inference': 0.031377553939819336, 'postprocess': 0.006554841995239258}, 1529.9375, 39
{'preprocess': 0.000982046127319336, 'inference': 0.031339406967163086, 'postprocess': 0.007263898849487305}, 1529.9375, 39
{'preprocess': 0.0009996891021728516, 'inference': 0.031406402587890625, 'postprocess': 0.0066144466400146484}, 1529.9375, 39
{'preprocess': 0.0010156631469726562, 'inference': 0.03142189979553223, 'postprocess': 0.0072171688079833984}, 1529.9375, 39
{'preprocess': 0.0014011859893798828, 'inference': 0.03144645690917969, 'postprocess': 0.006641864776611328}, 1529.9375, 39
{'preprocess': 0.0010178089141845703, 'inference': 0.0314176082611084, 'postprocess': 0.0067043304443359375}, 1529.9375, 39
{'preprocess': 0.0012364387512207031, 'inference': 0.03133082389831543, 'postprocess': 0.0065155029296875}, 1529.9375, 39
{'preprocess': 0.0013031959533691406, 'inference': 0.031482696533203125, 'postprocess': 0.007028818130493164}, 1529.9375, 39
{'preprocess': 0.0010192394256591797, 'inference': 0.03133749961853027, 'postprocess': 0.006490230560302734}, 1529.9375, 39
{'preprocess': 0.0010874271392822266, 'inference': 0.031984806060791016, 'postprocess': 0.0066852569580078125}, 1529.9375, 39
{'preprocess': 0.000993490219116211, 'inference': 0.031321048736572266, 'postprocess': 0.0070095062255859375}, 1529.9375, 39
{'preprocess': 0.0010302066802978516, 'inference': 0.031345367431640625, 'postprocess': 0.006638050079345703}, 1529.9375, 39
{'preprocess': 0.0009891986846923828, 'inference': 0.0313417911529541, 'postprocess': 0.0070912837982177734}, 1529.9375, 39
{'preprocess': 0.0013854503631591797, 'inference': 0.03133559226989746, 'postprocess': 0.006661176681518555}, 1529.9375, 39
{'preprocess': 0.0009965896606445312, 'inference': 0.031298160552978516, 'postprocess': 0.006838321685791016}, 1529.9375, 39
{'preprocess': 0.0011980533599853516, 'inference': 0.031193256378173828, 'postprocess': 0.0065228939056396484}, 1529.9375, 39
{'preprocess': 0.0012843608856201172, 'inference': 0.03133225440979004, 'postprocess': 0.00715184211730957}, 1529.9375, 39
{'preprocess': 0.0010080337524414062, 'inference': 0.031138896942138672, 'postprocess': 0.0064771175384521484}, 1529.9375, 39
{'preprocess': 0.0011119842529296875, 'inference': 0.031262874603271484, 'postprocess': 0.006581783294677734}, 1529.9375, 39
{'preprocess': 0.001009225845336914, 'inference': 0.03130745887756348, 'postprocess': 0.006519317626953125}, 1529.9375, 39
{'preprocess': 0.001077890396118164, 'inference': 0.03137040138244629, 'postprocess': 0.006591320037841797}, 1529.9375, 39
{'preprocess': 0.0009779930114746094, 'inference': 0.03136444091796875, 'postprocess': 0.007100343704223633}, 1529.9375, 39
{'preprocess': 0.0010285377502441406, 'inference': 0.0313572883605957, 'postprocess': 0.007336616516113281}, 1529.9375, 39
{'preprocess': 0.0009691715240478516, 'inference': 0.03134560585021973, 'postprocess': 0.007215261459350586}, 1529.9375, 39
{'preprocess': 0.0014886856079101562, 'inference': 0.031041383743286133, 'postprocess': 0.006520986557006836}, 1529.9375, 39
{'preprocess': 0.0010139942169189453, 'inference': 0.03127789497375488, 'postprocess': 0.006829261779785156}, 1529.9375, 39
{'preprocess': 0.0010399818420410156, 'inference': 0.03113269805908203, 'postprocess': 0.006520509719848633}, 1529.9375, 39
{'preprocess': 0.0012390613555908203, 'inference': 0.03132152557373047, 'postprocess': 0.006780862808227539}, 1529.9375, 39
{'preprocess': 0.0010089874267578125, 'inference': 0.031242847442626953, 'postprocess': 0.006482601165771484}, 1529.9375, 39
{'preprocess': 0.001062154769897461, 'inference': 0.03126883506774902, 'postprocess': 0.006574869155883789}, 1529.9375, 39
{'preprocess': 0.0010223388671875, 'inference': 0.03137826919555664, 'postprocess': 0.006471872329711914}, 1529.9375, 39
{'preprocess': 0.0010526180267333984, 'inference': 0.03128862380981445, 'postprocess': 0.006606578826904297}, 1529.9375, 39
{'preprocess': 0.0009872913360595703, 'inference': 0.03127431869506836, 'postprocess': 0.007105350494384766}, 1529.9375, 39
{'preprocess': 0.0009829998016357422, 'inference': 0.03129100799560547, 'postprocess': 0.006941795349121094}, 1529.9375, 39
{'preprocess': 0.0010519027709960938, 'inference': 0.03181314468383789, 'postprocess': 0.007007122039794922}, 1529.9375, 39
{'preprocess': 0.001230001449584961, 'inference': 0.031293630599975586, 'postprocess': 0.006506443023681641}, 1529.9375, 39
{'preprocess': 0.0013713836669921875, 'inference': 0.031266212463378906, 'postprocess': 0.007161140441894531}, 1529.9375, 39
{'preprocess': 0.0010280609130859375, 'inference': 0.03124523162841797, 'postprocess': 0.006522655487060547}, 1529.9375, 39
{'preprocess': 0.0010805130004882812, 'inference': 0.031273603439331055, 'postprocess': 0.006556510925292969}, 1529.9375, 39
{'preprocess': 0.0010213851928710938, 'inference': 0.031150341033935547, 'postprocess': 0.006485700607299805}, 1529.9375, 39
{'preprocess': 0.0010645389556884766, 'inference': 0.031350135803222656, 'postprocess': 0.0065765380859375}, 1529.9375, 39
{'preprocess': 0.0010073184967041016, 'inference': 0.03131699562072754, 'postprocess': 0.007185220718383789}, 1529.9375, 39
{'preprocess': 0.0010254383087158203, 'inference': 0.03133583068847656, 'postprocess': 0.006609678268432617}, 1529.9375, 39
{'preprocess': 0.001043558120727539, 'inference': 0.031280517578125, 'postprocess': 0.0072100162506103516}, 1529.9375, 39
{'preprocess': 0.0013446807861328125, 'inference': 0.03139948844909668, 'postprocess': 0.006655454635620117}, 1529.9375, 39
{'preprocess': 0.0010132789611816406, 'inference': 0.03139638900756836, 'postprocess': 0.006829738616943359}, 1529.9375, 39
{'preprocess': 0.0011570453643798828, 'inference': 0.03139352798461914, 'postprocess': 0.0071430206298828125}, 1529.9375, 39
{'preprocess': 0.0010809898376464844, 'inference': 0.031625986099243164, 'postprocess': 0.006590366363525391}, 1529.9375, 39
{'preprocess': 0.001013040542602539, 'inference': 0.03130674362182617, 'postprocess': 0.0064907073974609375}, 1529.9375, 39
{'preprocess': 0.0010755062103271484, 'inference': 0.03138136863708496, 'postprocess': 0.0065975189208984375}, 1529.9375, 39
{'preprocess': 0.0010085105895996094, 'inference': 0.031321048736572266, 'postprocess': 0.0071468353271484375}, 1529.9375, 39
{'preprocess': 0.0010268688201904297, 'inference': 0.03136563301086426, 'postprocess': 0.006636619567871094}, 1529.9375, 39
{'preprocess': 0.001016378402709961, 'inference': 0.031334877014160156, 'postprocess': 0.0070989131927490234}, 1529.9375, 39
{'preprocess': 0.001422882080078125, 'inference': 0.03109431266784668, 'postprocess': 0.0065424442291259766}, 1529.9375, 39
{'preprocess': 0.0009722709655761719, 'inference': 0.03121781349182129, 'postprocess': 0.007052183151245117}, 1529.9375, 39
{'preprocess': 0.0010776519775390625, 'inference': 0.03137469291687012, 'postprocess': 0.006486177444458008}, 1529.9375, 39
{'preprocess': 0.0011179447174072266, 'inference': 0.03116631507873535, 'postprocess': 0.006782054901123047}, 1529.9375, 39
{'preprocess': 0.0010309219360351562, 'inference': 0.031122922897338867, 'postprocess': 0.006471872329711914}, 1529.9375, 39
{'preprocess': 0.0010421276092529297, 'inference': 0.03161811828613281, 'postprocess': 0.0067806243896484375}, 1529.9375, 39
{'preprocess': 0.0010187625885009766, 'inference': 0.03120589256286621, 'postprocess': 0.0071926116943359375}, 1529.9375, 39
{'preprocess': 0.0010313987731933594, 'inference': 0.03113579750061035, 'postprocess': 0.006573200225830078}, 1529.9375, 39
-------------------------------------------------------
Torch, 1x5, yolov5n, 640x384, 100/200frames average time.
pre_multi: False
infer_multi: False
post_multi: False
Average preprocess: 0.0010921692848205567s
Average inference: 0.03131651163101196s
Average postprocess: 0.006760215759277344s
Average memory: 1529.9375MB
Average utilize: 38.63%


