{'preprocess': 0.011987924575805664, 'inference': 0.07387280464172363, 'postprocess': 0.05782580375671387}, 2315.9375, 14
{'preprocess': 0.011319637298583984, 'inference': 0.06752777099609375, 'postprocess': 0.05668067932128906}, 2639.9375, 14
{'preprocess': 0.01379251480102539, 'inference': 0.0631103515625, 'postprocess': 0.05436992645263672}, 2731.9375, 14
{'preprocess': 0.012861490249633789, 'inference': 0.059918880462646484, 'postprocess': 0.05237460136413574}, 2731.9375, 14
{'preprocess': 0.012244224548339844, 'inference': 0.05958819389343262, 'postprocess': 0.05528712272644043}, 2731.9375, 14
{'preprocess': 0.011364936828613281, 'inference': 0.05968737602233887, 'postprocess': 0.05466604232788086}, 2733.9375, 14
{'preprocess': 0.011559724807739258, 'inference': 0.0598750114440918, 'postprocess': 0.051165103912353516}, 2733.9375, 14
{'preprocess': 0.01245880126953125, 'inference': 0.0602116584777832, 'postprocess': 0.05244255065917969}, 2733.9375, 14
{'preprocess': 0.012824773788452148, 'inference': 0.060901641845703125, 'postprocess': 0.05533409118652344}, 2733.9375, 56
{'preprocess': 0.012068510055541992, 'inference': 0.05986166000366211, 'postprocess': 0.0529634952545166}, 2733.9375, 56
{'preprocess': 0.012325048446655273, 'inference': 0.06040692329406738, 'postprocess': 0.0537104606628418}, 2735.9375, 56
{'preprocess': 0.01107168197631836, 'inference': 0.06048154830932617, 'postprocess': 0.05265974998474121}, 2735.9375, 56
{'preprocess': 0.011821508407592773, 'inference': 0.060439348220825195, 'postprocess': 0.05137348175048828}, 2735.9375, 56
{'preprocess': 0.012979745864868164, 'inference': 0.060729026794433594, 'postprocess': 0.053969621658325195}, 2735.9375, 56
{'preprocess': 0.012100696563720703, 'inference': 0.06027412414550781, 'postprocess': 0.051894426345825195}, 2735.9375, 56
{'preprocess': 0.011608600616455078, 'inference': 0.06084847450256348, 'postprocess': 0.05198073387145996}, 2735.9375, 58
{'preprocess': 0.011985301971435547, 'inference': 0.06121706962585449, 'postprocess': 0.056037187576293945}, 2735.9375, 58
{'preprocess': 0.011462211608886719, 'inference': 0.06066131591796875, 'postprocess': 0.05311703681945801}, 2735.9375, 58
{'preprocess': 0.011707782745361328, 'inference': 0.060570478439331055, 'postprocess': 0.05120444297790527}, 2735.9375, 58
{'preprocess': 0.014754295349121094, 'inference': 0.06186223030090332, 'postprocess': 0.05555534362792969}, 2735.9375, 58
{'preprocess': 0.012627840042114258, 'inference': 0.06199193000793457, 'postprocess': 0.053237199783325195}, 2735.9375, 58
{'preprocess': 0.015067338943481445, 'inference': 0.06148076057434082, 'postprocess': 0.05274391174316406}, 2735.9375, 58
{'preprocess': 0.013323545455932617, 'inference': 0.06133842468261719, 'postprocess': 0.06288647651672363}, 2735.9375, 58
{'preprocess': 0.013048648834228516, 'inference': 0.0625009536743164, 'postprocess': 0.056569576263427734}, 2737.9375, 57
{'preprocess': 0.013234376907348633, 'inference': 0.06254220008850098, 'postprocess': 0.05340886116027832}, 2739.9375, 57
{'preprocess': 0.011474847793579102, 'inference': 0.061124324798583984, 'postprocess': 0.053852081298828125}, 2739.9375, 57
{'preprocess': 0.01262354850769043, 'inference': 0.060453176498413086, 'postprocess': 0.05408430099487305}, 2739.9375, 57
{'preprocess': 0.01137852668762207, 'inference': 0.06105232238769531, 'postprocess': 0.05327582359313965}, 2739.9375, 57
{'preprocess': 0.01156306266784668, 'inference': 0.06099057197570801, 'postprocess': 0.05278611183166504}, 2739.9375, 57
{'preprocess': 0.011490821838378906, 'inference': 0.062402963638305664, 'postprocess': 0.05658578872680664}, 2739.9375, 57
{'preprocess': 0.01304936408996582, 'inference': 0.06144571304321289, 'postprocess': 0.05302715301513672}, 2739.9375, 57
{'preprocess': 0.012939453125, 'inference': 0.06145787239074707, 'postprocess': 0.053093671798706055}, 2739.9375, 57
{'preprocess': 0.013038873672485352, 'inference': 0.06180167198181152, 'postprocess': 0.054335832595825195}, 2739.9375, 57
{'preprocess': 0.012825727462768555, 'inference': 0.06155061721801758, 'postprocess': 0.05409383773803711}, 2739.9375, 57
{'preprocess': 0.01203298568725586, 'inference': 0.0607757568359375, 'postprocess': 0.05413508415222168}, 2739.9375, 57
{'preprocess': 0.011093854904174805, 'inference': 0.06025528907775879, 'postprocess': 0.0539247989654541}, 2739.9375, 57
{'preprocess': 0.011239051818847656, 'inference': 0.06030440330505371, 'postprocess': 0.0546269416809082}, 2739.9375, 57
{'preprocess': 0.011265993118286133, 'inference': 0.06180739402770996, 'postprocess': 0.05411219596862793}, 2739.9375, 57
{'preprocess': 0.011353492736816406, 'inference': 0.06048727035522461, 'postprocess': 0.05398678779602051}, 2739.9375, 58
{'preprocess': 0.012673139572143555, 'inference': 0.06325840950012207, 'postprocess': 0.05564379692077637}, 2739.9375, 58
{'preprocess': 0.013410806655883789, 'inference': 0.06175351142883301, 'postprocess': 0.05467629432678223}, 2739.9375, 58
{'preprocess': 0.012706995010375977, 'inference': 0.06169605255126953, 'postprocess': 0.05589699745178223}, 2739.9375, 58
{'preprocess': 0.015095949172973633, 'inference': 0.06270074844360352, 'postprocess': 0.05463147163391113}, 2739.9375, 58
{'preprocess': 0.01785421371459961, 'inference': 0.06154799461364746, 'postprocess': 0.056105852127075195}, 2739.9375, 58
{'preprocess': 0.011805057525634766, 'inference': 0.06075239181518555, 'postprocess': 0.056165456771850586}, 2739.9375, 58
{'preprocess': 0.013297319412231445, 'inference': 0.06100320816040039, 'postprocess': 0.05430483818054199}, 2739.9375, 56
{'preprocess': 0.012931108474731445, 'inference': 0.061063528060913086, 'postprocess': 0.05535149574279785}, 2739.9375, 56
{'preprocess': 0.01351022720336914, 'inference': 0.06160879135131836, 'postprocess': 0.05367875099182129}, 2739.9375, 56
{'preprocess': 0.012406110763549805, 'inference': 0.060858964920043945, 'postprocess': 0.054892539978027344}, 2739.9375, 56
{'preprocess': 0.012210607528686523, 'inference': 0.060366153717041016, 'postprocess': 0.05834341049194336}, 2739.9375, 56
{'preprocess': 0.012854814529418945, 'inference': 0.06125974655151367, 'postprocess': 0.05361652374267578}, 2739.9375, 56
{'preprocess': 0.013434886932373047, 'inference': 0.06360125541687012, 'postprocess': 0.054894447326660156}, 2739.9375, 56
{'preprocess': 0.012202739715576172, 'inference': 0.06150317192077637, 'postprocess': 0.0557861328125}, 2739.9375, 56
{'preprocess': 0.011471748352050781, 'inference': 0.06023669242858887, 'postprocess': 0.05682992935180664}, 2739.9375, 56
{'preprocess': 0.013533830642700195, 'inference': 0.06204843521118164, 'postprocess': 0.05568408966064453}, 2739.9375, 56
{'preprocess': 0.013473987579345703, 'inference': 0.06140542030334473, 'postprocess': 0.054112911224365234}, 2739.9375, 56
{'preprocess': 0.012380599975585938, 'inference': 0.06130528450012207, 'postprocess': 0.05431318283081055}, 2739.9375, 56
{'preprocess': 0.012500286102294922, 'inference': 0.06060957908630371, 'postprocess': 0.05362510681152344}, 2739.9375, 56
{'preprocess': 0.010685443878173828, 'inference': 0.06029248237609863, 'postprocess': 0.05218148231506348}, 2739.9375, 56
{'preprocess': 0.012660503387451172, 'inference': 0.06071019172668457, 'postprocess': 0.05357837677001953}, 2739.9375, 56
{'preprocess': 0.01166987419128418, 'inference': 0.06147646903991699, 'postprocess': 0.053220272064208984}, 2739.9375, 57
{'preprocess': 0.01120758056640625, 'inference': 0.060947418212890625, 'postprocess': 0.05447506904602051}, 2739.9375, 57
{'preprocess': 0.012425899505615234, 'inference': 0.06093168258666992, 'postprocess': 0.053386688232421875}, 2739.9375, 57
{'preprocess': 0.013107061386108398, 'inference': 0.0618596076965332, 'postprocess': 0.05623936653137207}, 2739.9375, 57
{'preprocess': 0.013350725173950195, 'inference': 0.06150007247924805, 'postprocess': 0.05638527870178223}, 2739.9375, 57
{'preprocess': 0.016186952590942383, 'inference': 0.06486797332763672, 'postprocess': 0.05320549011230469}, 2739.9375, 57
{'preprocess': 0.014061927795410156, 'inference': 0.06165027618408203, 'postprocess': 0.05434393882751465}, 2739.9375, 57
{'preprocess': 0.01240229606628418, 'inference': 0.061350107192993164, 'postprocess': 0.05165743827819824}, 2739.9375, 57
{'preprocess': 0.012826204299926758, 'inference': 0.06129097938537598, 'postprocess': 0.06781005859375}, 2739.9375, 56
{'preprocess': 0.014283895492553711, 'inference': 0.06172513961791992, 'postprocess': 0.0547335147857666}, 2739.9375, 56
{'preprocess': 0.012188911437988281, 'inference': 0.06073427200317383, 'postprocess': 0.054015159606933594}, 2739.9375, 56
{'preprocess': 0.012164831161499023, 'inference': 0.06060981750488281, 'postprocess': 0.052660465240478516}, 2739.9375, 56
{'preprocess': 0.012709617614746094, 'inference': 0.06102299690246582, 'postprocess': 0.0566709041595459}, 2739.9375, 56
{'preprocess': 0.013108253479003906, 'inference': 0.061786651611328125, 'postprocess': 0.06517624855041504}, 2739.9375, 56
{'preprocess': 0.012698888778686523, 'inference': 0.06175112724304199, 'postprocess': 0.05414533615112305}, 2739.9375, 56
{'preprocess': 0.012986183166503906, 'inference': 0.06141376495361328, 'postprocess': 0.0537571907043457}, 2739.9375, 57
{'preprocess': 0.013132810592651367, 'inference': 0.0622711181640625, 'postprocess': 0.051633596420288086}, 2739.9375, 57
{'preprocess': 0.013334989547729492, 'inference': 0.061805009841918945, 'postprocess': 0.05263924598693848}, 2739.9375, 57
{'preprocess': 0.012739181518554688, 'inference': 0.06309175491333008, 'postprocess': 0.052452802658081055}, 2739.9375, 57
{'preprocess': 0.01169133186340332, 'inference': 0.06081676483154297, 'postprocess': 0.05418801307678223}, 2739.9375, 57
{'preprocess': 0.011641502380371094, 'inference': 0.061257123947143555, 'postprocess': 0.05402088165283203}, 2739.9375, 57
{'preprocess': 0.011754274368286133, 'inference': 0.06148052215576172, 'postprocess': 0.05478262901306152}, 2739.9375, 57
{'preprocess': 0.01259160041809082, 'inference': 0.06071352958679199, 'postprocess': 0.0545194149017334}, 2739.9375, 57
{'preprocess': 0.012883901596069336, 'inference': 0.06129121780395508, 'postprocess': 0.05699419975280762}, 2739.9375, 55
{'preprocess': 0.01445627212524414, 'inference': 0.061264991760253906, 'postprocess': 0.052951812744140625}, 2739.9375, 55
{'preprocess': 0.011423110961914062, 'inference': 0.060544490814208984, 'postprocess': 0.053198814392089844}, 2739.9375, 55
{'preprocess': 0.011484622955322266, 'inference': 0.06077075004577637, 'postprocess': 0.05242133140563965}, 2739.9375, 55
{'preprocess': 0.011938333511352539, 'inference': 0.060858964920043945, 'postprocess': 0.06272697448730469}, 2739.9375, 55
{'preprocess': 0.013341665267944336, 'inference': 0.061202049255371094, 'postprocess': 0.052202701568603516}, 2739.9375, 55
{'preprocess': 0.013617992401123047, 'inference': 0.0612947940826416, 'postprocess': 0.05447268486022949}, 2739.9375, 55
{'preprocess': 0.012295961380004883, 'inference': 0.061604976654052734, 'postprocess': 0.053418874740600586}, 2739.9375, 59
{'preprocess': 0.011676311492919922, 'inference': 0.060483694076538086, 'postprocess': 0.05304765701293945}, 2739.9375, 59
{'preprocess': 0.014145612716674805, 'inference': 0.060712337493896484, 'postprocess': 0.05557107925415039}, 2739.9375, 59
{'preprocess': 0.01564621925354004, 'inference': 0.06125068664550781, 'postprocess': 0.05651497840881348}, 2739.9375, 59
{'preprocess': 0.012774467468261719, 'inference': 0.06194472312927246, 'postprocess': 0.05276370048522949}, 2739.9375, 59
{'preprocess': 0.012178421020507812, 'inference': 0.0611729621887207, 'postprocess': 0.05568289756774902}, 2739.9375, 59
{'preprocess': 0.011594295501708984, 'inference': 0.06074213981628418, 'postprocess': 0.05138874053955078}, 2739.9375, 59
{'preprocess': 0.012740850448608398, 'inference': 0.06087851524353027, 'postprocess': 0.05582308769226074}, 2739.9375, 59
{'preprocess': 0.011243343353271484, 'inference': 0.06164717674255371, 'postprocess': 0.05313444137573242}, 2739.9375, 55
{'preprocess': 0.012778282165527344, 'inference': 0.06188654899597168, 'postprocess': 0.05371212959289551}, 2739.9375, 55
{'preprocess': 0.012633323669433594, 'inference': 0.06180405616760254, 'postprocess': 0.054764747619628906}, 2739.9375, 55
{'preprocess': 0.012851715087890625, 'inference': 0.06154823303222656, 'postprocess': 0.05452466011047363}, 2739.9375, 55
{'preprocess': 0.013843297958374023, 'inference': 0.061856985092163086, 'postprocess': 0.06100630760192871}, 2745.4375, 55
{'preprocess': 0.016638755798339844, 'inference': 0.06254220008850098, 'postprocess': 0.05470442771911621}, 2745.4375, 55
{'preprocess': 0.012087583541870117, 'inference': 0.0611112117767334, 'postprocess': 0.05440783500671387}, 2745.4375, 55
{'preprocess': 0.011997699737548828, 'inference': 0.06219840049743652, 'postprocess': 0.0533900260925293}, 2745.4375, 59
{'preprocess': 0.012113571166992188, 'inference': 0.061635732650756836, 'postprocess': 0.054972171783447266}, 2745.4375, 59
{'preprocess': 0.013701915740966797, 'inference': 0.062392234802246094, 'postprocess': 0.05617356300354004}, 2746.0, 59
{'preprocess': 0.013067483901977539, 'inference': 0.06267237663269043, 'postprocess': 0.05578136444091797}, 2746.0, 59
{'preprocess': 0.011923551559448242, 'inference': 0.06246542930603027, 'postprocess': 0.05765652656555176}, 2746.3125, 59
{'preprocess': 0.014238357543945312, 'inference': 0.06291985511779785, 'postprocess': 0.058151960372924805}, 2746.3125, 59
{'preprocess': 0.012112140655517578, 'inference': 0.06332206726074219, 'postprocess': 0.05769848823547363}, 2746.5, 59
{'preprocess': 0.01309657096862793, 'inference': 0.06256341934204102, 'postprocess': 0.0537259578704834}, 2746.5, 57
{'preprocess': 0.013372182846069336, 'inference': 0.06281423568725586, 'postprocess': 0.08822894096374512}, 2735.875, 57
{'preprocess': 0.018296003341674805, 'inference': 0.06569099426269531, 'postprocess': 0.06280684471130371}, 2740.875, 57
{'preprocess': 0.021323680877685547, 'inference': 0.0637814998626709, 'postprocess': 0.049866676330566406}, 2750.625, 57
{'preprocess': 0.011251211166381836, 'inference': 0.06136035919189453, 'postprocess': 0.056139469146728516}, 2750.625, 57
{'preprocess': 0.020552873611450195, 'inference': 0.06324052810668945, 'postprocess': 0.05311894416809082}, 2754.1875, 57
{'preprocess': 0.011561393737792969, 'inference': 0.06150674819946289, 'postprocess': 0.05116915702819824}, 2754.1875, 57
{'preprocess': 0.011287450790405273, 'inference': 0.06182265281677246, 'postprocess': 0.05089688301086426}, 2754.1875, 57
{'preprocess': 0.011484622955322266, 'inference': 0.062316179275512695, 'postprocess': 0.0627298355102539}, 2766.1875, 57
{'preprocess': 0.0128173828125, 'inference': 0.06416153907775879, 'postprocess': 0.04884958267211914}, 2769.9375, 57
{'preprocess': 0.010337591171264648, 'inference': 0.06041407585144043, 'postprocess': 0.05080461502075195}, 2769.9375, 57
{'preprocess': 0.011908769607543945, 'inference': 0.05827975273132324, 'postprocess': 0.04814887046813965}, 2770.0, 57
{'preprocess': 0.02078700065612793, 'inference': 0.061887502670288086, 'postprocess': 0.05262923240661621}, 2769.9375, 57
{'preprocess': 0.01380467414855957, 'inference': 0.05992007255554199, 'postprocess': 0.05056190490722656}, 2769.9375, 57
{'preprocess': 0.01241755485534668, 'inference': 0.059967994689941406, 'postprocess': 0.049208641052246094}, 2769.9375, 57
{'preprocess': 0.0109100341796875, 'inference': 0.060726165771484375, 'postprocess': 0.05263018608093262}, 2769.9375, 59
{'preprocess': 0.01139211654663086, 'inference': 0.06170940399169922, 'postprocess': 0.054483652114868164}, 2769.9375, 59
{'preprocess': 0.011157512664794922, 'inference': 0.061304330825805664, 'postprocess': 0.07977032661437988}, 2745.0625, 59
{'preprocess': 0.024831533432006836, 'inference': 0.07038068771362305, 'postprocess': 0.09339189529418945}, 2763.625, 59
{'preprocess': 0.015413999557495117, 'inference': 0.06205487251281738, 'postprocess': 0.08845353126525879}, 2763.875, 59
{'preprocess': 0.026485681533813477, 'inference': 0.06645917892456055, 'postprocess': 0.07628726959228516}, 2766.1875, 59
{'preprocess': 0.02935028076171875, 'inference': 0.06949567794799805, 'postprocess': 0.05681967735290527}, 2767.3125, 50
{'preprocess': 0.02040696144104004, 'inference': 0.06409478187561035, 'postprocess': 0.05188727378845215}, 2767.375, 50
{'preprocess': 0.013359308242797852, 'inference': 0.06262326240539551, 'postprocess': 0.04979443550109863}, 2767.375, 50
{'preprocess': 0.011028051376342773, 'inference': 0.05945920944213867, 'postprocess': 0.053931474685668945}, 2767.8125, 50
{'preprocess': 0.01399374008178711, 'inference': 0.06349444389343262, 'postprocess': 0.05452275276184082}, 2767.8125, 50
{'preprocess': 0.012528419494628906, 'inference': 0.06337118148803711, 'postprocess': 0.05449104309082031}, 2769.125, 50
{'preprocess': 0.011464595794677734, 'inference': 0.0632929801940918, 'postprocess': 0.05373811721801758}, 2770.5, 50
{'preprocess': 0.012389183044433594, 'inference': 0.06031990051269531, 'postprocess': 0.05113482475280762}, 2770.5, 50
{'preprocess': 0.012412071228027344, 'inference': 0.05944180488586426, 'postprocess': 0.0515286922454834}, 2770.5, 56
{'preprocess': 0.011905431747436523, 'inference': 0.06167125701904297, 'postprocess': 0.06378626823425293}, 2780.5, 56
{'preprocess': 0.012972593307495117, 'inference': 0.06006574630737305, 'postprocess': 0.049803733825683594}, 2780.5, 56
{'preprocess': 0.012088537216186523, 'inference': 0.060074806213378906, 'postprocess': 0.05287671089172363}, 2780.5, 56
{'preprocess': 0.010804414749145508, 'inference': 0.061548471450805664, 'postprocess': 0.05176877975463867}, 2780.5, 56
{'preprocess': 0.01204681396484375, 'inference': 0.06174898147583008, 'postprocess': 0.05909299850463867}, 2780.0625, 56
{'preprocess': 0.011898994445800781, 'inference': 0.06510019302368164, 'postprocess': 0.0508120059967041}, 2779.8125, 56
{'preprocess': 0.013409614562988281, 'inference': 0.06064891815185547, 'postprocess': 0.06427812576293945}, 2778.0625, 61
{'preprocess': 0.015091419219970703, 'inference': 0.06275367736816406, 'postprocess': 0.056138038635253906}, 2777.5625, 61
{'preprocess': 0.015252828598022461, 'inference': 0.06287550926208496, 'postprocess': 0.053798675537109375}, 2777.5625, 61
{'preprocess': 0.01387643814086914, 'inference': 0.06325626373291016, 'postprocess': 0.06365370750427246}, 2777.625, 61
{'preprocess': 0.013388872146606445, 'inference': 0.06360483169555664, 'postprocess': 0.05231451988220215}, 2777.6875, 61
{'preprocess': 0.012117385864257812, 'inference': 0.06111550331115723, 'postprocess': 0.05127692222595215}, 2777.6875, 61
{'preprocess': 0.012389183044433594, 'inference': 0.06110715866088867, 'postprocess': 0.05730152130126953}, 2777.625, 61
{'preprocess': 0.010985136032104492, 'inference': 0.062218666076660156, 'postprocess': 0.05304527282714844}, 2777.875, 56
{'preprocess': 0.010976791381835938, 'inference': 0.062485694885253906, 'postprocess': 0.05571889877319336}, 2777.0, 56
{'preprocess': 0.012345552444458008, 'inference': 0.061887264251708984, 'postprocess': 0.06953001022338867}, 2775.0, 56
{'preprocess': 0.011640787124633789, 'inference': 0.062407493591308594, 'postprocess': 0.055121421813964844}, 2775.0, 56
{'preprocess': 0.012047052383422852, 'inference': 0.059976816177368164, 'postprocess': 0.05243563652038574}, 2773.0, 56
{'preprocess': 0.010860204696655273, 'inference': 0.06321930885314941, 'postprocess': 0.052835702896118164}, 2756.5625, 56
{'preprocess': 0.01820063591003418, 'inference': 0.06507515907287598, 'postprocess': 0.07314181327819824}, 2763.25, 56
{'preprocess': 0.013356685638427734, 'inference': 0.06808853149414062, 'postprocess': 0.05635428428649902}, 2768.5625, 56
{'preprocess': 0.01153564453125, 'inference': 0.06348180770874023, 'postprocess': 0.0553281307220459}, 2764.8125, 56
{'preprocess': 0.013170242309570312, 'inference': 0.06428217887878418, 'postprocess': 0.05668020248413086}, 2765.4375, 56
{'preprocess': 0.010937929153442383, 'inference': 0.06255531311035156, 'postprocess': 0.05299639701843262}, 2765.3125, 56
{'preprocess': 0.011228322982788086, 'inference': 0.05950784683227539, 'postprocess': 0.0573883056640625}, 2765.3125, 56
{'preprocess': 0.02710580825805664, 'inference': 0.06192588806152344, 'postprocess': 0.057300567626953125}, 2765.8125, 56
{'preprocess': 0.012337923049926758, 'inference': 0.060369014739990234, 'postprocess': 0.0512385368347168}, 2765.8125, 56
{'preprocess': 0.01244211196899414, 'inference': 0.059369802474975586, 'postprocess': 0.05646562576293945}, 2765.8125, 56
{'preprocess': 0.012974739074707031, 'inference': 0.06146407127380371, 'postprocess': 0.05225038528442383}, 2764.875, 57
{'preprocess': 0.012165546417236328, 'inference': 0.06207394599914551, 'postprocess': 0.0756537914276123}, 2764.875, 57
{'preprocess': 0.03847217559814453, 'inference': 0.0628664493560791, 'postprocess': 0.05268120765686035}, 2764.875, 57
{'preprocess': 0.010899782180786133, 'inference': 0.06313848495483398, 'postprocess': 0.05457305908203125}, 2764.875, 57
{'preprocess': 0.01399540901184082, 'inference': 0.06357240676879883, 'postprocess': 0.05348992347717285}, 2764.875, 57
{'preprocess': 0.012104988098144531, 'inference': 0.059683799743652344, 'postprocess': 0.05659127235412598}, 2765.0, 57
{'preprocess': 0.014687538146972656, 'inference': 0.06248950958251953, 'postprocess': 0.050383806228637695}, 2765.0, 57
{'preprocess': 0.014211893081665039, 'inference': 0.0638270378112793, 'postprocess': 0.04937434196472168}, 2765.0, 57
{'preprocess': 0.011922597885131836, 'inference': 0.06284093856811523, 'postprocess': 0.05184054374694824}, 2765.0, 57
{'preprocess': 0.012619495391845703, 'inference': 0.0635991096496582, 'postprocess': 0.05146217346191406}, 2765.0, 57
{'preprocess': 0.011415243148803711, 'inference': 0.05982828140258789, 'postprocess': 0.05145263671875}, 2765.0, 57
{'preprocess': 0.012761116027832031, 'inference': 0.06275129318237305, 'postprocess': 0.052173614501953125}, 2765.0, 57
{'preprocess': 0.01154017448425293, 'inference': 0.06257987022399902, 'postprocess': 0.05352497100830078}, 2765.0, 57
{'preprocess': 0.011465311050415039, 'inference': 0.062117815017700195, 'postprocess': 0.05490398406982422}, 2765.0, 57
{'preprocess': 0.011002063751220703, 'inference': 0.06153392791748047, 'postprocess': 0.054270267486572266}, 2765.0, 57
{'preprocess': 0.011565685272216797, 'inference': 0.06217622756958008, 'postprocess': 0.051111698150634766}, 2763.5, 58
{'preprocess': 0.012147188186645508, 'inference': 0.06173348426818848, 'postprocess': 0.05576300621032715}, 2763.5, 58
{'preprocess': 0.013617277145385742, 'inference': 0.06453371047973633, 'postprocess': 0.05058002471923828}, 2763.5, 58
{'preprocess': 0.010546684265136719, 'inference': 0.05854940414428711, 'postprocess': 0.0487520694732666}, 2763.5, 58
{'preprocess': 0.010611534118652344, 'inference': 0.05855441093444824, 'postprocess': 0.05328989028930664}, 2763.4375, 58
{'preprocess': 0.01073765754699707, 'inference': 0.05792093276977539, 'postprocess': 0.05089831352233887}, 2763.4375, 58
{'preprocess': 0.011889934539794922, 'inference': 0.0620419979095459, 'postprocess': 0.049772024154663086}, 2763.4375, 58
{'preprocess': 0.01221323013305664, 'inference': 0.06167411804199219, 'postprocess': 0.05445289611816406}, 2763.4375, 60
{'preprocess': 0.016596078872680664, 'inference': 0.06250882148742676, 'postprocess': 0.04968070983886719}, 2763.4375, 60
{'preprocess': 0.012499809265136719, 'inference': 0.06257867813110352, 'postprocess': 0.0495600700378418}, 2763.4375, 60
{'preprocess': 0.011252164840698242, 'inference': 0.060584306716918945, 'postprocess': 0.04874110221862793}, 2763.4375, 60
{'preprocess': 0.020793914794921875, 'inference': 0.05961489677429199, 'postprocess': 0.04794502258300781}, 2767.0, 60
{'preprocess': 0.01029658317565918, 'inference': 0.05807209014892578, 'postprocess': 0.04948234558105469}, 2767.0, 60
-------------------------------------------------------
Torch, 15x5, yolov5n, 640x384, 100/200frames average time.
pre_multi: True
infer_multi: True
post_multi: True
Average preprocess: 0.013760726451873779s
Average inference: 0.06215290069580078s
Average postprocess: 0.055889673233032226s
Average memory: 2763.44625MB
Average utilize: 56.87%


{'preprocess': 0.016192197799682617, 'inference': 0.07443952560424805, 'postprocess': 0.08885359764099121}, 2047.8125, 7
{'preprocess': 0.013191938400268555, 'inference': 0.0635225772857666, 'postprocess': 0.08762431144714355}, 2311.8125, 7
{'preprocess': 0.013999462127685547, 'inference': 0.05829048156738281, 'postprocess': 0.08817219734191895}, 2397.8125, 7
{'preprocess': 0.013692855834960938, 'inference': 0.05745530128479004, 'postprocess': 0.08690619468688965}, 2397.8125, 7
{'preprocess': 0.014032125473022461, 'inference': 0.05740976333618164, 'postprocess': 0.08798384666442871}, 2397.8125, 7
{'preprocess': 0.01336979866027832, 'inference': 0.05717134475708008, 'postprocess': 0.08702373504638672}, 2397.8125, 46
{'preprocess': 0.013561010360717773, 'inference': 0.05847048759460449, 'postprocess': 0.08808565139770508}, 2399.8125, 46
{'preprocess': 0.013906717300415039, 'inference': 0.057260990142822266, 'postprocess': 0.0883028507232666}, 2399.8125, 46
{'preprocess': 0.01360940933227539, 'inference': 0.05731320381164551, 'postprocess': 0.08861708641052246}, 2399.8125, 46
{'preprocess': 0.014750480651855469, 'inference': 0.05728960037231445, 'postprocess': 0.08843278884887695}, 2399.8125, 46
{'preprocess': 0.013965368270874023, 'inference': 0.05783390998840332, 'postprocess': 0.0890648365020752}, 2399.8125, 46
{'preprocess': 0.012938261032104492, 'inference': 0.058135271072387695, 'postprocess': 0.08852005004882812}, 2399.8125, 45
{'preprocess': 0.014078855514526367, 'inference': 0.05886387825012207, 'postprocess': 0.10013437271118164}, 2409.8125, 45
{'preprocess': 0.013685464859008789, 'inference': 0.05884599685668945, 'postprocess': 0.08812975883483887}, 2409.8125, 45
{'preprocess': 0.014379501342773438, 'inference': 0.0585935115814209, 'postprocess': 0.08960151672363281}, 2411.8125, 45
{'preprocess': 0.014570236206054688, 'inference': 0.05803632736206055, 'postprocess': 0.08916044235229492}, 2411.8125, 45
{'preprocess': 0.013459205627441406, 'inference': 0.05780982971191406, 'postprocess': 0.09028077125549316}, 2411.8125, 45
{'preprocess': 0.013066768646240234, 'inference': 0.05818796157836914, 'postprocess': 0.09041762351989746}, 2411.8125, 48
{'preprocess': 0.014710426330566406, 'inference': 0.05874276161193848, 'postprocess': 0.09077811241149902}, 2411.8125, 48
{'preprocess': 0.013892889022827148, 'inference': 0.0579378604888916, 'postprocess': 0.08936691284179688}, 2411.8125, 48
{'preprocess': 0.013126373291015625, 'inference': 0.05785655975341797, 'postprocess': 0.09366798400878906}, 2411.8125, 48
{'preprocess': 0.014024019241333008, 'inference': 0.059717655181884766, 'postprocess': 0.0893101692199707}, 2411.8125, 48
{'preprocess': 0.013903141021728516, 'inference': 0.05818057060241699, 'postprocess': 0.09007644653320312}, 2411.8125, 48
{'preprocess': 0.013141870498657227, 'inference': 0.05809831619262695, 'postprocess': 0.08996009826660156}, 2411.8125, 46
{'preprocess': 0.014352083206176758, 'inference': 0.05900073051452637, 'postprocess': 0.08940482139587402}, 2411.8125, 46
{'preprocess': 0.014172554016113281, 'inference': 0.05840873718261719, 'postprocess': 0.0893104076385498}, 2411.8125, 46
{'preprocess': 0.013037443161010742, 'inference': 0.05811119079589844, 'postprocess': 0.09013605117797852}, 2411.8125, 46
{'preprocess': 0.013088226318359375, 'inference': 0.0585784912109375, 'postprocess': 0.08937883377075195}, 2411.8125, 46
{'preprocess': 0.014273643493652344, 'inference': 0.058852434158325195, 'postprocess': 0.08933091163635254}, 2411.8125, 46
{'preprocess': 0.013656139373779297, 'inference': 0.058501482009887695, 'postprocess': 0.08961248397827148}, 2411.8125, 46
{'preprocess': 0.013210773468017578, 'inference': 0.05790829658508301, 'postprocess': 0.09075665473937988}, 2411.8125, 46
{'preprocess': 0.013252496719360352, 'inference': 0.058586835861206055, 'postprocess': 0.0896306037902832}, 2411.8125, 46
{'preprocess': 0.014047622680664062, 'inference': 0.059180498123168945, 'postprocess': 0.08933711051940918}, 2411.8125, 46
{'preprocess': 0.014241695404052734, 'inference': 0.05852198600769043, 'postprocess': 0.09033751487731934}, 2411.8125, 46
{'preprocess': 0.01336526870727539, 'inference': 0.058127403259277344, 'postprocess': 0.08969807624816895}, 2411.8125, 46
{'preprocess': 0.013978958129882812, 'inference': 0.059096574783325195, 'postprocess': 0.08957886695861816}, 2411.8125, 46
{'preprocess': 0.014206409454345703, 'inference': 0.058229684829711914, 'postprocess': 0.09108972549438477}, 2411.8125, 46
{'preprocess': 0.013780355453491211, 'inference': 0.05816054344177246, 'postprocess': 0.09026026725769043}, 2411.8125, 46
{'preprocess': 0.013371944427490234, 'inference': 0.0589597225189209, 'postprocess': 0.089813232421875}, 2411.8125, 46
{'preprocess': 0.017469167709350586, 'inference': 0.058130502700805664, 'postprocess': 0.0910646915435791}, 2411.8125, 46
{'preprocess': 0.013459444046020508, 'inference': 0.05868864059448242, 'postprocess': 0.08963537216186523}, 2411.8125, 46
{'preprocess': 0.013983964920043945, 'inference': 0.05877041816711426, 'postprocess': 0.09014654159545898}, 2413.8125, 45
{'preprocess': 0.013758420944213867, 'inference': 0.05812644958496094, 'postprocess': 0.09311389923095703}, 2413.8125, 45
{'preprocess': 0.014063358306884766, 'inference': 0.05912446975708008, 'postprocess': 0.09042644500732422}, 2413.8125, 45
{'preprocess': 0.013796567916870117, 'inference': 0.05804944038391113, 'postprocess': 0.09101653099060059}, 2413.8125, 45
{'preprocess': 0.013176441192626953, 'inference': 0.058472394943237305, 'postprocess': 0.09034872055053711}, 2413.8125, 45
{'preprocess': 0.013701915740966797, 'inference': 0.05896306037902832, 'postprocess': 0.09243106842041016}, 2413.8125, 45
{'preprocess': 0.013057947158813477, 'inference': 0.05809450149536133, 'postprocess': 0.09072566032409668}, 2413.8125, 45
{'preprocess': 0.013122797012329102, 'inference': 0.05939078330993652, 'postprocess': 0.09215998649597168}, 2413.8125, 45
{'preprocess': 0.014694452285766602, 'inference': 0.05830836296081543, 'postprocess': 0.09001755714416504}, 2413.8125, 45
{'preprocess': 0.01357889175415039, 'inference': 0.058020830154418945, 'postprocess': 0.09064102172851562}, 2413.8125, 45
{'preprocess': 0.014821529388427734, 'inference': 0.058988094329833984, 'postprocess': 0.09066462516784668}, 2413.8125, 45
{'preprocess': 0.01432943344116211, 'inference': 0.05814218521118164, 'postprocess': 0.09101152420043945}, 2413.8125, 45
{'preprocess': 0.013540029525756836, 'inference': 0.05833029747009277, 'postprocess': 0.09047341346740723}, 2413.8125, 44
{'preprocess': 0.01444244384765625, 'inference': 0.06045794486999512, 'postprocess': 0.09060430526733398}, 2413.8125, 44
{'preprocess': 0.013935327529907227, 'inference': 0.05792379379272461, 'postprocess': 0.09075307846069336}, 2413.8125, 44
{'preprocess': 0.013822555541992188, 'inference': 0.05906844139099121, 'postprocess': 0.08955621719360352}, 2413.8125, 44
{'preprocess': 0.014082193374633789, 'inference': 0.05834388732910156, 'postprocess': 0.09188723564147949}, 2413.8125, 44
{'preprocess': 0.013308048248291016, 'inference': 0.05798077583312988, 'postprocess': 0.09137582778930664}, 2413.8125, 44
{'preprocess': 0.014142036437988281, 'inference': 0.05880379676818848, 'postprocess': 0.09023380279541016}, 2413.8125, 44
{'preprocess': 0.014215946197509766, 'inference': 0.05917811393737793, 'postprocess': 0.09109759330749512}, 2413.8125, 44
{'preprocess': 0.013511896133422852, 'inference': 0.05911564826965332, 'postprocess': 0.08978033065795898}, 2413.8125, 44
{'preprocess': 0.013901710510253906, 'inference': 0.05882525444030762, 'postprocess': 0.09035730361938477}, 2413.8125, 44
{'preprocess': 0.013551712036132812, 'inference': 0.058083534240722656, 'postprocess': 0.09135270118713379}, 2413.8125, 44
{'preprocess': 0.013451814651489258, 'inference': 0.05915379524230957, 'postprocess': 0.09034204483032227}, 2413.8125, 44
{'preprocess': 0.013770103454589844, 'inference': 0.05795001983642578, 'postprocess': 0.09126472473144531}, 2413.8125, 44
{'preprocess': 0.014201879501342773, 'inference': 0.059992074966430664, 'postprocess': 0.0899815559387207}, 2413.8125, 44
{'preprocess': 0.013912200927734375, 'inference': 0.058324575424194336, 'postprocess': 0.09084558486938477}, 2413.8125, 44
{'preprocess': 0.013364791870117188, 'inference': 0.05810832977294922, 'postprocess': 0.09134292602539062}, 2413.8125, 44
{'preprocess': 0.013934135437011719, 'inference': 0.0592036247253418, 'postprocess': 0.09050655364990234}, 2413.8125, 44
{'preprocess': 0.014449119567871094, 'inference': 0.05837440490722656, 'postprocess': 0.09151959419250488}, 2413.8125, 46
{'preprocess': 0.013246297836303711, 'inference': 0.05837059020996094, 'postprocess': 0.09044098854064941}, 2413.8125, 46
{'preprocess': 0.01417851448059082, 'inference': 0.05917978286743164, 'postprocess': 0.09082746505737305}, 2413.8125, 46
{'preprocess': 0.013570785522460938, 'inference': 0.05796074867248535, 'postprocess': 0.09093379974365234}, 2413.8125, 46
{'preprocess': 0.013545751571655273, 'inference': 0.05891680717468262, 'postprocess': 0.08987045288085938}, 2413.8125, 46
{'preprocess': 0.013800859451293945, 'inference': 0.058396100997924805, 'postprocess': 0.09116387367248535}, 2413.8125, 46
{'preprocess': 0.013683795928955078, 'inference': 0.05769515037536621, 'postprocess': 0.09095287322998047}, 2413.8125, 45
{'preprocess': 0.013962745666503906, 'inference': 0.058998823165893555, 'postprocess': 0.09015917778015137}, 2413.8125, 45
{'preprocess': 0.014444351196289062, 'inference': 0.05825614929199219, 'postprocess': 0.0911552906036377}, 2413.8125, 45
{'preprocess': 0.013269901275634766, 'inference': 0.057795047760009766, 'postprocess': 0.09083962440490723}, 2413.8125, 45
{'preprocess': 0.014434814453125, 'inference': 0.05910015106201172, 'postprocess': 0.09092068672180176}, 2413.8125, 45
{'preprocess': 0.014063835144042969, 'inference': 0.05808401107788086, 'postprocess': 0.09180593490600586}, 2413.8125, 45
{'preprocess': 0.014032125473022461, 'inference': 0.05886435508728027, 'postprocess': 0.09017372131347656}, 2413.8125, 46
{'preprocess': 0.01364588737487793, 'inference': 0.05831551551818848, 'postprocess': 0.09131860733032227}, 2413.8125, 46
{'preprocess': 0.01360940933227539, 'inference': 0.058058738708496094, 'postprocess': 0.0907588005065918}, 2413.8125, 46
{'preprocess': 0.014399290084838867, 'inference': 0.05891299247741699, 'postprocess': 0.08969569206237793}, 2413.8125, 46
{'preprocess': 0.013981342315673828, 'inference': 0.05841398239135742, 'postprocess': 0.09067845344543457}, 2413.8125, 46
{'preprocess': 0.013682365417480469, 'inference': 0.057935476303100586, 'postprocess': 0.09157037734985352}, 2413.8125, 46
{'preprocess': 0.014277219772338867, 'inference': 0.058953285217285156, 'postprocess': 0.08973312377929688}, 2413.8125, 46
{'preprocess': 0.0140228271484375, 'inference': 0.058318376541137695, 'postprocess': 0.09147763252258301}, 2413.8125, 46
{'preprocess': 0.013745784759521484, 'inference': 0.05851292610168457, 'postprocess': 0.09066486358642578}, 2413.8125, 46
{'preprocess': 0.014038801193237305, 'inference': 0.0585479736328125, 'postprocess': 0.09128832817077637}, 2413.8125, 46
{'preprocess': 0.013433218002319336, 'inference': 0.05808234214782715, 'postprocess': 0.09105944633483887}, 2413.8125, 46
{'preprocess': 0.014416217803955078, 'inference': 0.05895590782165527, 'postprocess': 0.0905752182006836}, 2413.8125, 46
{'preprocess': 0.014466524124145508, 'inference': 0.058327674865722656, 'postprocess': 0.0915992259979248}, 2413.8125, 45
{'preprocess': 0.013253927230834961, 'inference': 0.058440208435058594, 'postprocess': 0.091278076171875}, 2413.8125, 45
{'preprocess': 0.013772964477539062, 'inference': 0.0588839054107666, 'postprocess': 0.09092903137207031}, 2413.8125, 45
{'preprocess': 0.013888835906982422, 'inference': 0.05800628662109375, 'postprocess': 0.0917806625366211}, 2413.8125, 45
{'preprocess': 0.014286518096923828, 'inference': 0.059073448181152344, 'postprocess': 0.09025955200195312}, 2413.8125, 45
{'preprocess': 0.014618635177612305, 'inference': 0.05828976631164551, 'postprocess': 0.09211039543151855}, 2413.8125, 45
{'preprocess': 0.013890743255615234, 'inference': 0.05914473533630371, 'postprocess': 0.08986592292785645}, 2413.8125, 45
{'preprocess': 0.013647317886352539, 'inference': 0.05879712104797363, 'postprocess': 0.09240555763244629}, 2413.8125, 45
{'preprocess': 0.013975381851196289, 'inference': 0.058078765869140625, 'postprocess': 0.09164237976074219}, 2413.8125, 45
{'preprocess': 0.014361858367919922, 'inference': 0.0590670108795166, 'postprocess': 0.09116172790527344}, 2413.8125, 45
{'preprocess': 0.013628005981445312, 'inference': 0.05794095993041992, 'postprocess': 0.09136080741882324}, 2413.8125, 45
{'preprocess': 0.014637947082519531, 'inference': 0.059099435806274414, 'postprocess': 0.09214997291564941}, 2413.8125, 45
{'preprocess': 0.013789176940917969, 'inference': 0.058148860931396484, 'postprocess': 0.09098482131958008}, 2413.8125, 44
{'preprocess': 0.013339042663574219, 'inference': 0.058477163314819336, 'postprocess': 0.09129118919372559}, 2413.8125, 44
{'preprocess': 0.013761758804321289, 'inference': 0.05843400955200195, 'postprocess': 0.09130358695983887}, 2413.8125, 44
{'preprocess': 0.013719320297241211, 'inference': 0.05811667442321777, 'postprocess': 0.09104394912719727}, 2413.8125, 44
{'preprocess': 0.014177560806274414, 'inference': 0.059264421463012695, 'postprocess': 0.09045648574829102}, 2413.8125, 44
{'preprocess': 0.014408349990844727, 'inference': 0.0581817626953125, 'postprocess': 0.09235620498657227}, 2413.8125, 44
{'preprocess': 0.0177152156829834, 'inference': 0.05905914306640625, 'postprocess': 0.09142017364501953}, 2413.8125, 43
{'preprocess': 0.0132904052734375, 'inference': 0.059421539306640625, 'postprocess': 0.09105682373046875}, 2413.8125, 43
{'preprocess': 0.014446496963500977, 'inference': 0.05903148651123047, 'postprocess': 0.09154748916625977}, 2413.8125, 43
{'preprocess': 0.013852596282958984, 'inference': 0.058135271072387695, 'postprocess': 0.0917816162109375}, 2413.8125, 43
{'preprocess': 0.01362156867980957, 'inference': 0.05898141860961914, 'postprocess': 0.09048318862915039}, 2413.8125, 43
{'preprocess': 0.01376485824584961, 'inference': 0.05843997001647949, 'postprocess': 0.09217381477355957}, 2413.8125, 43
{'preprocess': 0.013344049453735352, 'inference': 0.058194637298583984, 'postprocess': 0.0913701057434082}, 2413.8125, 44
{'preprocess': 0.013689517974853516, 'inference': 0.06066298484802246, 'postprocess': 0.09110021591186523}, 2413.8125, 44
{'preprocess': 0.013479232788085938, 'inference': 0.05795598030090332, 'postprocess': 0.09156060218811035}, 2413.8125, 44
{'preprocess': 0.014370203018188477, 'inference': 0.05901312828063965, 'postprocess': 0.09055376052856445}, 2413.8125, 44
{'preprocess': 0.014089584350585938, 'inference': 0.05819964408874512, 'postprocess': 0.0913398265838623}, 2413.8125, 44
{'preprocess': 0.013475894927978516, 'inference': 0.058737754821777344, 'postprocess': 0.09065365791320801}, 2413.8125, 46
{'preprocess': 0.013635873794555664, 'inference': 0.059261322021484375, 'postprocess': 0.09182381629943848}, 2413.8125, 46
{'preprocess': 0.01357412338256836, 'inference': 0.05842137336730957, 'postprocess': 0.09157896041870117}, 2413.8125, 46
{'preprocess': 0.014489889144897461, 'inference': 0.0591733455657959, 'postprocess': 0.0913691520690918}, 2413.8125, 46
{'preprocess': 0.013606548309326172, 'inference': 0.05794048309326172, 'postprocess': 0.09083342552185059}, 2413.8125, 46
{'preprocess': 0.013566255569458008, 'inference': 0.0582432746887207, 'postprocess': 0.0910794734954834}, 2413.8125, 46
{'preprocess': 0.013761758804321289, 'inference': 0.05845499038696289, 'postprocess': 0.09170651435852051}, 2413.8125, 45
{'preprocess': 0.013316869735717773, 'inference': 0.05796241760253906, 'postprocess': 0.09174990653991699}, 2413.8125, 45
{'preprocess': 0.013526201248168945, 'inference': 0.059325456619262695, 'postprocess': 0.09177494049072266}, 2413.8125, 45
{'preprocess': 0.013535499572753906, 'inference': 0.05804038047790527, 'postprocess': 0.09113693237304688}, 2413.8125, 45
{'preprocess': 0.014342784881591797, 'inference': 0.05896282196044922, 'postprocess': 0.09057426452636719}, 2413.8125, 45
{'preprocess': 0.014054536819458008, 'inference': 0.05823922157287598, 'postprocess': 0.09204483032226562}, 2413.8125, 45
{'preprocess': 0.013766765594482422, 'inference': 0.05846905708312988, 'postprocess': 0.09151721000671387}, 2413.8125, 45
{'preprocess': 0.013934850692749023, 'inference': 0.05840277671813965, 'postprocess': 0.09245038032531738}, 2413.8125, 45
{'preprocess': 0.013121366500854492, 'inference': 0.058153390884399414, 'postprocess': 0.09176182746887207}, 2413.8125, 45
{'preprocess': 0.013556957244873047, 'inference': 0.05909538269042969, 'postprocess': 0.09401106834411621}, 2413.8125, 45
{'preprocess': 0.01333475112915039, 'inference': 0.05887436866760254, 'postprocess': 0.09122300148010254}, 2413.8125, 45
{'preprocess': 0.013101577758789062, 'inference': 0.059568166732788086, 'postprocess': 0.09196972846984863}, 2413.8125, 45
{'preprocess': 0.013317108154296875, 'inference': 0.05869913101196289, 'postprocess': 0.09171891212463379}, 2413.8125, 46
{'preprocess': 0.014018058776855469, 'inference': 0.059438467025756836, 'postprocess': 0.09219813346862793}, 2413.8125, 46
{'preprocess': 0.01340937614440918, 'inference': 0.058371543884277344, 'postprocess': 0.09152364730834961}, 2413.8125, 46
{'preprocess': 0.0146331787109375, 'inference': 0.059421539306640625, 'postprocess': 0.09175229072570801}, 2413.8125, 46
{'preprocess': 0.013570070266723633, 'inference': 0.05835604667663574, 'postprocess': 0.09205842018127441}, 2413.8125, 46
{'preprocess': 0.014093160629272461, 'inference': 0.05951333045959473, 'postprocess': 0.09073567390441895}, 2413.8125, 46
{'preprocess': 0.014321327209472656, 'inference': 0.05854988098144531, 'postprocess': 0.09219765663146973}, 2413.8125, 46
{'preprocess': 0.014093399047851562, 'inference': 0.05943465232849121, 'postprocess': 0.09182047843933105}, 2413.8125, 46
{'preprocess': 0.013893842697143555, 'inference': 0.058509111404418945, 'postprocess': 0.0914297103881836}, 2413.8125, 46
{'preprocess': 0.013904333114624023, 'inference': 0.05927228927612305, 'postprocess': 0.09034252166748047}, 2413.8125, 46
{'preprocess': 0.014141321182250977, 'inference': 0.058628082275390625, 'postprocess': 0.09166073799133301}, 2413.8125, 46
{'preprocess': 0.013054132461547852, 'inference': 0.058785438537597656, 'postprocess': 0.09103178977966309}, 2413.8125, 46
{'preprocess': 0.013641595840454102, 'inference': 0.05945444107055664, 'postprocess': 0.09203743934631348}, 2413.8125, 44
{'preprocess': 0.013417482376098633, 'inference': 0.05886220932006836, 'postprocess': 0.09172701835632324}, 2413.8125, 44
{'preprocess': 0.013726949691772461, 'inference': 0.0591893196105957, 'postprocess': 0.09186673164367676}, 2413.8125, 44
{'preprocess': 0.013495445251464844, 'inference': 0.058261871337890625, 'postprocess': 0.09189033508300781}, 2413.8125, 44
{'preprocess': 0.014226436614990234, 'inference': 0.05932879447937012, 'postprocess': 0.09202909469604492}, 2413.8125, 44
{'preprocess': 0.013269662857055664, 'inference': 0.058260202407836914, 'postprocess': 0.09142708778381348}, 2413.8125, 44
{'preprocess': 0.014443397521972656, 'inference': 0.05945777893066406, 'postprocess': 0.0924692153930664}, 2413.8125, 44
{'preprocess': 0.013646125793457031, 'inference': 0.05962419509887695, 'postprocess': 0.09128618240356445}, 2413.8125, 44
{'preprocess': 0.014230966567993164, 'inference': 0.059455156326293945, 'postprocess': 0.09128212928771973}, 2413.8125, 44
{'preprocess': 0.013735294342041016, 'inference': 0.05835413932800293, 'postprocess': 0.09101486206054688}, 2413.8125, 44
{'preprocess': 0.013924121856689453, 'inference': 0.05927729606628418, 'postprocess': 0.09105563163757324}, 2413.8125, 44
{'preprocess': 0.014110326766967773, 'inference': 0.05854010581970215, 'postprocess': 0.09260725975036621}, 2413.8125, 44
{'preprocess': 0.013724088668823242, 'inference': 0.05941295623779297, 'postprocess': 0.0922231674194336}, 2413.8125, 45
{'preprocess': 0.014320135116577148, 'inference': 0.05930471420288086, 'postprocess': 0.09098601341247559}, 2413.8125, 45
{'preprocess': 0.013485193252563477, 'inference': 0.05950164794921875, 'postprocess': 0.09081697463989258}, 2413.8125, 45
{'preprocess': 0.014152050018310547, 'inference': 0.05863642692565918, 'postprocess': 0.09214305877685547}, 2413.8125, 45
{'preprocess': 0.013468742370605469, 'inference': 0.05922079086303711, 'postprocess': 0.09054064750671387}, 2413.8125, 45
{'preprocess': 0.013325691223144531, 'inference': 0.059450387954711914, 'postprocess': 0.0918114185333252}, 2413.8125, 46
{'preprocess': 0.013353824615478516, 'inference': 0.05873513221740723, 'postprocess': 0.09191679954528809}, 2413.8125, 46
{'preprocess': 0.013525247573852539, 'inference': 0.05919933319091797, 'postprocess': 0.09159398078918457}, 2413.8125, 46
{'preprocess': 0.013324975967407227, 'inference': 0.05837845802307129, 'postprocess': 0.09213995933532715}, 2413.8125, 46
{'preprocess': 0.014581918716430664, 'inference': 0.05937910079956055, 'postprocess': 0.09178328514099121}, 2413.8125, 46
{'preprocess': 0.013493537902832031, 'inference': 0.05822110176086426, 'postprocess': 0.0917510986328125}, 2413.8125, 46
{'preprocess': 0.014153242111206055, 'inference': 0.05951690673828125, 'postprocess': 0.09059453010559082}, 2413.8125, 46
{'preprocess': 0.014261484146118164, 'inference': 0.05825495719909668, 'postprocess': 0.0917963981628418}, 2413.8125, 46
{'preprocess': 0.01391148567199707, 'inference': 0.059511661529541016, 'postprocess': 0.09110665321350098}, 2413.8125, 46
{'preprocess': 0.014129638671875, 'inference': 0.058405399322509766, 'postprocess': 0.0916600227355957}, 2413.8125, 46
{'preprocess': 0.01361227035522461, 'inference': 0.05861520767211914, 'postprocess': 0.09102988243103027}, 2413.8125, 46
{'preprocess': 0.013735771179199219, 'inference': 0.05859565734863281, 'postprocess': 0.0912175178527832}, 2413.8125, 46
{'preprocess': 0.013211965560913086, 'inference': 0.057882070541381836, 'postprocess': 0.0916147232055664}, 2413.8125, 45
{'preprocess': 0.014493942260742188, 'inference': 0.05931973457336426, 'postprocess': 0.09177494049072266}, 2413.8125, 45
{'preprocess': 0.013599395751953125, 'inference': 0.05834627151489258, 'postprocess': 0.0917978286743164}, 2413.8125, 45
{'preprocess': 0.014168500900268555, 'inference': 0.0595088005065918, 'postprocess': 0.0906991958618164}, 2413.8125, 45
{'preprocess': 0.014223575592041016, 'inference': 0.05820894241333008, 'postprocess': 0.0914299488067627}, 2413.8125, 45
{'preprocess': 0.013968944549560547, 'inference': 0.05924582481384277, 'postprocess': 0.09014153480529785}, 2413.8125, 45
{'preprocess': 0.013521194458007812, 'inference': 0.05867791175842285, 'postprocess': 0.09172821044921875}, 2413.8125, 45
{'preprocess': 0.013266801834106445, 'inference': 0.05871009826660156, 'postprocess': 0.09230828285217285}, 2413.8125, 45
{'preprocess': 0.013559341430664062, 'inference': 0.05960488319396973, 'postprocess': 0.09225988388061523}, 2413.8125, 45
{'preprocess': 0.013059616088867188, 'inference': 0.05875515937805176, 'postprocess': 0.09112024307250977}, 2413.8125, 45
{'preprocess': 0.013833045959472656, 'inference': 0.059276580810546875, 'postprocess': 0.09125185012817383}, 2413.8125, 45
{'preprocess': 0.01361989974975586, 'inference': 0.05830979347229004, 'postprocess': 0.09181499481201172}, 2413.8125, 45
{'preprocess': 0.014438867568969727, 'inference': 0.05925416946411133, 'postprocess': 0.09190630912780762}, 2413.8125, 44
{'preprocess': 0.013499736785888672, 'inference': 0.0583796501159668, 'postprocess': 0.09349870681762695}, 2413.8125, 44
{'preprocess': 0.013934850692749023, 'inference': 0.05922245979309082, 'postprocess': 0.09135270118713379}, 2413.8125, 44
{'preprocess': 0.013385772705078125, 'inference': 0.058439016342163086, 'postprocess': 0.09207725524902344}, 2413.8125, 44
-------------------------------------------------------
Torch, 15x5, yolov5n, 640x384, 100/200frames average time.
pre_multi: False
infer_multi: False
post_multi: False
Average preprocess: 0.013842697143554688s
Average inference: 0.05881061553955078s
Average postprocess: 0.09153090238571167s
Average memory: 2413.8125MB
Average utilize: 44.91%
