{'preprocess': 0.0028619766235351562, 'inference': 0.010447978973388672, 'postprocess': 0.0037848949432373047}, 1803.8125, 10
{'preprocess': 0.002424001693725586, 'inference': 0.007516622543334961, 'postprocess': 0.0038938522338867188}, 1803.8125, 10
{'preprocess': 0.0030736923217773438, 'inference': 0.008797168731689453, 'postprocess': 0.003470182418823242}, 1803.8125, 10
{'preprocess': 0.0023407936096191406, 'inference': 0.008291244506835938, 'postprocess': 0.003610372543334961}, 1803.8125, 10
{'preprocess': 0.0022630691528320312, 'inference': 0.00731658935546875, 'postprocess': 0.0034477710723876953}, 1803.8125, 10
{'preprocess': 0.002443552017211914, 'inference': 0.0074770450592041016, 'postprocess': 0.0035681724548339844}, 1803.8125, 10
{'preprocess': 0.0014624595642089844, 'inference': 0.00801706314086914, 'postprocess': 0.003728628158569336}, 1803.8125, 10
{'preprocess': 0.0015909671783447266, 'inference': 0.007359743118286133, 'postprocess': 0.004137516021728516}, 1803.8125, 10
{'preprocess': 0.0015456676483154297, 'inference': 0.007407665252685547, 'postprocess': 0.0040435791015625}, 1803.8125, 10
{'preprocess': 0.0016264915466308594, 'inference': 0.007657527923583984, 'postprocess': 0.0042035579681396484}, 1803.8125, 10
{'preprocess': 0.0016388893127441406, 'inference': 0.007715463638305664, 'postprocess': 0.0049440860748291016}, 1803.8125, 10
{'preprocess': 0.0015549659729003906, 'inference': 0.008714437484741211, 'postprocess': 0.0033087730407714844}, 1803.8125, 10
{'preprocess': 0.0014638900756835938, 'inference': 0.008326292037963867, 'postprocess': 0.003633737564086914}, 1803.8125, 10
{'preprocess': 0.0014560222625732422, 'inference': 0.008873939514160156, 'postprocess': 0.0038940906524658203}, 1803.8125, 10
{'preprocess': 0.0014491081237792969, 'inference': 0.009334564208984375, 'postprocess': 0.0035140514373779297}, 1803.8125, 10
{'preprocess': 0.001598358154296875, 'inference': 0.009715557098388672, 'postprocess': 0.003500699996948242}, 1803.8125, 10
{'preprocess': 0.0014376640319824219, 'inference': 0.008829355239868164, 'postprocess': 0.0046825408935546875}, 1803.8125, 10
{'preprocess': 0.0014810562133789062, 'inference': 0.009579181671142578, 'postprocess': 0.00403285026550293}, 1803.8125, 10
{'preprocess': 0.0014562606811523438, 'inference': 0.008372306823730469, 'postprocess': 0.004133701324462891}, 1803.8125, 10
{'preprocess': 0.0014464855194091797, 'inference': 0.008768558502197266, 'postprocess': 0.0046155452728271484}, 1803.8125, 10
{'preprocess': 0.0014739036560058594, 'inference': 0.007760763168334961, 'postprocess': 0.00441431999206543}, 1803.8125, 10
{'preprocess': 0.0014331340789794922, 'inference': 0.007677555084228516, 'postprocess': 0.004700660705566406}, 1803.8125, 10
{'preprocess': 0.0014133453369140625, 'inference': 0.007663249969482422, 'postprocess': 0.00452733039855957}, 1803.8125, 10
{'preprocess': 0.0014369487762451172, 'inference': 0.007435321807861328, 'postprocess': 0.004952192306518555}, 1803.8125, 10
{'preprocess': 0.0014827251434326172, 'inference': 0.007700681686401367, 'postprocess': 0.0042531490325927734}, 1803.8125, 10
{'preprocess': 0.001421213150024414, 'inference': 0.007303476333618164, 'postprocess': 0.00438237190246582}, 1803.8125, 10
{'preprocess': 0.0015473365783691406, 'inference': 0.0076639652252197266, 'postprocess': 0.0038335323333740234}, 1803.8125, 10
{'preprocess': 0.0015292167663574219, 'inference': 0.0068700313568115234, 'postprocess': 0.003650188446044922}, 1803.8125, 10
{'preprocess': 0.0015594959259033203, 'inference': 0.007210493087768555, 'postprocess': 0.0034444332122802734}, 1803.8125, 26
{'preprocess': 0.0023441314697265625, 'inference': 0.008774518966674805, 'postprocess': 0.0036308765411376953}, 1803.8125, 26
{'preprocess': 0.002340078353881836, 'inference': 0.0077364444732666016, 'postprocess': 0.0038442611694335938}, 1803.8125, 26
{'preprocess': 0.0024611949920654297, 'inference': 0.008875370025634766, 'postprocess': 0.0030488967895507812}, 1803.8125, 26
{'preprocess': 0.002530813217163086, 'inference': 0.008015632629394531, 'postprocess': 0.0031783580780029297}, 1803.8125, 26
{'preprocess': 0.002717733383178711, 'inference': 0.008047819137573242, 'postprocess': 0.0032317638397216797}, 1803.8125, 26
{'preprocess': 0.001615762710571289, 'inference': 0.009078264236450195, 'postprocess': 0.003519296646118164}, 1803.8125, 26
{'preprocess': 0.0028886795043945312, 'inference': 0.007469654083251953, 'postprocess': 0.005322456359863281}, 1803.8125, 26
{'preprocess': 0.0027778148651123047, 'inference': 0.007502317428588867, 'postprocess': 0.003606557846069336}, 1803.8125, 26
{'preprocess': 0.002312183380126953, 'inference': 0.008734941482543945, 'postprocess': 0.0033986568450927734}, 1803.8125, 26
{'preprocess': 0.0024471282958984375, 'inference': 0.008067846298217773, 'postprocess': 0.0037310123443603516}, 1803.8125, 26
{'preprocess': 0.0025331974029541016, 'inference': 0.007616281509399414, 'postprocess': 0.003979206085205078}, 1803.8125, 26
{'preprocess': 0.002216339111328125, 'inference': 0.008517265319824219, 'postprocess': 0.0037603378295898438}, 1803.8125, 26
{'preprocess': 0.002292633056640625, 'inference': 0.008197784423828125, 'postprocess': 0.0034952163696289062}, 1803.8125, 26
{'preprocess': 0.0014941692352294922, 'inference': 0.009126901626586914, 'postprocess': 0.0038526058197021484}, 1803.8125, 26
{'preprocess': 0.0014777183532714844, 'inference': 0.0089263916015625, 'postprocess': 0.0035893917083740234}, 1803.8125, 26
{'preprocess': 0.0015118122100830078, 'inference': 0.009427309036254883, 'postprocess': 0.0035402774810791016}, 1803.8125, 26
{'preprocess': 0.0015361309051513672, 'inference': 0.007819414138793945, 'postprocess': 0.0033621788024902344}, 1803.8125, 26
{'preprocess': 0.0014460086822509766, 'inference': 0.0067903995513916016, 'postprocess': 0.004392385482788086}, 1803.8125, 26
{'preprocess': 0.0018284320831298828, 'inference': 0.006822109222412109, 'postprocess': 0.004732608795166016}, 1803.8125, 26
{'preprocess': 0.001733541488647461, 'inference': 0.007115602493286133, 'postprocess': 0.005424976348876953}, 1803.8125, 26
{'preprocess': 0.0014984607696533203, 'inference': 0.008814096450805664, 'postprocess': 0.003988504409790039}, 1803.8125, 26
{'preprocess': 0.001455068588256836, 'inference': 0.008815765380859375, 'postprocess': 0.003511667251586914}, 1803.8125, 26
{'preprocess': 0.0014579296112060547, 'inference': 0.007458209991455078, 'postprocess': 0.0055735111236572266}, 1803.8125, 26
{'preprocess': 0.0016162395477294922, 'inference': 0.0074005126953125, 'postprocess': 0.005021095275878906}, 1803.8125, 26
{'preprocess': 0.0014715194702148438, 'inference': 0.0076181888580322266, 'postprocess': 0.0038907527923583984}, 1803.8125, 26
{'preprocess': 0.001535177230834961, 'inference': 0.007268428802490234, 'postprocess': 0.0037102699279785156}, 1803.8125, 26
{'preprocess': 0.0014371871948242188, 'inference': 0.007126808166503906, 'postprocess': 0.004932880401611328}, 1803.8125, 26
{'preprocess': 0.00144195556640625, 'inference': 0.007839441299438477, 'postprocess': 0.0066030025482177734}, 1803.8125, 26
{'preprocess': 0.0017230510711669922, 'inference': 0.007613182067871094, 'postprocess': 0.005912065505981445}, 1803.8125, 26
{'preprocess': 0.0014927387237548828, 'inference': 0.007639884948730469, 'postprocess': 0.004578828811645508}, 1803.8125, 26
{'preprocess': 0.0014100074768066406, 'inference': 0.007257699966430664, 'postprocess': 0.004043102264404297}, 1803.8125, 26
{'preprocess': 0.0014498233795166016, 'inference': 0.007005214691162109, 'postprocess': 0.004033088684082031}, 1803.8125, 26
{'preprocess': 0.0015506744384765625, 'inference': 0.0069119930267333984, 'postprocess': 0.007215023040771484}, 1803.8125, 26
{'preprocess': 0.001435995101928711, 'inference': 0.006185054779052734, 'postprocess': 0.0051114559173583984}, 1803.8125, 26
{'preprocess': 0.0015006065368652344, 'inference': 0.0059051513671875, 'postprocess': 0.0033855438232421875}, 1803.8125, 26
{'preprocess': 0.002279520034790039, 'inference': 0.008135080337524414, 'postprocess': 0.0035414695739746094}, 1803.8125, 26
{'preprocess': 0.0023603439331054688, 'inference': 0.009103775024414062, 'postprocess': 0.00330352783203125}, 1803.8125, 26
{'preprocess': 0.002434253692626953, 'inference': 0.00682830810546875, 'postprocess': 0.004141092300415039}, 1803.8125, 26
{'preprocess': 0.0026433467864990234, 'inference': 0.008488893508911133, 'postprocess': 0.0034334659576416016}, 1803.8125, 26
{'preprocess': 0.002751588821411133, 'inference': 0.007933616638183594, 'postprocess': 0.0038902759552001953}, 1803.8125, 26
{'preprocess': 0.0025386810302734375, 'inference': 0.007839679718017578, 'postprocess': 0.0038900375366210938}, 1803.8125, 26
{'preprocess': 0.0025212764739990234, 'inference': 0.008196830749511719, 'postprocess': 0.004466056823730469}, 1803.8125, 26
{'preprocess': 0.0023174285888671875, 'inference': 0.007714509963989258, 'postprocess': 0.00425410270690918}, 1803.8125, 26
{'preprocess': 0.002213001251220703, 'inference': 0.008431434631347656, 'postprocess': 0.003857851028442383}, 1803.8125, 26
{'preprocess': 0.0021278858184814453, 'inference': 0.008273601531982422, 'postprocess': 0.0040740966796875}, 1803.8125, 26
{'preprocess': 0.0019421577453613281, 'inference': 0.008103370666503906, 'postprocess': 0.0036890506744384766}, 1803.8125, 26
{'preprocess': 0.002116680145263672, 'inference': 0.007368803024291992, 'postprocess': 0.0038089752197265625}, 1803.8125, 26
{'preprocess': 0.002474069595336914, 'inference': 0.00821232795715332, 'postprocess': 0.003454923629760742}, 1803.8125, 26
{'preprocess': 0.002520322799682617, 'inference': 0.008011817932128906, 'postprocess': 0.0032231807708740234}, 1803.8125, 26
{'preprocess': 0.0016007423400878906, 'inference': 0.00965428352355957, 'postprocess': 0.0035331249237060547}, 1803.8125, 26
{'preprocess': 0.0020546913146972656, 'inference': 0.008394479751586914, 'postprocess': 0.0038073062896728516}, 1803.8125, 26
{'preprocess': 0.0019621849060058594, 'inference': 0.008749008178710938, 'postprocess': 0.0034227371215820312}, 1803.8125, 26
{'preprocess': 0.0015845298767089844, 'inference': 0.00895833969116211, 'postprocess': 0.00414276123046875}, 1803.8125, 26
{'preprocess': 0.002444744110107422, 'inference': 0.007791280746459961, 'postprocess': 0.003912925720214844}, 1803.8125, 26
{'preprocess': 0.0014965534210205078, 'inference': 0.009464263916015625, 'postprocess': 0.00404667854309082}, 1803.8125, 26
{'preprocess': 0.0025262832641601562, 'inference': 0.007838726043701172, 'postprocess': 0.004583835601806641}, 1803.8125, 26
{'preprocess': 0.0024564266204833984, 'inference': 0.007405281066894531, 'postprocess': 0.00431370735168457}, 1803.8125, 26
{'preprocess': 0.00244140625, 'inference': 0.00863337516784668, 'postprocess': 0.0037200450897216797}, 1803.8125, 26
{'preprocess': 0.002345561981201172, 'inference': 0.008064508438110352, 'postprocess': 0.0038535594940185547}, 1803.8125, 26
{'preprocess': 0.002305746078491211, 'inference': 0.008569717407226562, 'postprocess': 0.0043849945068359375}, 1803.8125, 26
{'preprocess': 0.0017888545989990234, 'inference': 0.0075817108154296875, 'postprocess': 0.004594087600708008}, 1803.8125, 26
{'preprocess': 0.001735687255859375, 'inference': 0.008342504501342773, 'postprocess': 0.0045664310455322266}, 1803.8125, 26
{'preprocess': 0.0017468929290771484, 'inference': 0.007485866546630859, 'postprocess': 0.004240751266479492}, 1803.8125, 41
{'preprocess': 0.0016613006591796875, 'inference': 0.008594512939453125, 'postprocess': 0.003704071044921875}, 1803.8125, 41
{'preprocess': 0.001726388931274414, 'inference': 0.008275508880615234, 'postprocess': 0.0035619735717773438}, 1803.8125, 41
{'preprocess': 0.0015931129455566406, 'inference': 0.008957624435424805, 'postprocess': 0.0057032108306884766}, 1803.8125, 41
{'preprocess': 0.0014421939849853516, 'inference': 0.006867408752441406, 'postprocess': 0.006204843521118164}, 1803.8125, 41
{'preprocess': 0.0014700889587402344, 'inference': 0.00888681411743164, 'postprocess': 0.003723621368408203}, 1803.8125, 41
{'preprocess': 0.0014340877532958984, 'inference': 0.007029533386230469, 'postprocess': 0.003712177276611328}, 1803.8125, 41
{'preprocess': 0.0016515254974365234, 'inference': 0.0070040225982666016, 'postprocess': 0.004971027374267578}, 1803.8125, 41
{'preprocess': 0.0016756057739257812, 'inference': 0.009225130081176758, 'postprocess': 0.0038764476776123047}, 1803.8125, 41
{'preprocess': 0.0016753673553466797, 'inference': 0.008308649063110352, 'postprocess': 0.004856586456298828}, 1803.8125, 41
{'preprocess': 0.0014338493347167969, 'inference': 0.0074880123138427734, 'postprocess': 0.00444483757019043}, 1803.8125, 41
{'preprocess': 0.001468658447265625, 'inference': 0.007003068923950195, 'postprocess': 0.0038886070251464844}, 1803.8125, 41
{'preprocess': 0.0015492439270019531, 'inference': 0.006826639175415039, 'postprocess': 0.0049457550048828125}, 1803.8125, 41
{'preprocess': 0.0016679763793945312, 'inference': 0.007814168930053711, 'postprocess': 0.003625154495239258}, 1803.8125, 41
{'preprocess': 0.002056121826171875, 'inference': 0.008273601531982422, 'postprocess': 0.003763437271118164}, 1803.8125, 41
{'preprocess': 0.0017604827880859375, 'inference': 0.008277177810668945, 'postprocess': 0.0035386085510253906}, 1803.8125, 41
{'preprocess': 0.001985788345336914, 'inference': 0.00823211669921875, 'postprocess': 0.0033550262451171875}, 1803.8125, 41
{'preprocess': 0.0019099712371826172, 'inference': 0.008610248565673828, 'postprocess': 0.0033578872680664062}, 1803.8125, 41
{'preprocess': 0.0022521018981933594, 'inference': 0.007472038269042969, 'postprocess': 0.003777027130126953}, 1803.8125, 41
{'preprocess': 0.0024394989013671875, 'inference': 0.007262229919433594, 'postprocess': 0.0036470890045166016}, 1803.8125, 41
{'preprocess': 0.0014336109161376953, 'inference': 0.009798288345336914, 'postprocess': 0.003969669342041016}, 1803.8125, 41
{'preprocess': 0.002518892288208008, 'inference': 0.006569385528564453, 'postprocess': 0.00370025634765625}, 1803.8125, 41
{'preprocess': 0.0014798641204833984, 'inference': 0.006660938262939453, 'postprocess': 0.004976749420166016}, 1803.8125, 41
{'preprocess': 0.0016126632690429688, 'inference': 0.006875753402709961, 'postprocess': 0.00459599494934082}, 1803.8125, 41
{'preprocess': 0.001493692398071289, 'inference': 0.008854389190673828, 'postprocess': 0.003513813018798828}, 1803.8125, 41
{'preprocess': 0.001631021499633789, 'inference': 0.007222414016723633, 'postprocess': 0.0047643184661865234}, 1803.8125, 41
{'preprocess': 0.001878976821899414, 'inference': 0.006834268569946289, 'postprocess': 0.004974365234375}, 1803.8125, 41
{'preprocess': 0.0016896724700927734, 'inference': 0.009361743927001953, 'postprocess': 0.0037660598754882812}, 1803.8125, 41
{'preprocess': 0.001995563507080078, 'inference': 0.007863998413085938, 'postprocess': 0.003871917724609375}, 1803.8125, 41
{'preprocess': 0.0018358230590820312, 'inference': 0.008907318115234375, 'postprocess': 0.0035359859466552734}, 1803.8125, 41
{'preprocess': 0.0014591217041015625, 'inference': 0.008751869201660156, 'postprocess': 0.004092693328857422}, 1803.8125, 41
{'preprocess': 0.0014834403991699219, 'inference': 0.008670330047607422, 'postprocess': 0.0036110877990722656}, 1803.8125, 41
{'preprocess': 0.0014586448669433594, 'inference': 0.007136106491088867, 'postprocess': 0.006262779235839844}, 1803.8125, 41
{'preprocess': 0.0014867782592773438, 'inference': 0.007420778274536133, 'postprocess': 0.004667043685913086}, 1803.8125, 41
{'preprocess': 0.0015058517456054688, 'inference': 0.007185935974121094, 'postprocess': 0.0055773258209228516}, 1803.8125, 41
{'preprocess': 0.0014293193817138672, 'inference': 0.0074846744537353516, 'postprocess': 0.005441427230834961}, 1803.8125, 41
{'preprocess': 0.001653909683227539, 'inference': 0.007589578628540039, 'postprocess': 0.00565648078918457}, 1803.8125, 41
{'preprocess': 0.0014863014221191406, 'inference': 0.00693821907043457, 'postprocess': 0.005381584167480469}, 1803.8125, 41
{'preprocess': 0.0014617443084716797, 'inference': 0.007263660430908203, 'postprocess': 0.003980875015258789}, 1803.8125, 41
{'preprocess': 0.0014202594757080078, 'inference': 0.007383823394775391, 'postprocess': 0.0045528411865234375}, 1803.8125, 41
{'preprocess': 0.0015099048614501953, 'inference': 0.007413148880004883, 'postprocess': 0.00490260124206543}, 1803.8125, 41
{'preprocess': 0.0015268325805664062, 'inference': 0.007207632064819336, 'postprocess': 0.005282878875732422}, 1803.8125, 41
{'preprocess': 0.0014519691467285156, 'inference': 0.009418725967407227, 'postprocess': 0.0035123825073242188}, 1803.8125, 41
{'preprocess': 0.0015740394592285156, 'inference': 0.007649421691894531, 'postprocess': 0.004396677017211914}, 1803.8125, 41
{'preprocess': 0.0016274452209472656, 'inference': 0.006956577301025391, 'postprocess': 0.0051457881927490234}, 1803.8125, 41
{'preprocess': 0.0015931129455566406, 'inference': 0.007072925567626953, 'postprocess': 0.0034742355346679688}, 1803.8125, 41
{'preprocess': 0.001828908920288086, 'inference': 0.007328033447265625, 'postprocess': 0.0036623477935791016}, 1803.8125, 41
{'preprocess': 0.002017974853515625, 'inference': 0.008171319961547852, 'postprocess': 0.003412008285522461}, 1803.8125, 41
{'preprocess': 0.0024213790893554688, 'inference': 0.007796525955200195, 'postprocess': 0.00328826904296875}, 1803.8125, 41
{'preprocess': 0.0022957324981689453, 'inference': 0.008672237396240234, 'postprocess': 0.00370025634765625}, 1803.8125, 41
{'preprocess': 0.002545595169067383, 'inference': 0.00794839859008789, 'postprocess': 0.0037660598754882812}, 1803.8125, 41
{'preprocess': 0.00272369384765625, 'inference': 0.007736682891845703, 'postprocess': 0.003720521926879883}, 1803.8125, 41
{'preprocess': 0.002537965774536133, 'inference': 0.008236885070800781, 'postprocess': 0.00363922119140625}, 1803.8125, 41
{'preprocess': 0.002511739730834961, 'inference': 0.00801849365234375, 'postprocess': 0.0036411285400390625}, 1803.8125, 41
{'preprocess': 0.002168416976928711, 'inference': 0.008340597152709961, 'postprocess': 0.0037508010864257812}, 1803.8125, 41
{'preprocess': 0.0015494823455810547, 'inference': 0.008936643600463867, 'postprocess': 0.003944873809814453}, 1803.8125, 41
{'preprocess': 0.0018625259399414062, 'inference': 0.008575677871704102, 'postprocess': 0.0036635398864746094}, 1803.8125, 41
{'preprocess': 0.0014934539794921875, 'inference': 0.009176015853881836, 'postprocess': 0.0034792423248291016}, 1803.8125, 41
{'preprocess': 0.0014672279357910156, 'inference': 0.00904083251953125, 'postprocess': 0.003754138946533203}, 1803.8125, 41
{'preprocess': 0.0015096664428710938, 'inference': 0.008840560913085938, 'postprocess': 0.0038678646087646484}, 1803.8125, 41
{'preprocess': 0.0014827251434326172, 'inference': 0.008004903793334961, 'postprocess': 0.0039026737213134766}, 1803.8125, 41
{'preprocess': 0.001453399658203125, 'inference': 0.007002353668212891, 'postprocess': 0.0045888423919677734}, 1803.8125, 41
{'preprocess': 0.0015304088592529297, 'inference': 0.0070917606353759766, 'postprocess': 0.0037927627563476562}, 1803.8125, 41
{'preprocess': 0.0018677711486816406, 'inference': 0.007426261901855469, 'postprocess': 0.0037772655487060547}, 1803.8125, 42
{'preprocess': 0.0014545917510986328, 'inference': 0.007525444030761719, 'postprocess': 0.0046727657318115234}, 1803.8125, 42
{'preprocess': 0.0014774799346923828, 'inference': 0.007687807083129883, 'postprocess': 0.005545139312744141}, 1803.8125, 42
{'preprocess': 0.0014996528625488281, 'inference': 0.007727861404418945, 'postprocess': 0.004952907562255859}, 1803.8125, 42
{'preprocess': 0.0014452934265136719, 'inference': 0.008011102676391602, 'postprocess': 0.0037593841552734375}, 1803.8125, 42
{'preprocess': 0.0014600753784179688, 'inference': 0.007944583892822266, 'postprocess': 0.0037147998809814453}, 1803.8125, 42
{'preprocess': 0.0014083385467529297, 'inference': 0.00715947151184082, 'postprocess': 0.004899740219116211}, 1803.8125, 42
{'preprocess': 0.0015919208526611328, 'inference': 0.0072023868560791016, 'postprocess': 0.004843473434448242}, 1803.8125, 42
{'preprocess': 0.0015718936920166016, 'inference': 0.007246494293212891, 'postprocess': 0.0034122467041015625}, 1803.8125, 42
{'preprocess': 0.0018796920776367188, 'inference': 0.008033037185668945, 'postprocess': 0.003549814224243164}, 1803.8125, 42
{'preprocess': 0.0016033649444580078, 'inference': 0.0068318843841552734, 'postprocess': 0.003770112991333008}, 1803.8125, 42
{'preprocess': 0.002100229263305664, 'inference': 0.008506536483764648, 'postprocess': 0.003309488296508789}, 1803.8125, 42
{'preprocess': 0.0016415119171142578, 'inference': 0.006913185119628906, 'postprocess': 0.004209756851196289}, 1803.8125, 42
{'preprocess': 0.0016446113586425781, 'inference': 0.0074841976165771484, 'postprocess': 0.0037717819213867188}, 1803.8125, 42
{'preprocess': 0.0018987655639648438, 'inference': 0.008167743682861328, 'postprocess': 0.0034189224243164062}, 1803.8125, 42
{'preprocess': 0.002167940139770508, 'inference': 0.008029937744140625, 'postprocess': 0.003399372100830078}, 1803.8125, 42
{'preprocess': 0.002410411834716797, 'inference': 0.007393360137939453, 'postprocess': 0.003880023956298828}, 1803.8125, 42
{'preprocess': 0.002178192138671875, 'inference': 0.007520914077758789, 'postprocess': 0.003566741943359375}, 1803.8125, 42
{'preprocess': 0.0016698837280273438, 'inference': 0.00956583023071289, 'postprocess': 0.0036363601684570312}, 1803.8125, 42
{'preprocess': 0.0015976428985595703, 'inference': 0.008928775787353516, 'postprocess': 0.0037484169006347656}, 1803.8125, 42
{'preprocess': 0.0014488697052001953, 'inference': 0.0075206756591796875, 'postprocess': 0.004751920700073242}, 1803.8125, 42
{'preprocess': 0.0015969276428222656, 'inference': 0.0071048736572265625, 'postprocess': 0.004153251647949219}, 1803.8125, 42
{'preprocess': 0.0016546249389648438, 'inference': 0.00677037239074707, 'postprocess': 0.0037641525268554688}, 1803.8125, 42
{'preprocess': 0.00167083740234375, 'inference': 0.007311820983886719, 'postprocess': 0.004605531692504883}, 1803.8125, 42
{'preprocess': 0.0014603137969970703, 'inference': 0.007500648498535156, 'postprocess': 0.005036115646362305}, 1803.8125, 42
{'preprocess': 0.0014758110046386719, 'inference': 0.0077168941497802734, 'postprocess': 0.004701137542724609}, 1803.8125, 42
{'preprocess': 0.0014941692352294922, 'inference': 0.0073184967041015625, 'postprocess': 0.004153728485107422}, 1803.8125, 42
{'preprocess': 0.0014934539794921875, 'inference': 0.0075151920318603516, 'postprocess': 0.005339384078979492}, 1803.8125, 42
{'preprocess': 0.001489877700805664, 'inference': 0.008304834365844727, 'postprocess': 0.005720376968383789}, 1803.8125, 42
{'preprocess': 0.0015113353729248047, 'inference': 0.0074002742767333984, 'postprocess': 0.004906654357910156}, 1803.8125, 42
{'preprocess': 0.0014674663543701172, 'inference': 0.00908970832824707, 'postprocess': 0.005852699279785156}, 1803.8125, 42
{'preprocess': 0.0015115737915039062, 'inference': 0.00678706169128418, 'postprocess': 0.005508899688720703}, 1803.8125, 42
{'preprocess': 0.0014843940734863281, 'inference': 0.007122993469238281, 'postprocess': 0.0051534175872802734}, 1803.8125, 42
{'preprocess': 0.0014638900756835938, 'inference': 0.00774693489074707, 'postprocess': 0.004961252212524414}, 1803.8125, 42
{'preprocess': 0.001519918441772461, 'inference': 0.007566928863525391, 'postprocess': 0.004460811614990234}, 1803.8125, 42
{'preprocess': 0.001478433609008789, 'inference': 0.007443428039550781, 'postprocess': 0.00480961799621582}, 1803.8125, 42
{'preprocess': 0.0014150142669677734, 'inference': 0.007581949234008789, 'postprocess': 0.00475621223449707}, 1803.8125, 42
{'preprocess': 0.0015583038330078125, 'inference': 0.00711512565612793, 'postprocess': 0.0034673213958740234}, 1803.8125, 42
{'preprocess': 0.001562356948852539, 'inference': 0.007232666015625, 'postprocess': 0.0043010711669921875}, 1803.8125, 42
{'preprocess': 0.001584768295288086, 'inference': 0.007444858551025391, 'postprocess': 0.004590511322021484}, 1803.8125, 42
{'preprocess': 0.0017828941345214844, 'inference': 0.00883173942565918, 'postprocess': 0.0032644271850585938}, 1803.8125, 42
{'preprocess': 0.0019588470458984375, 'inference': 0.007327079772949219, 'postprocess': 0.003572702407836914}, 1803.8125, 42
{'preprocess': 0.0023581981658935547, 'inference': 0.008052825927734375, 'postprocess': 0.0036652088165283203}, 1803.8125, 42
{'preprocess': 0.002081632614135742, 'inference': 0.0076558589935302734, 'postprocess': 0.003607511520385742}, 1803.8125, 42
-------------------------------------------------------
Tensort, 1x5, yolov5n, 640x384, 100/200frames average time.
pre_multi: True
infer_multi: True
post_multi: True
Average preprocess: 0.0017171812057495117s
Average inference: 0.007779769897460938s
Average postprocess: 0.004221723079681396s
Average memory: 1803.8125MB
Average utilize: 41.44%


{'preprocess': 0.002877473831176758, 'inference': 0.007697105407714844, 'postprocess': 0.0017559528350830078}, 1758.125, 6
{'preprocess': 0.0016455650329589844, 'inference': 0.006231784820556641, 'postprocess': 0.0014395713806152344}, 1758.125, 6
{'preprocess': 0.0014393329620361328, 'inference': 0.006232023239135742, 'postprocess': 0.0015246868133544922}, 1758.125, 6
{'preprocess': 0.0015034675598144531, 'inference': 0.006197690963745117, 'postprocess': 0.0015039443969726562}, 1758.125, 6
{'preprocess': 0.0014574527740478516, 'inference': 0.006346225738525391, 'postprocess': 0.001556396484375}, 1758.125, 6
{'preprocess': 0.00156402587890625, 'inference': 0.0062677860260009766, 'postprocess': 0.001537322998046875}, 1758.125, 6
{'preprocess': 0.0015447139739990234, 'inference': 0.006242513656616211, 'postprocess': 0.0015032291412353516}, 1758.125, 6
{'preprocess': 0.0014469623565673828, 'inference': 0.006249189376831055, 'postprocess': 0.0014948844909667969}, 1758.125, 6
{'preprocess': 0.0014548301696777344, 'inference': 0.006217241287231445, 'postprocess': 0.0015218257904052734}, 1758.125, 6
{'preprocess': 0.0014336109161376953, 'inference': 0.0061953067779541016, 'postprocess': 0.0015249252319335938}, 1758.125, 12
{'preprocess': 0.0014579296112060547, 'inference': 0.00618743896484375, 'postprocess': 0.001483917236328125}, 1758.125, 12
{'preprocess': 0.0014574527740478516, 'inference': 0.0061948299407958984, 'postprocess': 0.0014731884002685547}, 1758.125, 12
{'preprocess': 0.0015234947204589844, 'inference': 0.006182432174682617, 'postprocess': 0.0015931129455566406}, 1758.125, 12
{'preprocess': 0.00148773193359375, 'inference': 0.006189107894897461, 'postprocess': 0.0014734268188476562}, 1758.125, 12
{'preprocess': 0.0014579296112060547, 'inference': 0.0061872005462646484, 'postprocess': 0.001589059829711914}, 1758.125, 12
{'preprocess': 0.0015349388122558594, 'inference': 0.005940437316894531, 'postprocess': 0.0015807151794433594}, 1758.125, 12
{'preprocess': 0.0016331672668457031, 'inference': 0.005222797393798828, 'postprocess': 0.0014803409576416016}, 1758.125, 12
{'preprocess': 0.0018835067749023438, 'inference': 0.005433797836303711, 'postprocess': 0.0015764236450195312}, 1758.125, 12
{'preprocess': 0.0014758110046386719, 'inference': 0.006180524826049805, 'postprocess': 0.0014655590057373047}, 1758.125, 12
{'preprocess': 0.001422882080078125, 'inference': 0.005246162414550781, 'postprocess': 0.0014843940734863281}, 1758.125, 12
{'preprocess': 0.001687765121459961, 'inference': 0.005218029022216797, 'postprocess': 0.0014753341674804688}, 1758.125, 12
{'preprocess': 0.0015883445739746094, 'inference': 0.005494356155395508, 'postprocess': 0.00148773193359375}, 1758.125, 12
{'preprocess': 0.0015566349029541016, 'inference': 0.005556583404541016, 'postprocess': 0.0016651153564453125}, 1758.125, 12
{'preprocess': 0.0014774799346923828, 'inference': 0.0052471160888671875, 'postprocess': 0.0015621185302734375}, 1758.125, 12
{'preprocess': 0.0017056465148925781, 'inference': 0.005299568176269531, 'postprocess': 0.0014755725860595703}, 1758.125, 12
{'preprocess': 0.0015103816986083984, 'inference': 0.005527019500732422, 'postprocess': 0.001466512680053711}, 1758.125, 12
{'preprocess': 0.0014874935150146484, 'inference': 0.0052263736724853516, 'postprocess': 0.0014743804931640625}, 1758.125, 12
{'preprocess': 0.001814126968383789, 'inference': 0.0054819583892822266, 'postprocess': 0.0015826225280761719}, 1758.125, 12
{'preprocess': 0.0014584064483642578, 'inference': 0.006307363510131836, 'postprocess': 0.0014772415161132812}, 1758.125, 12
{'preprocess': 0.0015680789947509766, 'inference': 0.005290985107421875, 'postprocess': 0.0014765262603759766}, 1758.125, 12
{'preprocess': 0.00174713134765625, 'inference': 0.005283832550048828, 'postprocess': 0.0015823841094970703}, 1758.125, 12
{'preprocess': 0.001466989517211914, 'inference': 0.005911111831665039, 'postprocess': 0.0014870166778564453}, 1758.125, 12
{'preprocess': 0.0016293525695800781, 'inference': 0.005276203155517578, 'postprocess': 0.001477956771850586}, 1758.125, 12
{'preprocess': 0.0017235279083251953, 'inference': 0.005615711212158203, 'postprocess': 0.001489877700805664}, 1758.125, 12
{'preprocess': 0.0014157295227050781, 'inference': 0.006413459777832031, 'postprocess': 0.0014903545379638672}, 1758.125, 12
{'preprocess': 0.0014553070068359375, 'inference': 0.005236387252807617, 'postprocess': 0.0014801025390625}, 1758.125, 12
{'preprocess': 0.0017132759094238281, 'inference': 0.005233049392700195, 'postprocess': 0.0014803409576416016}, 1758.125, 12
{'preprocess': 0.0015256404876708984, 'inference': 0.005872011184692383, 'postprocess': 0.0014696121215820312}, 1758.125, 12
{'preprocess': 0.0017066001892089844, 'inference': 0.005217790603637695, 'postprocess': 0.0016837120056152344}, 1758.125, 12
{'preprocess': 0.0017955303192138672, 'inference': 0.005254507064819336, 'postprocess': 0.0016696453094482422}, 1758.125, 12
{'preprocess': 0.0018589496612548828, 'inference': 0.0054247379302978516, 'postprocess': 0.0016961097717285156}, 1758.125, 12
{'preprocess': 0.0014772415161132812, 'inference': 0.006421566009521484, 'postprocess': 0.0016012191772460938}, 1758.125, 12
{'preprocess': 0.0014662742614746094, 'inference': 0.005240917205810547, 'postprocess': 0.0016155242919921875}, 1758.125, 12
{'preprocess': 0.0016031265258789062, 'inference': 0.005257129669189453, 'postprocess': 0.0015921592712402344}, 1758.125, 12
{'preprocess': 0.001821756362915039, 'inference': 0.0052433013916015625, 'postprocess': 0.0015883445739746094}, 1758.125, 12
{'preprocess': 0.0017521381378173828, 'inference': 0.005564451217651367, 'postprocess': 0.0015828609466552734}, 1758.125, 12
{'preprocess': 0.001474142074584961, 'inference': 0.006396293640136719, 'postprocess': 0.0016009807586669922}, 1758.125, 12
{'preprocess': 0.00156402587890625, 'inference': 0.0052318572998046875, 'postprocess': 0.0016787052154541016}, 1758.125, 12
{'preprocess': 0.0018591880798339844, 'inference': 0.005213737487792969, 'postprocess': 0.0016803741455078125}, 1758.125, 12
{'preprocess': 0.0017681121826171875, 'inference': 0.005533695220947266, 'postprocess': 0.0017647743225097656}, 1758.125, 12
{'preprocess': 0.0014955997467041016, 'inference': 0.006345033645629883, 'postprocess': 0.0016777515411376953}, 1758.125, 12
{'preprocess': 0.001519918441772461, 'inference': 0.005196332931518555, 'postprocess': 0.0016787052154541016}, 1758.125, 12
{'preprocess': 0.0016603469848632812, 'inference': 0.0052335262298583984, 'postprocess': 0.001676321029663086}, 1758.125, 12
{'preprocess': 0.0017800331115722656, 'inference': 0.0052661895751953125, 'postprocess': 0.0015821456909179688}, 1758.125, 12
{'preprocess': 0.0014641284942626953, 'inference': 0.005993366241455078, 'postprocess': 0.0015811920166015625}, 1758.125, 12
{'preprocess': 0.0015971660614013672, 'inference': 0.005241870880126953, 'postprocess': 0.0015785694122314453}, 1758.125, 12
{'preprocess': 0.0018417835235595703, 'inference': 0.005454540252685547, 'postprocess': 0.0015747547149658203}, 1758.125, 12
{'preprocess': 0.001470327377319336, 'inference': 0.006391286849975586, 'postprocess': 0.0015773773193359375}, 1758.125, 12
{'preprocess': 0.0015108585357666016, 'inference': 0.005248069763183594, 'postprocess': 0.0016744136810302734}, 1758.125, 12
{'preprocess': 0.0018930435180664062, 'inference': 0.005253791809082031, 'postprocess': 0.0015854835510253906}, 1758.125, 12
{'preprocess': 0.0014977455139160156, 'inference': 0.0061190128326416016, 'postprocess': 0.0016605854034423828}, 1758.125, 12
{'preprocess': 0.0015320777893066406, 'inference': 0.005223989486694336, 'postprocess': 0.0016834735870361328}, 1758.125, 12
{'preprocess': 0.0018305778503417969, 'inference': 0.005272865295410156, 'postprocess': 0.0016956329345703125}, 1758.125, 12
{'preprocess': 0.0014500617980957031, 'inference': 0.006409645080566406, 'postprocess': 0.0016667842864990234}, 1758.125, 12
{'preprocess': 0.0014712810516357422, 'inference': 0.005261659622192383, 'postprocess': 0.001688241958618164}, 1758.125, 12
{'preprocess': 0.001730203628540039, 'inference': 0.005216836929321289, 'postprocess': 0.0016703605651855469}, 1758.125, 12
{'preprocess': 0.0018701553344726562, 'inference': 0.005365848541259766, 'postprocess': 0.001689910888671875}, 1758.125, 12
{'preprocess': 0.0014774799346923828, 'inference': 0.0064013004302978516, 'postprocess': 0.0016744136810302734}, 1758.125, 12
{'preprocess': 0.0016317367553710938, 'inference': 0.005255222320556641, 'postprocess': 0.0016634464263916016}, 1758.125, 12
{'preprocess': 0.0018198490142822266, 'inference': 0.005284309387207031, 'postprocess': 0.0016815662384033203}, 1758.125, 12
{'preprocess': 0.0015728473663330078, 'inference': 0.006384372711181641, 'postprocess': 0.0016803741455078125}, 1758.125, 12
{'preprocess': 0.0016531944274902344, 'inference': 0.005220174789428711, 'postprocess': 0.0016787052154541016}, 1758.125, 12
{'preprocess': 0.00182342529296875, 'inference': 0.005280256271362305, 'postprocess': 0.0016787052154541016}, 1758.125, 12
{'preprocess': 0.0015108585357666016, 'inference': 0.00641322135925293, 'postprocess': 0.0016634464263916016}, 1758.125, 12
{'preprocess': 0.0014717578887939453, 'inference': 0.005215883255004883, 'postprocess': 0.0016815662384033203}, 1758.125, 12
{'preprocess': 0.0016925334930419922, 'inference': 0.005253791809082031, 'postprocess': 0.0016698837280273438}, 1758.125, 12
{'preprocess': 0.0018122196197509766, 'inference': 0.0055332183837890625, 'postprocess': 0.001676321029663086}, 1758.125, 12
{'preprocess': 0.0014619827270507812, 'inference': 0.0064465999603271484, 'postprocess': 0.0016696453094482422}, 1758.125, 12
{'preprocess': 0.0014371871948242188, 'inference': 0.005226612091064453, 'postprocess': 0.0016667842864990234}, 1758.125, 12
{'preprocess': 0.0017018318176269531, 'inference': 0.005246400833129883, 'postprocess': 0.0017731189727783203}, 1758.125, 12
{'preprocess': 0.0015866756439208984, 'inference': 0.005633831024169922, 'postprocess': 0.001664876937866211}, 1758.125, 12
{'preprocess': 0.0015676021575927734, 'inference': 0.005255222320556641, 'postprocess': 0.001683950424194336}, 1758.125, 12
{'preprocess': 0.0018301010131835938, 'inference': 0.005295515060424805, 'postprocess': 0.0016961097717285156}, 1758.125, 12
{'preprocess': 0.0019555091857910156, 'inference': 0.0052378177642822266, 'postprocess': 0.001787424087524414}, 1758.125, 12
{'preprocess': 0.0015740394592285156, 'inference': 0.00545811653137207, 'postprocess': 0.0017671585083007812}, 1758.125, 12
{'preprocess': 0.0015633106231689453, 'inference': 0.005244731903076172, 'postprocess': 0.0017752647399902344}, 1758.125, 12
{'preprocess': 0.001855611801147461, 'inference': 0.005366325378417969, 'postprocess': 0.00177001953125}, 1758.125, 12
{'preprocess': 0.0014274120330810547, 'inference': 0.006620883941650391, 'postprocess': 0.0016765594482421875}, 1758.125, 12
{'preprocess': 0.001470804214477539, 'inference': 0.005574464797973633, 'postprocess': 0.0018491744995117188}, 1758.125, 12
{'preprocess': 0.0015714168548583984, 'inference': 0.005242824554443359, 'postprocess': 0.0017447471618652344}, 1758.125, 12
{'preprocess': 0.0017955303192138672, 'inference': 0.0054128170013427734, 'postprocess': 0.0017514228820800781}, 1758.125, 12
{'preprocess': 0.001432657241821289, 'inference': 0.006418943405151367, 'postprocess': 0.0017595291137695312}, 1758.125, 12
{'preprocess': 0.0014510154724121094, 'inference': 0.0052149295806884766, 'postprocess': 0.0017697811126708984}, 1758.125, 12
{'preprocess': 0.0018296241760253906, 'inference': 0.005260944366455078, 'postprocess': 0.0017497539520263672}, 1758.125, 12
{'preprocess': 0.0015108585357666016, 'inference': 0.0057752132415771484, 'postprocess': 0.001653432846069336}, 1758.125, 12
{'preprocess': 0.001459360122680664, 'inference': 0.0052149295806884766, 'postprocess': 0.0016598701477050781}, 1758.125, 12
{'preprocess': 0.0018682479858398438, 'inference': 0.00528264045715332, 'postprocess': 0.0016429424285888672}, 1758.125, 12
{'preprocess': 0.0015745162963867188, 'inference': 0.005432844161987305, 'postprocess': 0.0016760826110839844}, 1758.125, 12
{'preprocess': 0.0017185211181640625, 'inference': 0.005319118499755859, 'postprocess': 0.0016796588897705078}, 1758.125, 12
{'preprocess': 0.0020089149475097656, 'inference': 0.0052568912506103516, 'postprocess': 0.0016846656799316406}, 1758.125, 12
{'preprocess': 0.001781463623046875, 'inference': 0.005284309387207031, 'postprocess': 0.0016717910766601562}, 1758.125, 12
{'preprocess': 0.001535654067993164, 'inference': 0.005216121673583984, 'postprocess': 0.0016663074493408203}, 1758.125, 54
{'preprocess': 0.0015256404876708984, 'inference': 0.005213737487792969, 'postprocess': 0.0017611980438232422}, 1758.125, 54
{'preprocess': 0.0016405582427978516, 'inference': 0.00545191764831543, 'postprocess': 0.0017535686492919922}, 1758.125, 54
{'preprocess': 0.001468658447265625, 'inference': 0.0052068233489990234, 'postprocess': 0.0017514228820800781}, 1758.125, 54
{'preprocess': 0.001607656478881836, 'inference': 0.0052051544189453125, 'postprocess': 0.0017447471618652344}, 1758.125, 54
{'preprocess': 0.00154876708984375, 'inference': 0.005324363708496094, 'postprocess': 0.0017426013946533203}, 1758.125, 54
{'preprocess': 0.001470327377319336, 'inference': 0.005213737487792969, 'postprocess': 0.0017497539520263672}, 1758.125, 54
{'preprocess': 0.00141143798828125, 'inference': 0.005202531814575195, 'postprocess': 0.0017402172088623047}, 1758.125, 54
{'preprocess': 0.0015168190002441406, 'inference': 0.005218029022216797, 'postprocess': 0.0017654895782470703}, 1758.125, 54
{'preprocess': 0.0015416145324707031, 'inference': 0.005219697952270508, 'postprocess': 0.00174713134765625}, 1758.125, 54
{'preprocess': 0.0015151500701904297, 'inference': 0.005207061767578125, 'postprocess': 0.0017726421356201172}, 1758.125, 54
{'preprocess': 0.0016295909881591797, 'inference': 0.005221128463745117, 'postprocess': 0.0017483234405517578}, 1758.125, 54
{'preprocess': 0.0016129016876220703, 'inference': 0.005437374114990234, 'postprocess': 0.0017499923706054688}, 1758.125, 54
{'preprocess': 0.0014023780822753906, 'inference': 0.0052225589752197266, 'postprocess': 0.0017116069793701172}, 1758.125, 54
{'preprocess': 0.0017523765563964844, 'inference': 0.0052089691162109375, 'postprocess': 0.001766204833984375}, 1758.125, 54
{'preprocess': 0.0015454292297363281, 'inference': 0.0053577423095703125, 'postprocess': 0.001753091812133789}, 1758.125, 54
{'preprocess': 0.0014455318450927734, 'inference': 0.005229949951171875, 'postprocess': 0.0017626285552978516}, 1758.125, 54
{'preprocess': 0.0015594959259033203, 'inference': 0.005202531814575195, 'postprocess': 0.0017712116241455078}, 1758.125, 54
{'preprocess': 0.0016465187072753906, 'inference': 0.005434989929199219, 'postprocess': 0.0017664432525634766}, 1758.125, 54
{'preprocess': 0.001604318618774414, 'inference': 0.005215883255004883, 'postprocess': 0.001758575439453125}, 1758.125, 54
{'preprocess': 0.0016129016876220703, 'inference': 0.005301952362060547, 'postprocess': 0.0017595291137695312}, 1758.125, 54
{'preprocess': 0.0014569759368896484, 'inference': 0.0052318572998046875, 'postprocess': 0.0017676353454589844}, 1758.125, 54
{'preprocess': 0.0016713142395019531, 'inference': 0.005224466323852539, 'postprocess': 0.0017819404602050781}, 1758.125, 54
{'preprocess': 0.0016674995422363281, 'inference': 0.005211830139160156, 'postprocess': 0.001771688461303711}, 1758.125, 54
{'preprocess': 0.0015323162078857422, 'inference': 0.005216121673583984, 'postprocess': 0.0017712116241455078}, 1758.125, 54
{'preprocess': 0.0016062259674072266, 'inference': 0.0052280426025390625, 'postprocess': 0.0017757415771484375}, 1758.125, 54
{'preprocess': 0.0016124248504638672, 'inference': 0.0052945613861083984, 'postprocess': 0.0017783641815185547}, 1758.125, 54
{'preprocess': 0.0014719963073730469, 'inference': 0.005222797393798828, 'postprocess': 0.0017704963684082031}, 1758.125, 54
{'preprocess': 0.0016262531280517578, 'inference': 0.0051920413970947266, 'postprocess': 0.0017647743225097656}, 1758.125, 54
{'preprocess': 0.0016283988952636719, 'inference': 0.005450010299682617, 'postprocess': 0.0017786026000976562}, 1758.125, 54
{'preprocess': 0.0014791488647460938, 'inference': 0.005218029022216797, 'postprocess': 0.0017504692077636719}, 1758.125, 54
{'preprocess': 0.0016222000122070312, 'inference': 0.005230903625488281, 'postprocess': 0.001756429672241211}, 1758.125, 54
{'preprocess': 0.001604318618774414, 'inference': 0.005544185638427734, 'postprocess': 0.0017633438110351562}, 1758.125, 54
{'preprocess': 0.0014674663543701172, 'inference': 0.00519871711730957, 'postprocess': 0.0017619132995605469}, 1758.125, 54
{'preprocess': 0.0018754005432128906, 'inference': 0.005205392837524414, 'postprocess': 0.0017688274383544922}, 1758.125, 54
{'preprocess': 0.0015621185302734375, 'inference': 0.005332469940185547, 'postprocess': 0.0017583370208740234}, 1758.125, 54
{'preprocess': 0.0014865398406982422, 'inference': 0.005202770233154297, 'postprocess': 0.0017750263214111328}, 1758.125, 54
{'preprocess': 0.0017383098602294922, 'inference': 0.005210399627685547, 'postprocess': 0.0016779899597167969}, 1758.125, 54
{'preprocess': 0.0014736652374267578, 'inference': 0.0063152313232421875, 'postprocess': 0.0016770362854003906}, 1758.125, 54
{'preprocess': 0.001468658447265625, 'inference': 0.005213499069213867, 'postprocess': 0.0016689300537109375}, 1758.125, 54
{'preprocess': 0.0015316009521484375, 'inference': 0.005213260650634766, 'postprocess': 0.0016732215881347656}, 1758.125, 54
{'preprocess': 0.0016565322875976562, 'inference': 0.005349159240722656, 'postprocess': 0.00167083740234375}, 1758.125, 54
{'preprocess': 0.0014767646789550781, 'inference': 0.005244016647338867, 'postprocess': 0.0016808509826660156}, 1758.125, 54
{'preprocess': 0.0017688274383544922, 'inference': 0.005280971527099609, 'postprocess': 0.0016775131225585938}, 1758.125, 54
{'preprocess': 0.001619100570678711, 'inference': 0.005454063415527344, 'postprocess': 0.0016703605651855469}, 1758.125, 54
{'preprocess': 0.0015032291412353516, 'inference': 0.005212068557739258, 'postprocess': 0.0016715526580810547}, 1758.125, 54
{'preprocess': 0.0015971660614013672, 'inference': 0.0052258968353271484, 'postprocess': 0.001684427261352539}, 1758.125, 54
{'preprocess': 0.0017392635345458984, 'inference': 0.0051958560943603516, 'postprocess': 0.0016791820526123047}, 1758.125, 54
{'preprocess': 0.001940011978149414, 'inference': 0.005293607711791992, 'postprocess': 0.0017642974853515625}, 1758.125, 54
{'preprocess': 0.001499176025390625, 'inference': 0.006056308746337891, 'postprocess': 0.0016751289367675781}, 1758.125, 54
{'preprocess': 0.0014615058898925781, 'inference': 0.005227327346801758, 'postprocess': 0.0017666816711425781}, 1758.125, 54
{'preprocess': 0.0015130043029785156, 'inference': 0.0052258968353271484, 'postprocess': 0.0017638206481933594}, 1758.125, 54
{'preprocess': 0.0016248226165771484, 'inference': 0.0054204463958740234, 'postprocess': 0.0016901493072509766}, 1758.125, 54
{'preprocess': 0.0014448165893554688, 'inference': 0.005224466323852539, 'postprocess': 0.001695394515991211}, 1758.125, 54
{'preprocess': 0.0016651153564453125, 'inference': 0.005224943161010742, 'postprocess': 0.001772165298461914}, 1758.125, 54
{'preprocess': 0.0015597343444824219, 'inference': 0.005544185638427734, 'postprocess': 0.001771688461303711}, 1758.125, 54
{'preprocess': 0.0014376640319824219, 'inference': 0.005246400833129883, 'postprocess': 0.0017733573913574219}, 1758.125, 54
{'preprocess': 0.0016427040100097656, 'inference': 0.005208730697631836, 'postprocess': 0.001756906509399414}, 1758.125, 54
{'preprocess': 0.0019032955169677734, 'inference': 0.0053026676177978516, 'postprocess': 0.0017540454864501953}, 1758.125, 54
{'preprocess': 0.0015840530395507812, 'inference': 0.006147861480712891, 'postprocess': 0.0017466545104980469}, 1758.125, 54
{'preprocess': 0.001463174819946289, 'inference': 0.005213499069213867, 'postprocess': 0.001775503158569336}, 1758.125, 54
{'preprocess': 0.0014538764953613281, 'inference': 0.005202770233154297, 'postprocess': 0.0017580986022949219}, 1758.125, 54
{'preprocess': 0.001474142074584961, 'inference': 0.00521397590637207, 'postprocess': 0.001764535903930664}, 1758.125, 54
{'preprocess': 0.0014598369598388672, 'inference': 0.00521540641784668, 'postprocess': 0.0017452239990234375}, 1758.125, 54
{'preprocess': 0.0017457008361816406, 'inference': 0.005223512649536133, 'postprocess': 0.0017707347869873047}, 1758.125, 54
{'preprocess': 0.0014984607696533203, 'inference': 0.005980968475341797, 'postprocess': 0.0016646385192871094}, 1758.125, 54
{'preprocess': 0.0014340877532958984, 'inference': 0.005220651626586914, 'postprocess': 0.0017616748809814453}, 1758.125, 54
{'preprocess': 0.0015392303466796875, 'inference': 0.005199909210205078, 'postprocess': 0.0017611980438232422}, 1758.125, 54
{'preprocess': 0.0015881061553955078, 'inference': 0.005440473556518555, 'postprocess': 0.0017671585083007812}, 1758.125, 54
{'preprocess': 0.0014886856079101562, 'inference': 0.0051953792572021484, 'postprocess': 0.0017712116241455078}, 1758.125, 54
{'preprocess': 0.0018239021301269531, 'inference': 0.005224466323852539, 'postprocess': 0.0017726421356201172}, 1758.125, 54
{'preprocess': 0.0015206336975097656, 'inference': 0.0060443878173828125, 'postprocess': 0.001795053482055664}, 1758.125, 54
{'preprocess': 0.00147247314453125, 'inference': 0.005242109298706055, 'postprocess': 0.0017855167388916016}, 1758.125, 54
{'preprocess': 0.001478433609008789, 'inference': 0.005212545394897461, 'postprocess': 0.0017940998077392578}, 1758.125, 54
{'preprocess': 0.0016372203826904297, 'inference': 0.005299091339111328, 'postprocess': 0.0017774105072021484}, 1758.125, 54
{'preprocess': 0.0014805793762207031, 'inference': 0.0052182674407958984, 'postprocess': 0.0017709732055664062}, 1758.125, 54
{'preprocess': 0.0016529560089111328, 'inference': 0.005225658416748047, 'postprocess': 0.0017642974853515625}, 1758.125, 54
{'preprocess': 0.0016357898712158203, 'inference': 0.005526304244995117, 'postprocess': 0.001749277114868164}, 1758.125, 54
{'preprocess': 0.001445770263671875, 'inference': 0.005208492279052734, 'postprocess': 0.0017833709716796875}, 1758.125, 54
{'preprocess': 0.0018763542175292969, 'inference': 0.00526738166809082, 'postprocess': 0.001779794692993164}, 1758.125, 54
{'preprocess': 0.0018622875213623047, 'inference': 0.005233287811279297, 'postprocess': 0.0017702579498291016}, 1758.125, 54
{'preprocess': 0.0016200542449951172, 'inference': 0.005228757858276367, 'postprocess': 0.0017600059509277344}, 1758.125, 54
{'preprocess': 0.00152587890625, 'inference': 0.0052297115325927734, 'postprocess': 0.0017614364624023438}, 1758.125, 54
{'preprocess': 0.0015294551849365234, 'inference': 0.005293369293212891, 'postprocess': 0.0017712116241455078}, 1758.125, 54
{'preprocess': 0.0016949176788330078, 'inference': 0.005280494689941406, 'postprocess': 0.0018451213836669922}, 1758.125, 54
{'preprocess': 0.0017428398132324219, 'inference': 0.005742788314819336, 'postprocess': 0.0017735958099365234}, 1768.125, 54
{'preprocess': 0.0015215873718261719, 'inference': 0.0052449703216552734, 'postprocess': 0.0017709732055664062}, 1768.125, 54
{'preprocess': 0.0015408992767333984, 'inference': 0.005220174789428711, 'postprocess': 0.0017549991607666016}, 1768.125, 54
{'preprocess': 0.001550912857055664, 'inference': 0.005484342575073242, 'postprocess': 0.0017576217651367188}, 1768.125, 54
{'preprocess': 0.0014641284942626953, 'inference': 0.0052106380462646484, 'postprocess': 0.0017476081848144531}, 1768.125, 54
{'preprocess': 0.0016472339630126953, 'inference': 0.005212068557739258, 'postprocess': 0.0017511844635009766}, 1768.125, 54
{'preprocess': 0.0018584728240966797, 'inference': 0.005299568176269531, 'postprocess': 0.0017919540405273438}, 1768.125, 54
{'preprocess': 0.0016384124755859375, 'inference': 0.005956411361694336, 'postprocess': 0.0018072128295898438}, 1768.125, 54
{'preprocess': 0.001659393310546875, 'inference': 0.005246162414550781, 'postprocess': 0.0018067359924316406}, 1768.125, 54
{'preprocess': 0.0014681816101074219, 'inference': 0.0052034854888916016, 'postprocess': 0.0017626285552978516}, 1768.125, 54
{'preprocess': 0.0016677379608154297, 'inference': 0.005207061767578125, 'postprocess': 0.0017566680908203125}, 1768.125, 54
{'preprocess': 0.0016851425170898438, 'inference': 0.00531458854675293, 'postprocess': 0.001753091812133789}, 1768.125, 54
-------------------------------------------------------
Tensort, 1x5, yolov5n, 640x384, 100/200frames average time.
pre_multi: False
infer_multi: False
post_multi: False
Average preprocess: 0.0015916919708251953s
Average inference: 0.0053179717063903805s
Average postprocess: 0.0017489051818847655s
Average memory: 1759.325MB
Average utilize: 52.74%
