{'preprocess': 0.03301715850830078, 'inference': 0.03368544578552246, 'postprocess': 0.025625944137573242}, 2289.875, 7
{'preprocess': 0.02405714988708496, 'inference': 0.03271365165710449, 'postprocess': 0.025460004806518555}, 2289.875, 7
{'preprocess': 0.02349686622619629, 'inference': 0.0322117805480957, 'postprocess': 0.02540445327758789}, 2289.875, 7
{'preprocess': 0.024129152297973633, 'inference': 0.03147149085998535, 'postprocess': 0.02586817741394043}, 2289.875, 7
{'preprocess': 0.02508234977722168, 'inference': 0.031200885772705078, 'postprocess': 0.025988101959228516}, 2289.875, 17
{'preprocess': 0.025169849395751953, 'inference': 0.031179428100585938, 'postprocess': 0.025705337524414062}, 2289.875, 17
{'preprocess': 0.025121450424194336, 'inference': 0.03118419647216797, 'postprocess': 0.025781869888305664}, 2289.875, 17
{'preprocess': 0.026050090789794922, 'inference': 0.031117677688598633, 'postprocess': 0.02516031265258789}, 2289.875, 17
{'preprocess': 0.025103330612182617, 'inference': 0.031199932098388672, 'postprocess': 0.025854825973510742}, 2289.875, 17
{'preprocess': 0.02528548240661621, 'inference': 0.031205415725708008, 'postprocess': 0.025658607482910156}, 2289.875, 17
{'preprocess': 0.02520608901977539, 'inference': 0.029412269592285156, 'postprocess': 0.025481700897216797}, 2289.875, 17
{'preprocess': 0.025299787521362305, 'inference': 0.029298782348632812, 'postprocess': 0.025790929794311523}, 2289.875, 17
{'preprocess': 0.025356292724609375, 'inference': 0.029311418533325195, 'postprocess': 0.02751302719116211}, 2289.875, 17
{'preprocess': 0.02554941177368164, 'inference': 0.029415369033813477, 'postprocess': 0.025860071182250977}, 2289.875, 17
{'preprocess': 0.025478363037109375, 'inference': 0.029309749603271484, 'postprocess': 0.028319835662841797}, 2289.875, 17
{'preprocess': 0.025379419326782227, 'inference': 0.02954697608947754, 'postprocess': 0.032947540283203125}, 2289.875, 37
{'preprocess': 0.025105953216552734, 'inference': 0.029316425323486328, 'postprocess': 0.02644038200378418}, 2289.875, 37
{'preprocess': 0.02547764778137207, 'inference': 0.0294187068939209, 'postprocess': 0.028107166290283203}, 2289.875, 37
{'preprocess': 0.02647995948791504, 'inference': 0.02928018569946289, 'postprocess': 0.02551412582397461}, 2289.875, 37
{'preprocess': 0.027097225189208984, 'inference': 0.02926158905029297, 'postprocess': 0.02568531036376953}, 2289.875, 37
{'preprocess': 0.025775432586669922, 'inference': 0.029341459274291992, 'postprocess': 0.025763273239135742}, 2289.875, 37
{'preprocess': 0.025513887405395508, 'inference': 0.029401540756225586, 'postprocess': 0.02568531036376953}, 2289.875, 37
{'preprocess': 0.025181293487548828, 'inference': 0.029319286346435547, 'postprocess': 0.02948164939880371}, 2289.875, 37
{'preprocess': 0.02537703514099121, 'inference': 0.02936100959777832, 'postprocess': 0.027394771575927734}, 2289.875, 37
{'preprocess': 0.02531719207763672, 'inference': 0.029329776763916016, 'postprocess': 0.025613069534301758}, 2289.875, 37
{'preprocess': 0.025375843048095703, 'inference': 0.02937459945678711, 'postprocess': 0.025713443756103516}, 2289.875, 37
{'preprocess': 0.025536060333251953, 'inference': 0.029353618621826172, 'postprocess': 0.02589273452758789}, 2289.875, 37
{'preprocess': 0.025128841400146484, 'inference': 0.029260635375976562, 'postprocess': 0.027310848236083984}, 2289.875, 37
{'preprocess': 0.027237415313720703, 'inference': 0.029265165328979492, 'postprocess': 0.025565147399902344}, 2289.875, 36
{'preprocess': 0.025213003158569336, 'inference': 0.029348373413085938, 'postprocess': 0.025510311126708984}, 2289.875, 36
{'preprocess': 0.025858163833618164, 'inference': 0.029230117797851562, 'postprocess': 0.027722835540771484}, 2289.875, 36
{'preprocess': 0.027328968048095703, 'inference': 0.029270410537719727, 'postprocess': 0.027523040771484375}, 2289.875, 36
{'preprocess': 0.030663251876831055, 'inference': 0.0293276309967041, 'postprocess': 0.02526998519897461}, 2289.875, 36
{'preprocess': 0.025934696197509766, 'inference': 0.02923274040222168, 'postprocess': 0.02582573890686035}, 2289.875, 36
{'preprocess': 0.02516770362854004, 'inference': 0.02936387062072754, 'postprocess': 0.02574443817138672}, 2289.875, 36
{'preprocess': 0.025846004486083984, 'inference': 0.029234886169433594, 'postprocess': 0.02592015266418457}, 2289.875, 36
{'preprocess': 0.025889158248901367, 'inference': 0.029289960861206055, 'postprocess': 0.026274919509887695}, 2289.875, 36
{'preprocess': 0.02574610710144043, 'inference': 0.02925872802734375, 'postprocess': 0.026262283325195312}, 2289.875, 36
{'preprocess': 0.025106430053710938, 'inference': 0.02928924560546875, 'postprocess': 0.030210256576538086}, 2289.875, 36
{'preprocess': 0.025704145431518555, 'inference': 0.029506921768188477, 'postprocess': 0.030727386474609375}, 2289.875, 37
{'preprocess': 0.02958512306213379, 'inference': 0.029564380645751953, 'postprocess': 0.029998064041137695}, 2289.875, 37
{'preprocess': 0.025584697723388672, 'inference': 0.029532670974731445, 'postprocess': 0.02915501594543457}, 2289.875, 37
{'preprocess': 0.026397228240966797, 'inference': 0.0293276309967041, 'postprocess': 0.02814006805419922}, 2289.875, 37
{'preprocess': 0.02568674087524414, 'inference': 0.02927112579345703, 'postprocess': 0.03369617462158203}, 2289.875, 37
{'preprocess': 0.025891780853271484, 'inference': 0.029404401779174805, 'postprocess': 0.03497815132141113}, 2289.875, 37
{'preprocess': 0.025843143463134766, 'inference': 0.029289722442626953, 'postprocess': 0.02805185317993164}, 2289.875, 37
{'preprocess': 0.025795459747314453, 'inference': 0.029233932495117188, 'postprocess': 0.028321504592895508}, 2289.875, 37
{'preprocess': 0.025378942489624023, 'inference': 0.029236316680908203, 'postprocess': 0.030244827270507812}, 2289.875, 37
{'preprocess': 0.026236295700073242, 'inference': 0.02936863899230957, 'postprocess': 0.029474973678588867}, 2289.875, 37
{'preprocess': 0.025687456130981445, 'inference': 0.029280662536621094, 'postprocess': 0.03176760673522949}, 2289.875, 37
{'preprocess': 0.025527238845825195, 'inference': 0.029198646545410156, 'postprocess': 0.029600858688354492}, 2289.875, 37
{'preprocess': 0.026189565658569336, 'inference': 0.029215097427368164, 'postprocess': 0.03457450866699219}, 2289.875, 34
{'preprocess': 0.025538921356201172, 'inference': 0.02922964096069336, 'postprocess': 0.029845237731933594}, 2289.875, 34
{'preprocess': 0.025702476501464844, 'inference': 0.029239892959594727, 'postprocess': 0.0279998779296875}, 2289.875, 34
{'preprocess': 0.025812149047851562, 'inference': 0.029233455657958984, 'postprocess': 0.02797698974609375}, 2289.875, 34
{'preprocess': 0.025490283966064453, 'inference': 0.030640125274658203, 'postprocess': 0.02801990509033203}, 2289.875, 34
{'preprocess': 0.02534317970275879, 'inference': 0.02925729751586914, 'postprocess': 0.02771615982055664}, 2289.875, 34
{'preprocess': 0.025467395782470703, 'inference': 0.02924323081970215, 'postprocess': 0.027699708938598633}, 2289.875, 34
{'preprocess': 0.025510311126708984, 'inference': 0.02930927276611328, 'postprocess': 0.029517173767089844}, 2289.875, 34
{'preprocess': 0.02543473243713379, 'inference': 0.02923870086669922, 'postprocess': 0.02791595458984375}, 2289.875, 34
{'preprocess': 0.02554607391357422, 'inference': 0.029229164123535156, 'postprocess': 0.029687881469726562}, 2289.875, 34
{'preprocess': 0.025688648223876953, 'inference': 0.02921319007873535, 'postprocess': 0.029781103134155273}, 2289.875, 34
{'preprocess': 0.02550530433654785, 'inference': 0.02924823760986328, 'postprocess': 0.02972865104675293}, 2289.875, 36
{'preprocess': 0.025778532028198242, 'inference': 0.029286623001098633, 'postprocess': 0.031194686889648438}, 2289.875, 36
{'preprocess': 0.025539398193359375, 'inference': 0.029253244400024414, 'postprocess': 0.029825687408447266}, 2289.875, 36
{'preprocess': 0.025553464889526367, 'inference': 0.029242277145385742, 'postprocess': 0.029853105545043945}, 2289.875, 36
{'preprocess': 0.0256195068359375, 'inference': 0.029255151748657227, 'postprocess': 0.030417680740356445}, 2289.875, 36
{'preprocess': 0.025647878646850586, 'inference': 0.029286861419677734, 'postprocess': 0.029208660125732422}, 2289.875, 36
{'preprocess': 0.02545785903930664, 'inference': 0.029739856719970703, 'postprocess': 0.029082059860229492}, 2289.875, 36
{'preprocess': 0.025745153427124023, 'inference': 0.03006887435913086, 'postprocess': 0.029983997344970703}, 2289.875, 36
{'preprocess': 0.025747060775756836, 'inference': 0.029972553253173828, 'postprocess': 0.02986431121826172}, 2289.875, 36
{'preprocess': 0.026097774505615234, 'inference': 0.02956080436706543, 'postprocess': 0.030036211013793945}, 2289.875, 36
{'preprocess': 0.02522110939025879, 'inference': 0.029592037200927734, 'postprocess': 0.029951095581054688}, 2289.875, 36
{'preprocess': 0.02587747573852539, 'inference': 0.029510974884033203, 'postprocess': 0.029964685440063477}, 2289.875, 36
{'preprocess': 0.025090456008911133, 'inference': 0.029542207717895508, 'postprocess': 0.030271053314208984}, 2289.875, 35
{'preprocess': 0.02553391456604004, 'inference': 0.029562950134277344, 'postprocess': 0.030619382858276367}, 2289.875, 35
{'preprocess': 0.02542734146118164, 'inference': 0.029523849487304688, 'postprocess': 0.02986288070678711}, 2289.875, 35
{'preprocess': 0.025608301162719727, 'inference': 0.029515504837036133, 'postprocess': 0.029918193817138672}, 2289.875, 35
{'preprocess': 0.02569723129272461, 'inference': 0.030449628829956055, 'postprocess': 0.0294952392578125}, 2289.875, 35
{'preprocess': 0.025233983993530273, 'inference': 0.029248952865600586, 'postprocess': 0.03134751319885254}, 2289.875, 35
{'preprocess': 0.025490522384643555, 'inference': 0.02929997444152832, 'postprocess': 0.029540538787841797}, 2289.875, 35
{'preprocess': 0.025482892990112305, 'inference': 0.029337406158447266, 'postprocess': 0.029735088348388672}, 2289.875, 35
{'preprocess': 0.025554180145263672, 'inference': 0.029300689697265625, 'postprocess': 0.029778242111206055}, 2289.875, 35
{'preprocess': 0.026014328002929688, 'inference': 0.029417991638183594, 'postprocess': 0.031909942626953125}, 2289.875, 35
{'preprocess': 0.025557279586791992, 'inference': 0.029283523559570312, 'postprocess': 0.031908273696899414}, 2289.875, 35
{'preprocess': 0.025177478790283203, 'inference': 0.02931952476501465, 'postprocess': 0.032082319259643555}, 2289.875, 35
{'preprocess': 0.025058507919311523, 'inference': 0.029377222061157227, 'postprocess': 0.030772924423217773}, 2289.875, 35
{'preprocess': 0.029363632202148438, 'inference': 0.03607630729675293, 'postprocess': 0.02924370765686035}, 2289.875, 35
{'preprocess': 0.02519392967224121, 'inference': 0.02943277359008789, 'postprocess': 0.03318166732788086}, 2289.875, 35
{'preprocess': 0.025202512741088867, 'inference': 0.02935481071472168, 'postprocess': 0.0317990779876709}, 2289.875, 35
{'preprocess': 0.025222063064575195, 'inference': 0.029372215270996094, 'postprocess': 0.03131723403930664}, 2289.875, 35
{'preprocess': 0.025016307830810547, 'inference': 0.029408693313598633, 'postprocess': 0.03196215629577637}, 2289.875, 35
{'preprocess': 0.02553701400756836, 'inference': 0.029373645782470703, 'postprocess': 0.031324148178100586}, 2289.875, 35
{'preprocess': 0.026424407958984375, 'inference': 0.029359102249145508, 'postprocess': 0.03172492980957031}, 2289.875, 35
{'preprocess': 0.025442838668823242, 'inference': 0.02939462661743164, 'postprocess': 0.029166460037231445}, 2289.875, 35
{'preprocess': 0.025725126266479492, 'inference': 0.029338359832763672, 'postprocess': 0.029284000396728516}, 2289.875, 35
{'preprocess': 0.0259549617767334, 'inference': 0.029485464096069336, 'postprocess': 0.03149604797363281}, 2289.875, 35
{'preprocess': 0.02551436424255371, 'inference': 0.02933216094970703, 'postprocess': 0.03162741661071777}, 2289.875, 33
{'preprocess': 0.0259397029876709, 'inference': 0.029882431030273438, 'postprocess': 0.03223872184753418}, 2289.875, 33
{'preprocess': 0.025479555130004883, 'inference': 0.029877424240112305, 'postprocess': 0.02957892417907715}, 2289.875, 33
{'preprocess': 0.02568840980529785, 'inference': 0.03027057647705078, 'postprocess': 0.029829025268554688}, 2289.875, 33
{'preprocess': 0.027473926544189453, 'inference': 0.030207395553588867, 'postprocess': 0.029239177703857422}, 2289.875, 33
{'preprocess': 0.02537393569946289, 'inference': 0.030105113983154297, 'postprocess': 0.03152942657470703}, 2289.875, 33
{'preprocess': 0.025703907012939453, 'inference': 0.029421329498291016, 'postprocess': 0.03164839744567871}, 2289.875, 33
{'preprocess': 0.025053024291992188, 'inference': 0.029402971267700195, 'postprocess': 0.03190302848815918}, 2289.875, 33
{'preprocess': 0.02523016929626465, 'inference': 0.029375791549682617, 'postprocess': 0.03180193901062012}, 2289.875, 33
{'preprocess': 0.02507305145263672, 'inference': 0.029373645782470703, 'postprocess': 0.031275272369384766}, 2289.875, 33
{'preprocess': 0.0258181095123291, 'inference': 0.029341697692871094, 'postprocess': 0.031511783599853516}, 2289.875, 33
{'preprocess': 0.025242328643798828, 'inference': 0.029393672943115234, 'postprocess': 0.031645774841308594}, 2289.875, 36
{'preprocess': 0.02513742446899414, 'inference': 0.029374361038208008, 'postprocess': 0.03129863739013672}, 2289.875, 36
{'preprocess': 0.026134729385375977, 'inference': 0.029622554779052734, 'postprocess': 0.03119659423828125}, 2289.875, 36
{'preprocess': 0.02510833740234375, 'inference': 0.02933478355407715, 'postprocess': 0.03189277648925781}, 2289.875, 36
{'preprocess': 0.02505207061767578, 'inference': 0.029752016067504883, 'postprocess': 0.031497955322265625}, 2289.875, 36
{'preprocess': 0.025276899337768555, 'inference': 0.029349803924560547, 'postprocess': 0.031935691833496094}, 2289.875, 36
{'preprocess': 0.025485754013061523, 'inference': 0.029324769973754883, 'postprocess': 0.02965855598449707}, 2289.875, 36
{'preprocess': 0.025771617889404297, 'inference': 0.029327869415283203, 'postprocess': 0.0317683219909668}, 2289.875, 36
{'preprocess': 0.0251767635345459, 'inference': 0.029360294342041016, 'postprocess': 0.03198361396789551}, 2289.875, 36
{'preprocess': 0.02495121955871582, 'inference': 0.029352426528930664, 'postprocess': 0.031748056411743164}, 2289.875, 36
{'preprocess': 0.025439023971557617, 'inference': 0.029356002807617188, 'postprocess': 0.03206992149353027}, 2289.875, 36
{'preprocess': 0.025588035583496094, 'inference': 0.029306888580322266, 'postprocess': 0.031446218490600586}, 2289.875, 35
{'preprocess': 0.025449275970458984, 'inference': 0.0294344425201416, 'postprocess': 0.03196310997009277}, 2289.875, 35
{'preprocess': 0.025291919708251953, 'inference': 0.029371023178100586, 'postprocess': 0.032552480697631836}, 2289.875, 35
{'preprocess': 0.028995513916015625, 'inference': 0.029297590255737305, 'postprocess': 0.031772613525390625}, 2289.875, 35
{'preprocess': 0.025465011596679688, 'inference': 0.029328346252441406, 'postprocess': 0.03316450119018555}, 2289.875, 35
{'preprocess': 0.025015592575073242, 'inference': 0.029474735260009766, 'postprocess': 0.03165936470031738}, 2289.875, 35
{'preprocess': 0.0258333683013916, 'inference': 0.029355525970458984, 'postprocess': 0.032392263412475586}, 2289.875, 35
{'preprocess': 0.025164127349853516, 'inference': 0.02933788299560547, 'postprocess': 0.03183174133300781}, 2289.875, 35
{'preprocess': 0.025028467178344727, 'inference': 0.029375791549682617, 'postprocess': 0.03190732002258301}, 2289.875, 35
{'preprocess': 0.025367259979248047, 'inference': 0.02936267852783203, 'postprocess': 0.03191709518432617}, 2289.875, 35
{'preprocess': 0.02516341209411621, 'inference': 0.0293271541595459, 'postprocess': 0.031737327575683594}, 2289.875, 35
{'preprocess': 0.0252072811126709, 'inference': 0.02934408187866211, 'postprocess': 0.036711692810058594}, 2289.875, 35
{'preprocess': 0.02572774887084961, 'inference': 0.029421567916870117, 'postprocess': 0.032507896423339844}, 2289.875, 33
{'preprocess': 0.025756359100341797, 'inference': 0.030062437057495117, 'postprocess': 0.04219794273376465}, 2289.875, 33
{'preprocess': 0.02559804916381836, 'inference': 0.030185937881469727, 'postprocess': 0.031485795974731445}, 2289.875, 33
{'preprocess': 0.025017261505126953, 'inference': 0.030406475067138672, 'postprocess': 0.03243279457092285}, 2289.875, 33
{'preprocess': 0.026150941848754883, 'inference': 0.030329227447509766, 'postprocess': 0.0314936637878418}, 2289.875, 33
{'preprocess': 0.02524733543395996, 'inference': 0.03063225746154785, 'postprocess': 0.031974077224731445}, 2289.875, 33
{'preprocess': 0.024926424026489258, 'inference': 0.03057074546813965, 'postprocess': 0.03135800361633301}, 2289.875, 33
{'preprocess': 0.02557992935180664, 'inference': 0.03040933609008789, 'postprocess': 0.03008270263671875}, 2289.875, 33
{'preprocess': 0.0254824161529541, 'inference': 0.03008556365966797, 'postprocess': 0.030078649520874023}, 2289.875, 33
{'preprocess': 0.025233745574951172, 'inference': 0.030106306076049805, 'postprocess': 0.03007650375366211}, 2289.875, 33
{'preprocess': 0.025419235229492188, 'inference': 0.029980182647705078, 'postprocess': 0.029593467712402344}, 2289.875, 33
{'preprocess': 0.026048660278320312, 'inference': 0.029961109161376953, 'postprocess': 0.02986288070678711}, 2289.875, 34
{'preprocess': 0.025588274002075195, 'inference': 0.029932498931884766, 'postprocess': 0.029831647872924805}, 2289.875, 34
{'preprocess': 0.02568221092224121, 'inference': 0.02997422218322754, 'postprocess': 0.03018474578857422}, 2289.875, 34
{'preprocess': 0.02963709831237793, 'inference': 0.029941797256469727, 'postprocess': 0.029826879501342773}, 2289.875, 34
{'preprocess': 0.02607583999633789, 'inference': 0.031232357025146484, 'postprocess': 0.029801607131958008}, 2289.875, 34
{'preprocess': 0.025612831115722656, 'inference': 0.029915571212768555, 'postprocess': 0.02951192855834961}, 2289.875, 34
{'preprocess': 0.025829315185546875, 'inference': 0.029400110244750977, 'postprocess': 0.030008554458618164}, 2289.875, 34
{'preprocess': 0.025759458541870117, 'inference': 0.02937006950378418, 'postprocess': 0.03157472610473633}, 2289.875, 34
{'preprocess': 0.025699377059936523, 'inference': 0.029371023178100586, 'postprocess': 0.029947757720947266}, 2289.875, 34
{'preprocess': 0.02568817138671875, 'inference': 0.02936244010925293, 'postprocess': 0.031961679458618164}, 2289.875, 34
{'preprocess': 0.02519369125366211, 'inference': 0.02940845489501953, 'postprocess': 0.03252530097961426}, 2289.875, 34
{'preprocess': 0.025038480758666992, 'inference': 0.029408693313598633, 'postprocess': 0.030244112014770508}, 2289.875, 37
{'preprocess': 0.025531530380249023, 'inference': 0.02934575080871582, 'postprocess': 0.030068635940551758}, 2289.875, 37
{'preprocess': 0.025659561157226562, 'inference': 0.02933526039123535, 'postprocess': 0.031873226165771484}, 2289.875, 37
{'preprocess': 0.025595664978027344, 'inference': 0.02934741973876953, 'postprocess': 0.03412199020385742}, 2289.875, 37
{'preprocess': 0.025605201721191406, 'inference': 0.029317617416381836, 'postprocess': 0.03241729736328125}, 2289.875, 37
{'preprocess': 0.025172948837280273, 'inference': 0.029326677322387695, 'postprocess': 0.0318148136138916}, 2289.875, 37
{'preprocess': 0.025543212890625, 'inference': 0.02948760986328125, 'postprocess': 0.03154182434082031}, 2289.875, 37
{'preprocess': 0.025162696838378906, 'inference': 0.029346704483032227, 'postprocess': 0.03151726722717285}, 2289.875, 37
{'preprocess': 0.025254487991333008, 'inference': 0.02946019172668457, 'postprocess': 0.03211474418640137}, 2289.875, 37
{'preprocess': 0.025392532348632812, 'inference': 0.02935504913330078, 'postprocess': 0.030884265899658203}, 2289.875, 37
{'preprocess': 0.025409460067749023, 'inference': 0.029331684112548828, 'postprocess': 0.03219127655029297}, 2289.875, 37
{'preprocess': 0.02588677406311035, 'inference': 0.02930164337158203, 'postprocess': 0.031246662139892578}, 2289.875, 34
{'preprocess': 0.025439977645874023, 'inference': 0.029343366622924805, 'postprocess': 0.031618356704711914}, 2289.875, 34
{'preprocess': 0.02532792091369629, 'inference': 0.02933359146118164, 'postprocess': 0.02939581871032715}, 2289.875, 34
{'preprocess': 0.025669574737548828, 'inference': 0.02940964698791504, 'postprocess': 0.03134965896606445}, 2289.875, 34
{'preprocess': 0.027101993560791016, 'inference': 0.02943873405456543, 'postprocess': 0.03227043151855469}, 2289.875, 34
{'preprocess': 0.02600717544555664, 'inference': 0.029320478439331055, 'postprocess': 0.03153586387634277}, 2289.875, 34
{'preprocess': 0.02547621726989746, 'inference': 0.029348373413085938, 'postprocess': 0.03144049644470215}, 2289.875, 34
{'preprocess': 0.02530956268310547, 'inference': 0.02935504913330078, 'postprocess': 0.03174591064453125}, 2289.875, 34
{'preprocess': 0.025087356567382812, 'inference': 0.029412508010864258, 'postprocess': 0.031169891357421875}, 2289.875, 34
{'preprocess': 0.025507450103759766, 'inference': 0.02937459945678711, 'postprocess': 0.031744956970214844}, 2289.875, 34
{'preprocess': 0.025397539138793945, 'inference': 0.029435157775878906, 'postprocess': 0.032216548919677734}, 2289.875, 34
{'preprocess': 0.025025606155395508, 'inference': 0.029334068298339844, 'postprocess': 0.03167366981506348}, 2289.875, 34
{'preprocess': 0.025156021118164062, 'inference': 0.029363155364990234, 'postprocess': 0.03196263313293457}, 2289.875, 34
{'preprocess': 0.02518010139465332, 'inference': 0.029348134994506836, 'postprocess': 0.0317535400390625}, 2289.875, 34
{'preprocess': 0.025772809982299805, 'inference': 0.02935504913330078, 'postprocess': 0.03162360191345215}, 2289.875, 34
{'preprocess': 0.02524399757385254, 'inference': 0.029340028762817383, 'postprocess': 0.03494429588317871}, 2289.875, 34
{'preprocess': 0.026653528213500977, 'inference': 0.030640602111816406, 'postprocess': 0.031493186950683594}, 2289.875, 34
{'preprocess': 0.025077342987060547, 'inference': 0.02935338020324707, 'postprocess': 0.03148984909057617}, 2289.875, 34
{'preprocess': 0.025397777557373047, 'inference': 0.02930593490600586, 'postprocess': 0.03151965141296387}, 2289.875, 34
{'preprocess': 0.025374412536621094, 'inference': 0.029322385787963867, 'postprocess': 0.031507253646850586}, 2289.875, 34
{'preprocess': 0.02571558952331543, 'inference': 0.02935171127319336, 'postprocess': 0.03211188316345215}, 2289.875, 34
{'preprocess': 0.026092529296875, 'inference': 0.02932262420654297, 'postprocess': 0.031209945678710938}, 2289.875, 34
{'preprocess': 0.025620698928833008, 'inference': 0.029317378997802734, 'postprocess': 0.03152918815612793}, 2289.875, 34
{'preprocess': 0.025554656982421875, 'inference': 0.029367923736572266, 'postprocess': 0.031755685806274414}, 2289.875, 36
{'preprocess': 0.02515578269958496, 'inference': 0.029347896575927734, 'postprocess': 0.03165006637573242}, 2289.875, 36
{'preprocess': 0.025301694869995117, 'inference': 0.029461383819580078, 'postprocess': 0.03177595138549805}, 2289.875, 36
{'preprocess': 0.025338172912597656, 'inference': 0.029424428939819336, 'postprocess': 0.03216671943664551}, 2289.875, 36
{'preprocess': 0.025510787963867188, 'inference': 0.029428720474243164, 'postprocess': 0.0339198112487793}, 2289.875, 36
{'preprocess': 0.025669097900390625, 'inference': 0.029449462890625, 'postprocess': 0.03190326690673828}, 2289.875, 36
{'preprocess': 0.026465892791748047, 'inference': 0.02952265739440918, 'postprocess': 0.03211379051208496}, 2289.875, 36
{'preprocess': 0.025417089462280273, 'inference': 0.02933812141418457, 'postprocess': 0.03194165229797363}, 2289.875, 36
{'preprocess': 0.025447845458984375, 'inference': 0.02932262420654297, 'postprocess': 0.03158140182495117}, 2289.875, 36
{'preprocess': 0.025380373001098633, 'inference': 0.02936577796936035, 'postprocess': 0.031478166580200195}, 2289.875, 36
{'preprocess': 0.025411367416381836, 'inference': 0.029319286346435547, 'postprocess': 0.031371355056762695}, 2289.875, 36
-------------------------------------------------------
Tensort, 15x5, yolov5n, 640x384, 100/200frames average time.
pre_multi: True
infer_multi: True
post_multi: True
Average preprocess: 0.025586740970611574s
Average inference: 0.02956021308898926s
Average postprocess: 0.03163627147674561s
Average memory: 2289.875MB
Average utilize: 34.68%


{'preprocess': 0.038202762603759766, 'inference': 0.03454470634460449, 'postprocess': 0.020913124084472656}, 2289.875, 6
{'preprocess': 0.027730941772460938, 'inference': 0.03284049034118652, 'postprocess': 0.019502878189086914}, 2289.875, 6
{'preprocess': 0.027582645416259766, 'inference': 0.03281688690185547, 'postprocess': 0.019489765167236328}, 2289.875, 6
{'preprocess': 0.027278900146484375, 'inference': 0.032001495361328125, 'postprocess': 0.019521713256835938}, 2289.875, 6
{'preprocess': 0.0274503231048584, 'inference': 0.031851768493652344, 'postprocess': 0.019469261169433594}, 2289.875, 6
{'preprocess': 0.03155946731567383, 'inference': 0.03189587593078613, 'postprocess': 0.01987624168395996}, 2289.875, 6
{'preprocess': 0.027443885803222656, 'inference': 0.031846046447753906, 'postprocess': 0.01950359344482422}, 2289.875, 25
{'preprocess': 0.027436017990112305, 'inference': 0.0319056510925293, 'postprocess': 0.01965165138244629}, 2289.875, 25
{'preprocess': 0.027688264846801758, 'inference': 0.029686927795410156, 'postprocess': 0.019592761993408203}, 2289.875, 25
{'preprocess': 0.027431726455688477, 'inference': 0.029641151428222656, 'postprocess': 0.019651412963867188}, 2289.875, 25
{'preprocess': 0.027795076370239258, 'inference': 0.02963399887084961, 'postprocess': 0.019526958465576172}, 2289.875, 25
{'preprocess': 0.02775120735168457, 'inference': 0.02962470054626465, 'postprocess': 0.019679546356201172}, 2289.875, 25
{'preprocess': 0.028417110443115234, 'inference': 0.029643774032592773, 'postprocess': 0.021108388900756836}, 2289.875, 25
{'preprocess': 0.027684450149536133, 'inference': 0.029532432556152344, 'postprocess': 0.01975083351135254}, 2289.875, 25
{'preprocess': 0.027827978134155273, 'inference': 0.029551029205322266, 'postprocess': 0.021203994750976562}, 2289.875, 25
{'preprocess': 0.027525901794433594, 'inference': 0.029546499252319336, 'postprocess': 0.021240949630737305}, 2289.875, 25
{'preprocess': 0.027635812759399414, 'inference': 0.02956223487854004, 'postprocess': 0.019728660583496094}, 2289.875, 25
{'preprocess': 0.02762889862060547, 'inference': 0.029553651809692383, 'postprocess': 0.021706581115722656}, 2289.875, 25
{'preprocess': 0.02766561508178711, 'inference': 0.02966022491455078, 'postprocess': 0.019806623458862305}, 2289.875, 25
{'preprocess': 0.027582168579101562, 'inference': 0.0296328067779541, 'postprocess': 0.020113229751586914}, 2289.875, 36
{'preprocess': 0.0276641845703125, 'inference': 0.02967071533203125, 'postprocess': 0.019825220108032227}, 2289.875, 36
{'preprocess': 0.02759838104248047, 'inference': 0.02964615821838379, 'postprocess': 0.019649267196655273}, 2289.875, 36
{'preprocess': 0.0277557373046875, 'inference': 0.02960205078125, 'postprocess': 0.022382497787475586}, 2289.875, 36
{'preprocess': 0.02763223648071289, 'inference': 0.029607772827148438, 'postprocess': 0.021260976791381836}, 2289.875, 36
{'preprocess': 0.027434825897216797, 'inference': 0.030981779098510742, 'postprocess': 0.019759178161621094}, 2289.875, 36
{'preprocess': 0.02767348289489746, 'inference': 0.029654264450073242, 'postprocess': 0.019646167755126953}, 2289.875, 36
{'preprocess': 0.027763843536376953, 'inference': 0.029608488082885742, 'postprocess': 0.019546985626220703}, 2289.875, 36
{'preprocess': 0.02756214141845703, 'inference': 0.029591798782348633, 'postprocess': 0.019707441329956055}, 2289.875, 36
{'preprocess': 0.027689218521118164, 'inference': 0.029606342315673828, 'postprocess': 0.01979994773864746}, 2289.875, 36
{'preprocess': 0.027509212493896484, 'inference': 0.02963733673095703, 'postprocess': 0.01963949203491211}, 2289.875, 36
{'preprocess': 0.027617931365966797, 'inference': 0.029948711395263672, 'postprocess': 0.02120351791381836}, 2289.875, 36
{'preprocess': 0.027874469757080078, 'inference': 0.029581069946289062, 'postprocess': 0.020024776458740234}, 2289.875, 40
{'preprocess': 0.027642011642456055, 'inference': 0.029570341110229492, 'postprocess': 0.0196530818939209}, 2289.875, 40
{'preprocess': 0.027283430099487305, 'inference': 0.02962946891784668, 'postprocess': 0.022661685943603516}, 2289.875, 40
{'preprocess': 0.027637958526611328, 'inference': 0.029650211334228516, 'postprocess': 0.02899956703186035}, 2289.875, 40
{'preprocess': 0.027639150619506836, 'inference': 0.029705524444580078, 'postprocess': 0.028580427169799805}, 2289.875, 40
{'preprocess': 0.02752518653869629, 'inference': 0.029631853103637695, 'postprocess': 0.027265548706054688}, 2289.875, 40
{'preprocess': 0.02777695655822754, 'inference': 0.029607057571411133, 'postprocess': 0.019603967666625977}, 2289.875, 40
{'preprocess': 0.027604341506958008, 'inference': 0.02961421012878418, 'postprocess': 0.022559642791748047}, 2289.875, 40
{'preprocess': 0.027474403381347656, 'inference': 0.02967071533203125, 'postprocess': 0.02251577377319336}, 2289.875, 40
{'preprocess': 0.027603626251220703, 'inference': 0.02978801727294922, 'postprocess': 0.022942066192626953}, 2289.875, 40
{'preprocess': 0.027583599090576172, 'inference': 0.029853105545043945, 'postprocess': 0.02136397361755371}, 2289.875, 40
{'preprocess': 0.027718305587768555, 'inference': 0.029705524444580078, 'postprocess': 0.021522045135498047}, 2289.875, 40
{'preprocess': 0.0291745662689209, 'inference': 0.02962636947631836, 'postprocess': 0.021733999252319336}, 2289.875, 37
{'preprocess': 0.0276944637298584, 'inference': 0.029682159423828125, 'postprocess': 0.021455049514770508}, 2289.875, 37
{'preprocess': 0.02742171287536621, 'inference': 0.029641389846801758, 'postprocess': 0.021417617797851562}, 2289.875, 37
{'preprocess': 0.02751016616821289, 'inference': 0.029618501663208008, 'postprocess': 0.021204710006713867}, 2289.875, 37
{'preprocess': 0.027614355087280273, 'inference': 0.029602766036987305, 'postprocess': 0.02272486686706543}, 2289.875, 37
{'preprocess': 0.0275728702545166, 'inference': 0.029546737670898438, 'postprocess': 0.022669553756713867}, 2289.875, 37
{'preprocess': 0.028627395629882812, 'inference': 0.029610633850097656, 'postprocess': 0.024076461791992188}, 2289.875, 37
{'preprocess': 0.027662038803100586, 'inference': 0.029613971710205078, 'postprocess': 0.022737503051757812}, 2289.875, 37
{'preprocess': 0.027380704879760742, 'inference': 0.02966618537902832, 'postprocess': 0.022738218307495117}, 2289.875, 37
{'preprocess': 0.027541160583496094, 'inference': 0.029607295989990234, 'postprocess': 0.02271294593811035}, 2289.875, 37
{'preprocess': 0.02768731117248535, 'inference': 0.029575586318969727, 'postprocess': 0.02149033546447754}, 2289.875, 37
{'preprocess': 0.02756667137145996, 'inference': 0.029551982879638672, 'postprocess': 0.021201133728027344}, 2289.875, 37
{'preprocess': 0.02776336669921875, 'inference': 0.02978038787841797, 'postprocess': 0.021604299545288086}, 2289.875, 37
{'preprocess': 0.027628183364868164, 'inference': 0.029541492462158203, 'postprocess': 0.02155137062072754}, 2289.875, 37
{'preprocess': 0.02750849723815918, 'inference': 0.029587745666503906, 'postprocess': 0.02103424072265625}, 2289.875, 37
{'preprocess': 0.02765965461730957, 'inference': 0.029619455337524414, 'postprocess': 0.022581100463867188}, 2289.875, 37
{'preprocess': 0.027570247650146484, 'inference': 0.029586315155029297, 'postprocess': 0.02104926109313965}, 2289.875, 37
{'preprocess': 0.027452707290649414, 'inference': 0.029666900634765625, 'postprocess': 0.02248358726501465}, 2289.875, 37
{'preprocess': 0.02854776382446289, 'inference': 0.03102898597717285, 'postprocess': 0.022640228271484375}, 2289.875, 37
{'preprocess': 0.02775716781616211, 'inference': 0.02961444854736328, 'postprocess': 0.022771120071411133}, 2289.875, 37
{'preprocess': 0.02773451805114746, 'inference': 0.029606342315673828, 'postprocess': 0.022548913955688477}, 2289.875, 37
{'preprocess': 0.02760934829711914, 'inference': 0.029621601104736328, 'postprocess': 0.02264714241027832}, 2289.875, 37
{'preprocess': 0.027655601501464844, 'inference': 0.02966451644897461, 'postprocess': 0.02274608612060547}, 2289.875, 37
{'preprocess': 0.02747654914855957, 'inference': 0.029575109481811523, 'postprocess': 0.022862672805786133}, 2289.875, 37
{'preprocess': 0.027562379837036133, 'inference': 0.029616117477416992, 'postprocess': 0.022675514221191406}, 2289.875, 37
{'preprocess': 0.031031131744384766, 'inference': 0.02958202362060547, 'postprocess': 0.02265644073486328}, 2289.875, 38
{'preprocess': 0.02736830711364746, 'inference': 0.029545307159423828, 'postprocess': 0.02315068244934082}, 2289.875, 38
{'preprocess': 0.027613162994384766, 'inference': 0.029551029205322266, 'postprocess': 0.022739648818969727}, 2289.875, 38
{'preprocess': 0.027526378631591797, 'inference': 0.02960658073425293, 'postprocess': 0.02267909049987793}, 2289.875, 38
{'preprocess': 0.02749013900756836, 'inference': 0.029593467712402344, 'postprocess': 0.0228271484375}, 2289.875, 38
{'preprocess': 0.02769017219543457, 'inference': 0.0302736759185791, 'postprocess': 0.022817134857177734}, 2289.875, 38
{'preprocess': 0.027723312377929688, 'inference': 0.02962207794189453, 'postprocess': 0.02273106575012207}, 2289.875, 38
{'preprocess': 0.027468204498291016, 'inference': 0.02958226203918457, 'postprocess': 0.022722244262695312}, 2289.875, 38
{'preprocess': 0.027646541595458984, 'inference': 0.02960491180419922, 'postprocess': 0.02269768714904785}, 2289.875, 38
{'preprocess': 0.02777099609375, 'inference': 0.029557228088378906, 'postprocess': 0.02279186248779297}, 2289.875, 38
{'preprocess': 0.027545690536499023, 'inference': 0.029605865478515625, 'postprocess': 0.022620439529418945}, 2289.875, 38
{'preprocess': 0.027306556701660156, 'inference': 0.02958369255065918, 'postprocess': 0.023955583572387695}, 2289.875, 38
{'preprocess': 0.027660608291625977, 'inference': 0.029849767684936523, 'postprocess': 0.02279353141784668}, 2289.875, 38
{'preprocess': 0.027608633041381836, 'inference': 0.02956247329711914, 'postprocess': 0.023126840591430664}, 2289.875, 38
{'preprocess': 0.027518033981323242, 'inference': 0.029523372650146484, 'postprocess': 0.022699594497680664}, 2289.875, 38
{'preprocess': 0.027621746063232422, 'inference': 0.029584646224975586, 'postprocess': 0.024121761322021484}, 2289.875, 38
{'preprocess': 0.027567386627197266, 'inference': 0.0296022891998291, 'postprocess': 0.02401900291442871}, 2289.875, 38
{'preprocess': 0.02755594253540039, 'inference': 0.029625654220581055, 'postprocess': 0.024587392807006836}, 2289.875, 38
{'preprocess': 0.027749061584472656, 'inference': 0.029621362686157227, 'postprocess': 0.024063587188720703}, 2289.875, 38
{'preprocess': 0.027466535568237305, 'inference': 0.02955937385559082, 'postprocess': 0.022422075271606445}, 2289.875, 38
{'preprocess': 0.0274505615234375, 'inference': 0.02957010269165039, 'postprocess': 0.025168180465698242}, 2289.875, 38
{'preprocess': 0.027574777603149414, 'inference': 0.0296175479888916, 'postprocess': 0.023737430572509766}, 2289.875, 38
{'preprocess': 0.027526378631591797, 'inference': 0.029636144638061523, 'postprocess': 0.023803234100341797}, 2289.875, 38
{'preprocess': 0.02762603759765625, 'inference': 0.029592275619506836, 'postprocess': 0.023847341537475586}, 2289.875, 38
{'preprocess': 0.027688264846801758, 'inference': 0.02954888343811035, 'postprocess': 0.024754762649536133}, 2289.875, 37
{'preprocess': 0.02797245979309082, 'inference': 0.029578447341918945, 'postprocess': 0.02583909034729004}, 2289.875, 37
{'preprocess': 0.03257036209106445, 'inference': 0.03088688850402832, 'postprocess': 0.022963762283325195}, 2289.875, 37
{'preprocess': 0.027598857879638672, 'inference': 0.029555559158325195, 'postprocess': 0.022298097610473633}, 2289.875, 37
{'preprocess': 0.0274045467376709, 'inference': 0.029525041580200195, 'postprocess': 0.022436857223510742}, 2289.875, 37
{'preprocess': 0.027583837509155273, 'inference': 0.02956843376159668, 'postprocess': 0.02269768714904785}, 2289.875, 37
{'preprocess': 0.02846503257751465, 'inference': 0.02983832359313965, 'postprocess': 0.022446393966674805}, 2289.875, 37
{'preprocess': 0.027552127838134766, 'inference': 0.029555082321166992, 'postprocess': 0.02238774299621582}, 2289.875, 37
{'preprocess': 0.02768111228942871, 'inference': 0.029613971710205078, 'postprocess': 0.022248506546020508}, 2289.875, 37
{'preprocess': 0.027652502059936523, 'inference': 0.02957463264465332, 'postprocess': 0.022284269332885742}, 2289.875, 37
{'preprocess': 0.027472972869873047, 'inference': 0.029588699340820312, 'postprocess': 0.023894786834716797}, 2289.875, 37
{'preprocess': 0.027714252471923828, 'inference': 0.0296022891998291, 'postprocess': 0.02387380599975586}, 2289.875, 37
{'preprocess': 0.02792072296142578, 'inference': 0.029556751251220703, 'postprocess': 0.02380537986755371}, 2289.875, 36
{'preprocess': 0.031950950622558594, 'inference': 0.029674053192138672, 'postprocess': 0.024242401123046875}, 2289.875, 36
{'preprocess': 0.027722835540771484, 'inference': 0.02955150604248047, 'postprocess': 0.02423834800720215}, 2289.875, 36
{'preprocess': 0.027772903442382812, 'inference': 0.0295412540435791, 'postprocess': 0.02396988868713379}, 2289.875, 36
{'preprocess': 0.027606725692749023, 'inference': 0.02955031394958496, 'postprocess': 0.023679494857788086}, 2289.875, 36
{'preprocess': 0.027933359146118164, 'inference': 0.02957630157470703, 'postprocess': 0.024056196212768555}, 2289.875, 36
{'preprocess': 0.02830028533935547, 'inference': 0.02962970733642578, 'postprocess': 0.023760557174682617}, 2289.875, 36
{'preprocess': 0.02800464630126953, 'inference': 0.02963566780090332, 'postprocess': 0.02402019500732422}, 2289.875, 36
{'preprocess': 0.027836084365844727, 'inference': 0.02957320213317871, 'postprocess': 0.02387857437133789}, 2289.875, 36
{'preprocess': 0.02777385711669922, 'inference': 0.029567956924438477, 'postprocess': 0.024066686630249023}, 2289.875, 36
{'preprocess': 0.02756500244140625, 'inference': 0.029560565948486328, 'postprocess': 0.02280282974243164}, 2289.875, 36
{'preprocess': 0.02774953842163086, 'inference': 0.029638051986694336, 'postprocess': 0.023978471755981445}, 2289.875, 36
{'preprocess': 0.02792835235595703, 'inference': 0.029592514038085938, 'postprocess': 0.024069547653198242}, 2289.875, 36
{'preprocess': 0.027661800384521484, 'inference': 0.029761552810668945, 'postprocess': 0.02467179298400879}, 2289.875, 36
{'preprocess': 0.02800464630126953, 'inference': 0.029599428176879883, 'postprocess': 0.024529457092285156}, 2289.875, 36
{'preprocess': 0.02779698371887207, 'inference': 0.029540061950683594, 'postprocess': 0.024039506912231445}, 2289.875, 36
{'preprocess': 0.027571678161621094, 'inference': 0.029590845108032227, 'postprocess': 0.02391529083251953}, 2289.875, 36
{'preprocess': 0.02762436866760254, 'inference': 0.029571533203125, 'postprocess': 0.02423858642578125}, 2289.875, 36
{'preprocess': 0.02809882164001465, 'inference': 0.029585599899291992, 'postprocess': 0.024274349212646484}, 2289.875, 36
{'preprocess': 0.027620553970336914, 'inference': 0.029573917388916016, 'postprocess': 0.024074554443359375}, 2289.875, 36
{'preprocess': 0.027881622314453125, 'inference': 0.02962636947631836, 'postprocess': 0.024211406707763672}, 2289.875, 36
{'preprocess': 0.027890682220458984, 'inference': 0.0295255184173584, 'postprocess': 0.024007320404052734}, 2289.875, 36
{'preprocess': 0.027691364288330078, 'inference': 0.029606342315673828, 'postprocess': 0.024260759353637695}, 2289.875, 36
{'preprocess': 0.027854442596435547, 'inference': 0.029636859893798828, 'postprocess': 0.023967504501342773}, 2289.875, 36
{'preprocess': 0.028072357177734375, 'inference': 0.029549598693847656, 'postprocess': 0.024280309677124023}, 2289.875, 36
{'preprocess': 0.02794504165649414, 'inference': 0.029613971710205078, 'postprocess': 0.024903297424316406}, 2289.875, 36
{'preprocess': 0.028269052505493164, 'inference': 0.029546499252319336, 'postprocess': 0.024713754653930664}, 2289.875, 36
{'preprocess': 0.02776026725769043, 'inference': 0.029574155807495117, 'postprocess': 0.025026321411132812}, 2289.875, 36
{'preprocess': 0.028127670288085938, 'inference': 0.029535531997680664, 'postprocess': 0.02393627166748047}, 2289.875, 36
{'preprocess': 0.027848005294799805, 'inference': 0.02956247329711914, 'postprocess': 0.024388790130615234}, 2289.875, 36
{'preprocess': 0.02793121337890625, 'inference': 0.029617786407470703, 'postprocess': 0.02405571937561035}, 2289.875, 36
{'preprocess': 0.027657032012939453, 'inference': 0.02961111068725586, 'postprocess': 0.024267911911010742}, 2289.875, 36
{'preprocess': 0.02781510353088379, 'inference': 0.029558181762695312, 'postprocess': 0.024145841598510742}, 2289.875, 36
{'preprocess': 0.027942419052124023, 'inference': 0.029558181762695312, 'postprocess': 0.02441716194152832}, 2289.875, 36
{'preprocess': 0.027690410614013672, 'inference': 0.029547691345214844, 'postprocess': 0.022899389266967773}, 2289.875, 36
{'preprocess': 0.027776718139648438, 'inference': 0.02960371971130371, 'postprocess': 0.022681474685668945}, 2289.875, 36
{'preprocess': 0.02780914306640625, 'inference': 0.02956867218017578, 'postprocess': 0.022736549377441406}, 2289.875, 36
{'preprocess': 0.027734041213989258, 'inference': 0.029568910598754883, 'postprocess': 0.022877216339111328}, 2289.875, 36
{'preprocess': 0.031752824783325195, 'inference': 0.029557228088378906, 'postprocess': 0.023221731185913086}, 2289.875, 36
{'preprocess': 0.027779102325439453, 'inference': 0.029522418975830078, 'postprocess': 0.02258443832397461}, 2289.875, 36
{'preprocess': 0.027632713317871094, 'inference': 0.02956390380859375, 'postprocess': 0.02302837371826172}, 2289.875, 36
{'preprocess': 0.027692794799804688, 'inference': 0.029540061950683594, 'postprocess': 0.023003339767456055}, 2289.875, 36
{'preprocess': 0.02802896499633789, 'inference': 0.029569387435913086, 'postprocess': 0.022773027420043945}, 2289.875, 36
{'preprocess': 0.027750015258789062, 'inference': 0.029753923416137695, 'postprocess': 0.02268815040588379}, 2289.875, 36
{'preprocess': 0.027960538864135742, 'inference': 0.029680490493774414, 'postprocess': 0.02336573600769043}, 2289.875, 36
{'preprocess': 0.027987957000732422, 'inference': 0.0296022891998291, 'postprocess': 0.026555538177490234}, 2289.875, 36
{'preprocess': 0.02794170379638672, 'inference': 0.029644250869750977, 'postprocess': 0.030612707138061523}, 2289.875, 36
{'preprocess': 0.02768230438232422, 'inference': 0.029536962509155273, 'postprocess': 0.023928165435791016}, 2289.875, 36
{'preprocess': 0.027623891830444336, 'inference': 0.029556751251220703, 'postprocess': 0.024249792098999023}, 2289.875, 36
{'preprocess': 0.027456998825073242, 'inference': 0.029620647430419922, 'postprocess': 0.022808074951171875}, 2289.875, 36
{'preprocess': 0.030424118041992188, 'inference': 0.029759883880615234, 'postprocess': 0.022995948791503906}, 2289.875, 36
{'preprocess': 0.027681827545166016, 'inference': 0.02958393096923828, 'postprocess': 0.024724960327148438}, 2289.875, 36
{'preprocess': 0.027468204498291016, 'inference': 0.029530763626098633, 'postprocess': 0.024300813674926758}, 2289.875, 36
{'preprocess': 0.02762293815612793, 'inference': 0.02963113784790039, 'postprocess': 0.02449798583984375}, 2289.875, 36
{'preprocess': 0.027709484100341797, 'inference': 0.029622554779052734, 'postprocess': 0.024603605270385742}, 2289.875, 36
{'preprocess': 0.027550220489501953, 'inference': 0.029597997665405273, 'postprocess': 0.023836374282836914}, 2289.875, 36
{'preprocess': 0.027632713317871094, 'inference': 0.029528379440307617, 'postprocess': 0.0240170955657959}, 2289.875, 36
{'preprocess': 0.02761054039001465, 'inference': 0.02954864501953125, 'postprocess': 0.024204254150390625}, 2289.875, 36
{'preprocess': 0.02741837501525879, 'inference': 0.029623031616210938, 'postprocess': 0.023905515670776367}, 2289.875, 36
{'preprocess': 0.027678489685058594, 'inference': 0.029571533203125, 'postprocess': 0.024187088012695312}, 2289.875, 36
{'preprocess': 0.027626991271972656, 'inference': 0.029577016830444336, 'postprocess': 0.023919343948364258}, 2289.875, 37
{'preprocess': 0.027530908584594727, 'inference': 0.029568910598754883, 'postprocess': 0.023891448974609375}, 2289.875, 37
{'preprocess': 0.027698040008544922, 'inference': 0.029646873474121094, 'postprocess': 0.023077964782714844}, 2289.875, 37
{'preprocess': 0.02777838706970215, 'inference': 0.02958989143371582, 'postprocess': 0.024425029754638672}, 2289.875, 37
{'preprocess': 0.027476787567138672, 'inference': 0.02953934669494629, 'postprocess': 0.023943424224853516}, 2289.875, 37
{'preprocess': 0.027574777603149414, 'inference': 0.029561519622802734, 'postprocess': 0.024355411529541016}, 2289.875, 37
{'preprocess': 0.027811765670776367, 'inference': 0.029616355895996094, 'postprocess': 0.023983240127563477}, 2289.875, 37
{'preprocess': 0.02746295928955078, 'inference': 0.029605627059936523, 'postprocess': 0.024410009384155273}, 2289.875, 37
{'preprocess': 0.027631282806396484, 'inference': 0.029544353485107422, 'postprocess': 0.02393054962158203}, 2289.875, 37
{'preprocess': 0.027674198150634766, 'inference': 0.029609203338623047, 'postprocess': 0.024141311645507812}, 2289.875, 37
{'preprocess': 0.027430295944213867, 'inference': 0.029593229293823242, 'postprocess': 0.024188756942749023}, 2289.875, 37
{'preprocess': 0.02768683433532715, 'inference': 0.02960801124572754, 'postprocess': 0.023974895477294922}, 2289.875, 37
{'preprocess': 0.027970552444458008, 'inference': 0.02967357635498047, 'postprocess': 0.024061918258666992}, 2289.875, 36
{'preprocess': 0.027478456497192383, 'inference': 0.029600858688354492, 'postprocess': 0.0239255428314209}, 2289.875, 36
{'preprocess': 0.0276181697845459, 'inference': 0.02956986427307129, 'postprocess': 0.02425670623779297}, 2289.875, 36
{'preprocess': 0.02836012840270996, 'inference': 0.0296628475189209, 'postprocess': 0.024352550506591797}, 2289.875, 36
{'preprocess': 0.03158974647521973, 'inference': 0.029607057571411133, 'postprocess': 0.024312973022460938}, 2289.875, 36
{'preprocess': 0.027654409408569336, 'inference': 0.029556751251220703, 'postprocess': 0.02407050132751465}, 2289.875, 36
{'preprocess': 0.027962207794189453, 'inference': 0.029588699340820312, 'postprocess': 0.023852825164794922}, 2289.875, 36
{'preprocess': 0.027698278427124023, 'inference': 0.029534101486206055, 'postprocess': 0.024291515350341797}, 2289.875, 36
{'preprocess': 0.027768373489379883, 'inference': 0.02955150604248047, 'postprocess': 0.023800373077392578}, 2289.875, 36
{'preprocess': 0.027661561965942383, 'inference': 0.02957439422607422, 'postprocess': 0.023847341537475586}, 2289.875, 36
{'preprocess': 0.02740192413330078, 'inference': 0.029582738876342773, 'postprocess': 0.023927927017211914}, 2289.875, 36
{'preprocess': 0.02763676643371582, 'inference': 0.0296323299407959, 'postprocess': 0.024157285690307617}, 2289.875, 36
{'preprocess': 0.028131484985351562, 'inference': 0.029602766036987305, 'postprocess': 0.024029254913330078}, 2289.875, 36
{'preprocess': 0.027593374252319336, 'inference': 0.029608726501464844, 'postprocess': 0.023959875106811523}, 2289.875, 36
{'preprocess': 0.02755260467529297, 'inference': 0.029575824737548828, 'postprocess': 0.023970365524291992}, 2289.875, 36
{'preprocess': 0.03219294548034668, 'inference': 0.029592514038085938, 'postprocess': 0.024329662322998047}, 2289.875, 36
{'preprocess': 0.02747964859008789, 'inference': 0.029534578323364258, 'postprocess': 0.02412557601928711}, 2289.875, 36
{'preprocess': 0.027802228927612305, 'inference': 0.029556989669799805, 'postprocess': 0.024312257766723633}, 2289.875, 36
{'preprocess': 0.027836322784423828, 'inference': 0.029641389846801758, 'postprocess': 0.024038076400756836}, 2289.875, 36
{'preprocess': 0.027522563934326172, 'inference': 0.029642820358276367, 'postprocess': 0.02402329444885254}, 2289.875, 36
{'preprocess': 0.027650117874145508, 'inference': 0.029584169387817383, 'postprocess': 0.023845195770263672}, 2289.875, 36
{'preprocess': 0.027674198150634766, 'inference': 0.0295867919921875, 'postprocess': 0.02400946617126465}, 2289.875, 36
-------------------------------------------------------
Tensort, 15x5, yolov5n, 640x384, 100/200frames average time.
pre_multi: False
infer_multi: False
post_multi: False
Average preprocess: 0.027943847179412843s
Average inference: 0.029593231678009032s
Average postprocess: 0.023970592021942138s
Average memory: 2289.875MB
Average utilize: 36.18%
