[01/06/2022-10:22:38] [TRT] [I] [MemUsageChange] Init CUDA: CPU +285, GPU +0, now: CPU 358, GPU 926 (MiB)
[01/06/2022-10:22:38] [TRT] [I] Loaded engine size: 15 MiB
[01/06/2022-10:22:40] [TRT] [W] TensorRT was linked against cuBLAS/cuBLAS LT 10.2.3 but loaded cuBLAS/cuBLAS LT 10.2.2
[01/06/2022-10:22:40] [TRT] [I] [MemUsageChange] Init cuBLAS/cuBLASLt: CPU +50, GPU +126, now: CPU 2416, GPU 2710 (MiB)
[01/06/2022-10:22:40] [TRT] [I] [MemUsageChange] Init cuDNN: CPU +92, GPU +150, now: CPU 2508, GPU 2862 (MiB)
[01/06/2022-10:22:40] [TRT] [W] TensorRT was linked against cuDNN 8.2.1 but loaded cuDNN 8.0.2
[01/06/2022-10:22:40] [TRT] [I] [MemUsageChange] TensorRT-managed allocation in engine deserialization: CPU +0, GPU +13, now: CPU 0, GPU 13 (MiB)
[01/06/2022-10:22:40] [TRT] [W] TensorRT was linked against cuBLAS/cuBLAS LT 10.2.3 but loaded cuBLAS/cuBLAS LT 10.2.2
[01/06/2022-10:22:40] [TRT] [I] [MemUsageChange] Init cuBLAS/cuBLASLt: CPU +0, GPU +8, now: CPU 2492, GPU 2854 (MiB)
[01/06/2022-10:22:40] [TRT] [I] [MemUsageChange] Init cuDNN: CPU +1, GPU +8, now: CPU 2493, GPU 2862 (MiB)
[01/06/2022-10:22:40] [TRT] [W] TensorRT was linked against cuDNN 8.2.1 but loaded cuDNN 8.0.2
[01/06/2022-10:22:40] [TRT] [I] [MemUsageChange] TensorRT-managed allocation in IExecutionContext creation: CPU +0, GPU +162, now: CPU 0, GPU 175 (MiB)
[01/06/2022-10:22:40] [TRT] [I] The logger passed into createInferRuntime differs from one already provided for an existing builder, runtime, or refitter. Uses of the global logger, returned by nvinfer1::getLogger(), will return the existing value.

[01/06/2022-10:22:40] [TRT] [I] [MemUsageChange] Init CUDA: CPU +0, GPU +0, now: CPU 2493, GPU 3198 (MiB)
[01/06/2022-10:22:40] [TRT] [I] Loaded engine size: 15 MiB
[01/06/2022-10:22:40] [TRT] [W] TensorRT was linked against cuBLAS/cuBLAS LT 10.2.3 but loaded cuBLAS/cuBLAS LT 10.2.2
[01/06/2022-10:22:40] [TRT] [I] [MemUsageChange] Init cuBLAS/cuBLASLt: CPU +0, GPU +8, now: CPU 2514, GPU 3238 (MiB)
[01/06/2022-10:22:40] [TRT] [I] [MemUsageChange] Init cuDNN: CPU +0, GPU +10, now: CPU 2514, GPU 3248 (MiB)
[01/06/2022-10:22:40] [TRT] [W] TensorRT was linked against cuDNN 8.2.1 but loaded cuDNN 8.0.2
[01/06/2022-10:22:40] [TRT] [I] [MemUsageChange] TensorRT-managed allocation in engine deserialization: CPU +0, GPU +14, now: CPU 0, GPU 189 (MiB)
[01/06/2022-10:22:40] [TRT] [W] TensorRT was linked against cuBLAS/cuBLAS LT 10.2.3 but loaded cuBLAS/cuBLAS LT 10.2.2
[01/06/2022-10:22:40] [TRT] [I] [MemUsageChange] Init cuBLAS/cuBLASLt: CPU +0, GPU +8, now: CPU 2498, GPU 3240 (MiB)
[01/06/2022-10:22:40] [TRT] [I] [MemUsageChange] Init cuDNN: CPU +1, GPU +8, now: CPU 2499, GPU 3248 (MiB)
[01/06/2022-10:22:40] [TRT] [W] TensorRT was linked against cuDNN 8.2.1 but loaded cuDNN 8.0.2
[01/06/2022-10:22:40] [TRT] [I] [MemUsageChange] TensorRT-managed allocation in IExecutionContext creation: CPU +0, GPU +162, now: CPU 0, GPU 351 (MiB)
[01/06/2022-10:22:40] [TRT] [I] The logger passed into createInferRuntime differs from one already provided for an existing builder, runtime, or refitter. Uses of the global logger, returned by nvinfer1::getLogger(), will return the existing value.

[01/06/2022-10:22:40] [TRT] [I] [MemUsageChange] Init CUDA: CPU +0, GPU +0, now: CPU 2499, GPU 3590 (MiB)
[01/06/2022-10:22:40] [TRT] [I] Loaded engine size: 15 MiB
[01/06/2022-10:22:40] [TRT] [W] TensorRT was linked against cuBLAS/cuBLAS LT 10.2.3 but loaded cuBLAS/cuBLAS LT 10.2.2
[01/06/2022-10:22:40] [TRT] [I] [MemUsageChange] Init cuBLAS/cuBLASLt: CPU +0, GPU +8, now: CPU 2519, GPU 3626 (MiB)
[01/06/2022-10:22:40] [TRT] [I] [MemUsageChange] Init cuDNN: CPU +0, GPU +8, now: CPU 2519, GPU 3634 (MiB)
[01/06/2022-10:22:40] [TRT] [W] TensorRT was linked against cuDNN 8.2.1 but loaded cuDNN 8.0.2
[01/06/2022-10:22:40] [TRT] [I] [MemUsageChange] TensorRT-managed allocation in engine deserialization: CPU +0, GPU +14, now: CPU 0, GPU 365 (MiB)
[01/06/2022-10:22:40] [TRT] [W] TensorRT was linked against cuBLAS/cuBLAS LT 10.2.3 but loaded cuBLAS/cuBLAS LT 10.2.2
[01/06/2022-10:22:40] [TRT] [I] [MemUsageChange] Init cuBLAS/cuBLASLt: CPU +0, GPU +8, now: CPU 2519, GPU 3626 (MiB)
[01/06/2022-10:22:40] [TRT] [I] [MemUsageChange] Init cuDNN: CPU +0, GPU +8, now: CPU 2519, GPU 3634 (MiB)
[01/06/2022-10:22:40] [TRT] [W] TensorRT was linked against cuDNN 8.2.1 but loaded cuDNN 8.0.2
[01/06/2022-10:22:40] [TRT] [I] [MemUsageChange] TensorRT-managed allocation in IExecutionContext creation: CPU +0, GPU +161, now: CPU 0, GPU 526 (MiB)
[01/06/2022-10:22:40] [TRT] [I] The logger passed into createInferRuntime differs from one already provided for an existing builder, runtime, or refitter. Uses of the global logger, returned by nvinfer1::getLogger(), will return the existing value.

[01/06/2022-10:22:40] [TRT] [I] [MemUsageChange] Init CUDA: CPU +0, GPU +0, now: CPU 2519, GPU 3974 (MiB)
[01/06/2022-10:22:40] [TRT] [I] Loaded engine size: 15 MiB
[01/06/2022-10:22:40] [TRT] [W] TensorRT was linked against cuBLAS/cuBLAS LT 10.2.3 but loaded cuBLAS/cuBLAS LT 10.2.2
[01/06/2022-10:22:40] [TRT] [I] [MemUsageChange] Init cuBLAS/cuBLASLt: CPU +0, GPU +10, now: CPU 2525, GPU 4014 (MiB)
[01/06/2022-10:22:40] [TRT] [I] [MemUsageChange] Init cuDNN: CPU +0, GPU +10, now: CPU 2525, GPU 4024 (MiB)
[01/06/2022-10:22:40] [TRT] [W] TensorRT was linked against cuDNN 8.2.1 but loaded cuDNN 8.0.2
[01/06/2022-10:22:40] [TRT] [I] [MemUsageChange] TensorRT-managed allocation in engine deserialization: CPU +0, GPU +14, now: CPU 0, GPU 540 (MiB)
[01/06/2022-10:22:40] [TRT] [W] TensorRT was linked against cuBLAS/cuBLAS LT 10.2.3 but loaded cuBLAS/cuBLAS LT 10.2.2
[01/06/2022-10:22:40] [TRT] [I] [MemUsageChange] Init cuBLAS/cuBLASLt: CPU +0, GPU +10, now: CPU 2525, GPU 4016 (MiB)
[01/06/2022-10:22:40] [TRT] [I] [MemUsageChange] Init cuDNN: CPU +0, GPU +8, now: CPU 2525, GPU 4024 (MiB)
[01/06/2022-10:22:40] [TRT] [W] TensorRT was linked against cuDNN 8.2.1 but loaded cuDNN 8.0.2
[01/06/2022-10:22:40] [TRT] [I] [MemUsageChange] TensorRT-managed allocation in IExecutionContext creation: CPU +1, GPU +162, now: CPU 1, GPU 702 (MiB)
[01/06/2022-10:22:41] [TRT] [I] The logger passed into createInferRuntime differs from one already provided for an existing builder, runtime, or refitter. Uses of the global logger, returned by nvinfer1::getLogger(), will return the existing value.

[01/06/2022-10:22:41] [TRT] [I] [MemUsageChange] Init CUDA: CPU +0, GPU +0, now: CPU 2526, GPU 4370 (MiB)
[01/06/2022-10:22:41] [TRT] [I] Loaded engine size: 15 MiB
[01/06/2022-10:22:41] [TRT] [W] TensorRT was linked against cuBLAS/cuBLAS LT 10.2.3 but loaded cuBLAS/cuBLAS LT 10.2.2
[01/06/2022-10:22:41] [TRT] [I] [MemUsageChange] Init cuBLAS/cuBLASLt: CPU +0, GPU +8, now: CPU 2533, GPU 4410 (MiB)
[01/06/2022-10:22:41] [TRT] [I] [MemUsageChange] Init cuDNN: CPU +0, GPU +10, now: CPU 2533, GPU 4420 (MiB)
[01/06/2022-10:22:41] [TRT] [W] TensorRT was linked against cuDNN 8.2.1 but loaded cuDNN 8.0.2
[01/06/2022-10:22:41] [TRT] [I] [MemUsageChange] TensorRT-managed allocation in engine deserialization: CPU +0, GPU +14, now: CPU 1, GPU 716 (MiB)
[01/06/2022-10:22:41] [TRT] [W] TensorRT was linked against cuBLAS/cuBLAS LT 10.2.3 but loaded cuBLAS/cuBLAS LT 10.2.2
[01/06/2022-10:22:41] [TRT] [I] [MemUsageChange] Init cuBLAS/cuBLASLt: CPU +0, GPU +8, now: CPU 2518, GPU 4412 (MiB)
[01/06/2022-10:22:41] [TRT] [I] [MemUsageChange] Init cuDNN: CPU +0, GPU +8, now: CPU 2518, GPU 4420 (MiB)
[01/06/2022-10:22:41] [TRT] [W] TensorRT was linked against cuDNN 8.2.1 but loaded cuDNN 8.0.2
[01/06/2022-10:22:41] [TRT] [I] [MemUsageChange] TensorRT-managed allocation in IExecutionContext creation: CPU +0, GPU +162, now: CPU 1, GPU 878 (MiB)
2022-01-06 10:22:41.237 | INFO     | __main__:<module>:101 - {'preprocess': 0.05228376388549805, 'inference': 0.09196996688842773, 'postprocess': 0.02322983741760254}, 4850.375, 19
2022-01-06 10:22:41.378 | INFO     | __main__:<module>:101 - {'preprocess': 0.03777122497558594, 'inference': 0.07826542854309082, 'postprocess': 0.022858142852783203}, 4850.375, 19
2022-01-06 10:22:41.514 | INFO     | __main__:<module>:101 - {'preprocess': 0.03539085388183594, 'inference': 0.07471275329589844, 'postprocess': 0.022974491119384766}, 4850.375, 19
2022-01-06 10:22:41.645 | INFO     | __main__:<module>:101 - {'preprocess': 0.03149080276489258, 'inference': 0.07394719123840332, 'postprocess': 0.022585153579711914}, 4850.375, 19
2022-01-06 10:22:41.780 | INFO     | __main__:<module>:101 - {'preprocess': 0.035002946853637695, 'inference': 0.0756533145904541, 'postprocess': 0.022641897201538086}, 4850.375, 19
2022-01-06 10:22:41.916 | INFO     | __main__:<module>:101 - {'preprocess': 0.033675432205200195, 'inference': 0.07625508308410645, 'postprocess': 0.02415180206298828}, 4850.375, 19
2022-01-06 10:22:42.050 | INFO     | __main__:<module>:101 - {'preprocess': 0.03414559364318848, 'inference': 0.07584095001220703, 'postprocess': 0.022769689559936523}, 4850.375, 19
2022-01-06 10:22:42.182 | INFO     | __main__:<module>:101 - {'preprocess': 0.03252148628234863, 'inference': 0.07520532608032227, 'postprocess': 0.02276325225830078}, 4850.375, 65
2022-01-06 10:22:42.321 | INFO     | __main__:<module>:101 - {'preprocess': 0.036453962326049805, 'inference': 0.07610893249511719, 'postprocess': 0.024523496627807617}, 4850.375, 65
2022-01-06 10:22:42.457 | INFO     | __main__:<module>:101 - {'preprocess': 0.03449511528015137, 'inference': 0.07660579681396484, 'postprocess': 0.023029804229736328}, 4850.375, 65
2022-01-06 10:22:42.593 | INFO     | __main__:<module>:101 - {'preprocess': 0.03361320495605469, 'inference': 0.07800626754760742, 'postprocess': 0.022881746292114258}, 4850.375, 65
2022-01-06 10:22:42.728 | INFO     | __main__:<module>:101 - {'preprocess': 0.034909963607788086, 'inference': 0.07540154457092285, 'postprocess': 0.022833824157714844}, 4850.375, 65
2022-01-06 10:22:42.862 | INFO     | __main__:<module>:101 - {'preprocess': 0.03421282768249512, 'inference': 0.0756683349609375, 'postprocess': 0.022565126419067383}, 4850.375, 65
2022-01-06 10:22:43.000 | INFO     | __main__:<module>:101 - {'preprocess': 0.03726053237915039, 'inference': 0.0757896900177002, 'postprocess': 0.02295541763305664}, 4850.375, 65
2022-01-06 10:22:43.130 | INFO     | __main__:<module>:101 - {'preprocess': 0.03230166435241699, 'inference': 0.07325863838195801, 'postprocess': 0.022801637649536133}, 4850.375, 70
2022-01-06 10:22:43.283 | INFO     | __main__:<module>:101 - {'preprocess': 0.03211545944213867, 'inference': 0.07567572593688965, 'postprocess': 0.022867918014526367}, 4850.375, 70
2022-01-06 10:22:43.449 | INFO     | __main__:<module>:101 - {'preprocess': 0.04588580131530762, 'inference': 0.09574365615844727, 'postprocess': 0.023092985153198242}, 4850.375, 70
2022-01-06 10:22:43.614 | INFO     | __main__:<module>:101 - {'preprocess': 0.044913530349731445, 'inference': 0.09278297424316406, 'postprocess': 0.024144887924194336}, 4850.375, 70
2022-01-06 10:22:43.784 | INFO     | __main__:<module>:101 - {'preprocess': 0.04606294631958008, 'inference': 0.09615755081176758, 'postprocess': 0.02410435676574707}, 4850.375, 70
2022-01-06 10:22:43.949 | INFO     | __main__:<module>:101 - {'preprocess': 0.04548501968383789, 'inference': 0.09288525581359863, 'postprocess': 0.023325204849243164}, 4850.375, 70
2022-01-06 10:22:44.114 | INFO     | __main__:<module>:101 - {'preprocess': 0.04661893844604492, 'inference': 0.09232974052429199, 'postprocess': 0.02275538444519043}, 4850.375, 60
2022-01-06 10:22:44.277 | INFO     | __main__:<module>:101 - {'preprocess': 0.04562258720397949, 'inference': 0.09290170669555664, 'postprocess': 0.022878170013427734}, 4850.375, 60
2022-01-06 10:22:44.445 | INFO     | __main__:<module>:101 - {'preprocess': 0.04541635513305664, 'inference': 0.09610939025878906, 'postprocess': 0.023029327392578125}, 4850.375, 60
2022-01-06 10:22:44.610 | INFO     | __main__:<module>:101 - {'preprocess': 0.045117855072021484, 'inference': 0.09521865844726562, 'postprocess': 0.02120494842529297}, 4850.375, 60
2022-01-06 10:22:44.776 | INFO     | __main__:<module>:101 - {'preprocess': 0.04580092430114746, 'inference': 0.09216809272766113, 'postprocess': 0.024798154830932617}, 4850.375, 60
2022-01-06 10:22:44.938 | INFO     | __main__:<module>:101 - {'preprocess': 0.04573178291320801, 'inference': 0.08995580673217773, 'postprocess': 0.02402472496032715}, 4850.375, 60
2022-01-06 10:22:45.104 | INFO     | __main__:<module>:101 - {'preprocess': 0.05051159858703613, 'inference': 0.08923959732055664, 'postprocess': 0.024585485458374023}, 4850.375, 60
2022-01-06 10:22:45.254 | INFO     | __main__:<module>:101 - {'preprocess': 0.04038071632385254, 'inference': 0.08527135848999023, 'postprocess': 0.022779464721679688}, 4850.375, 57
2022-01-06 10:22:45.399 | INFO     | __main__:<module>:101 - {'preprocess': 0.04245352745056152, 'inference': 0.07620763778686523, 'postprocess': 0.023095369338989258}, 4850.375, 57
2022-01-06 10:22:45.530 | INFO     | __main__:<module>:101 - {'preprocess': 0.0331728458404541, 'inference': 0.07310605049133301, 'postprocess': 0.02300715446472168}, 4850.375, 57
2022-01-06 10:22:45.663 | INFO     | __main__:<module>:101 - {'preprocess': 0.03322625160217285, 'inference': 0.07532477378845215, 'postprocess': 0.022719860076904297}, 4850.375, 57
2022-01-06 10:22:45.796 | INFO     | __main__:<module>:101 - {'preprocess': 0.033469438552856445, 'inference': 0.07554006576538086, 'postprocess': 0.022742509841918945}, 4850.375, 57
2022-01-06 10:22:45.931 | INFO     | __main__:<module>:101 - {'preprocess': 0.03433990478515625, 'inference': 0.0759131908416748, 'postprocess': 0.022701740264892578}, 4850.375, 57
2022-01-06 10:22:46.065 | INFO     | __main__:<module>:101 - {'preprocess': 0.033812522888183594, 'inference': 0.07613062858581543, 'postprocess': 0.02282428741455078}, 4850.375, 57
2022-01-06 10:22:46.200 | INFO     | __main__:<module>:101 - {'preprocess': 0.03459286689758301, 'inference': 0.07531142234802246, 'postprocess': 0.022677898406982422}, 4850.375, 66
2022-01-06 10:22:46.335 | INFO     | __main__:<module>:101 - {'preprocess': 0.03397202491760254, 'inference': 0.07781195640563965, 'postprocess': 0.021236419677734375}, 4850.375, 66
2022-01-06 10:22:46.470 | INFO     | __main__:<module>:101 - {'preprocess': 0.03518843650817871, 'inference': 0.07723808288574219, 'postprocess': 0.02144002914428711}, 4850.375, 66
2022-01-06 10:22:46.599 | INFO     | __main__:<module>:101 - {'preprocess': 0.03244471549987793, 'inference': 0.07326436042785645, 'postprocess': 0.020952701568603516}, 4850.375, 66
2022-01-06 10:22:46.734 | INFO     | __main__:<module>:101 - {'preprocess': 0.03322577476501465, 'inference': 0.07505178451538086, 'postprocess': 0.0254213809967041}, 4850.375, 66
2022-01-06 10:22:46.871 | INFO     | __main__:<module>:101 - {'preprocess': 0.0331571102142334, 'inference': 0.07583999633789062, 'postprocess': 0.025508880615234375}, 4850.375, 66
2022-01-06 10:22:47.013 | INFO     | __main__:<module>:101 - {'preprocess': 0.03484153747558594, 'inference': 0.07715868949890137, 'postprocess': 0.02702498435974121}, 4850.375, 66
2022-01-06 10:22:47.162 | INFO     | __main__:<module>:101 - {'preprocess': 0.042989253997802734, 'inference': 0.07689952850341797, 'postprocess': 0.02761530876159668}, 4850.375, 69
2022-01-06 10:22:47.302 | INFO     | __main__:<module>:101 - {'preprocess': 0.034655094146728516, 'inference': 0.07555818557739258, 'postprocess': 0.027707576751708984}, 4850.375, 69
2022-01-06 10:22:47.441 | INFO     | __main__:<module>:101 - {'preprocess': 0.033487558364868164, 'inference': 0.07640981674194336, 'postprocess': 0.02775883674621582}, 4850.375, 69
2022-01-06 10:22:47.580 | INFO     | __main__:<module>:101 - {'preprocess': 0.03456568717956543, 'inference': 0.07512044906616211, 'postprocess': 0.02716064453125}, 4850.375, 69
2022-01-06 10:22:47.720 | INFO     | __main__:<module>:101 - {'preprocess': 0.03399348258972168, 'inference': 0.07564258575439453, 'postprocess': 0.027331113815307617}, 4850.375, 69
2022-01-06 10:22:47.861 | INFO     | __main__:<module>:101 - {'preprocess': 0.03536248207092285, 'inference': 0.07571148872375488, 'postprocess': 0.027185678482055664}, 4850.375, 69
2022-01-06 10:22:47.997 | INFO     | __main__:<module>:101 - {'preprocess': 0.03447532653808594, 'inference': 0.07579851150512695, 'postprocess': 0.024251461029052734}, 4850.375, 69
2022-01-06 10:22:48.138 | INFO     | __main__:<module>:101 - {'preprocess': 0.03498983383178711, 'inference': 0.07824873924255371, 'postprocess': 0.026026010513305664}, 4850.375, 66
2022-01-06 10:22:48.274 | INFO     | __main__:<module>:101 - {'preprocess': 0.03475451469421387, 'inference': 0.07523322105407715, 'postprocess': 0.024296045303344727}, 4850.375, 66
2022-01-06 10:22:48.414 | INFO     | __main__:<module>:101 - {'preprocess': 0.035674095153808594, 'inference': 0.07674455642700195, 'postprocess': 0.025998592376708984}, 4850.375, 66
2022-01-06 10:22:48.550 | INFO     | __main__:<module>:101 - {'preprocess': 0.032503604888916016, 'inference': 0.07302427291870117, 'postprocess': 0.027243375778198242}, 4850.375, 66
2022-01-06 10:22:48.686 | INFO     | __main__:<module>:101 - {'preprocess': 0.03417372703552246, 'inference': 0.07566666603088379, 'postprocess': 0.024301528930664062}, 4850.375, 66
2022-01-06 10:22:48.824 | INFO     | __main__:<module>:101 - {'preprocess': 0.0341341495513916, 'inference': 0.07776141166687012, 'postprocess': 0.024235010147094727}, 4850.375, 66
2022-01-06 10:22:48.961 | INFO     | __main__:<module>:101 - {'preprocess': 0.03583836555480957, 'inference': 0.07562398910522461, 'postprocess': 0.024335861206054688}, 4850.375, 66
2022-01-06 10:22:49.101 | INFO     | __main__:<module>:101 - {'preprocess': 0.033571481704711914, 'inference': 0.08003020286560059, 'postprocess': 0.02416205406188965}, 4850.375, 66
2022-01-06 10:22:49.247 | INFO     | __main__:<module>:101 - {'preprocess': 0.04114246368408203, 'inference': 0.07782888412475586, 'postprocess': 0.02406167984008789}, 4850.375, 64
2022-01-06 10:22:49.385 | INFO     | __main__:<module>:101 - {'preprocess': 0.034853458404541016, 'inference': 0.0756082534790039, 'postprocess': 0.02583456039428711}, 4850.375, 64
2022-01-06 10:22:49.524 | INFO     | __main__:<module>:101 - {'preprocess': 0.03528308868408203, 'inference': 0.07592201232910156, 'postprocess': 0.026005983352661133}, 4850.375, 64
2022-01-06 10:22:49.660 | INFO     | __main__:<module>:101 - {'preprocess': 0.03417539596557617, 'inference': 0.07503056526184082, 'postprocess': 0.025493144989013672}, 4850.375, 64
2022-01-06 10:22:49.797 | INFO     | __main__:<module>:101 - {'preprocess': 0.03424811363220215, 'inference': 0.07556390762329102, 'postprocess': 0.025534391403198242}, 4850.375, 64
2022-01-06 10:22:49.936 | INFO     | __main__:<module>:101 - {'preprocess': 0.03355860710144043, 'inference': 0.07781648635864258, 'postprocess': 0.02558112144470215}, 4850.375, 64
2022-01-06 10:22:50.075 | INFO     | __main__:<module>:101 - {'preprocess': 0.03596615791320801, 'inference': 0.07531929016113281, 'postprocess': 0.025849103927612305}, 4850.375, 64
2022-01-06 10:22:50.212 | INFO     | __main__:<module>:101 - {'preprocess': 0.03397178649902344, 'inference': 0.0742790699005127, 'postprocess': 0.02709507942199707}, 4850.375, 68
2022-01-06 10:22:50.349 | INFO     | __main__:<module>:101 - {'preprocess': 0.032933712005615234, 'inference': 0.0748603343963623, 'postprocess': 0.02667069435119629}, 4850.375, 68
2022-01-06 10:22:50.489 | INFO     | __main__:<module>:101 - {'preprocess': 0.03463578224182129, 'inference': 0.0766303539276123, 'postprocess': 0.027739524841308594}, 4850.375, 68
2022-01-06 10:22:50.630 | INFO     | __main__:<module>:101 - {'preprocess': 0.03453946113586426, 'inference': 0.07744383811950684, 'postprocess': 0.027164220809936523}, 4850.375, 68
2022-01-06 10:22:50.772 | INFO     | __main__:<module>:101 - {'preprocess': 0.03487229347229004, 'inference': 0.07762289047241211, 'postprocess': 0.02700519561767578}, 4850.375, 68
2022-01-06 10:22:50.914 | INFO     | __main__:<module>:101 - {'preprocess': 0.03593897819519043, 'inference': 0.07724118232727051, 'postprocess': 0.027194499969482422}, 4850.375, 68
2022-01-06 10:22:51.052 | INFO     | __main__:<module>:101 - {'preprocess': 0.0350956916809082, 'inference': 0.07539582252502441, 'postprocess': 0.02553725242614746}, 4850.375, 68
2022-01-06 10:22:51.188 | INFO     | __main__:<module>:101 - {'preprocess': 0.03419756889343262, 'inference': 0.07293963432312012, 'postprocess': 0.02652144432067871}, 4850.375, 67
2022-01-06 10:22:51.321 | INFO     | __main__:<module>:101 - {'preprocess': 0.03252840042114258, 'inference': 0.07305693626403809, 'postprocess': 0.02594757080078125}, 4850.375, 67
2022-01-06 10:22:51.460 | INFO     | __main__:<module>:101 - {'preprocess': 0.03441905975341797, 'inference': 0.07484674453735352, 'postprocess': 0.02771592140197754}, 4850.375, 67
2022-01-06 10:22:51.595 | INFO     | __main__:<module>:101 - {'preprocess': 0.032045602798461914, 'inference': 0.07515501976013184, 'postprocess': 0.02556777000427246}, 4850.375, 67
2022-01-06 10:22:51.733 | INFO     | __main__:<module>:101 - {'preprocess': 0.03470492362976074, 'inference': 0.07523632049560547, 'postprocess': 0.02593398094177246}, 4850.375, 67
2022-01-06 10:22:51.870 | INFO     | __main__:<module>:101 - {'preprocess': 0.03412675857543945, 'inference': 0.07566618919372559, 'postprocess': 0.025377273559570312}, 4850.375, 67
2022-01-06 10:22:52.011 | INFO     | __main__:<module>:101 - {'preprocess': 0.034494876861572266, 'inference': 0.07747054100036621, 'postprocess': 0.026932716369628906}, 4850.375, 67
2022-01-06 10:22:52.150 | INFO     | __main__:<module>:101 - {'preprocess': 0.035031795501708984, 'inference': 0.0754852294921875, 'postprocess': 0.026986360549926758}, 4850.375, 67
2022-01-06 10:22:52.285 | INFO     | __main__:<module>:101 - {'preprocess': 0.03555035591125488, 'inference': 0.0719916820526123, 'postprocess': 0.025983572006225586}, 4850.375, 66
2022-01-06 10:22:52.412 | INFO     | __main__:<module>:101 - {'preprocess': 0.031203508377075195, 'inference': 0.06719303131103516, 'postprocess': 0.026901960372924805}, 4850.375, 66
2022-01-06 10:22:52.537 | INFO     | __main__:<module>:101 - {'preprocess': 0.03119635581970215, 'inference': 0.06485605239868164, 'postprocess': 0.027207374572753906}, 4850.375, 66
2022-01-06 10:22:52.660 | INFO     | __main__:<module>:101 - {'preprocess': 0.030058622360229492, 'inference': 0.0649871826171875, 'postprocess': 0.025476694107055664}, 4850.375, 66
2022-01-06 10:22:52.784 | INFO     | __main__:<module>:101 - {'preprocess': 0.030841588973999023, 'inference': 0.0648658275604248, 'postprocess': 0.02541518211364746}, 4850.375, 66
2022-01-06 10:22:52.907 | INFO     | __main__:<module>:101 - {'preprocess': 0.03032827377319336, 'inference': 0.06505346298217773, 'postprocess': 0.025570154190063477}, 4850.375, 66
2022-01-06 10:22:53.032 | INFO     | __main__:<module>:101 - {'preprocess': 0.03066086769104004, 'inference': 0.06680464744567871, 'postprocess': 0.02568960189819336}, 4850.375, 66
2022-01-06 10:22:53.156 | INFO     | __main__:<module>:101 - {'preprocess': 0.030354022979736328, 'inference': 0.06507515907287598, 'postprocess': 0.02728748321533203}, 4850.375, 66
2022-01-06 10:22:53.282 | INFO     | __main__:<module>:101 - {'preprocess': 0.03053879737854004, 'inference': 0.06496715545654297, 'postprocess': 0.02783203125}, 4850.375, 71
2022-01-06 10:22:53.406 | INFO     | __main__:<module>:101 - {'preprocess': 0.0297548770904541, 'inference': 0.06487226486206055, 'postprocess': 0.027660608291625977}, 4850.375, 71
2022-01-06 10:22:53.532 | INFO     | __main__:<module>:101 - {'preprocess': 0.03192257881164551, 'inference': 0.06459975242614746, 'postprocess': 0.027645587921142578}, 4850.375, 71
2022-01-06 10:22:53.660 | INFO     | __main__:<module>:101 - {'preprocess': 0.030148744583129883, 'inference': 0.0691525936126709, 'postprocess': 0.02703070640563965}, 4850.375, 71
2022-01-06 10:22:53.794 | INFO     | __main__:<module>:101 - {'preprocess': 0.032018184661865234, 'inference': 0.07257294654846191, 'postprocess': 0.0270993709564209}, 4850.375, 71
2022-01-06 10:22:53.926 | INFO     | __main__:<module>:101 - {'preprocess': 0.03186535835266113, 'inference': 0.07070207595825195, 'postprocess': 0.027334213256835938}, 4850.375, 71
2022-01-06 10:22:54.055 | INFO     | __main__:<module>:101 - {'preprocess': 0.0319361686706543, 'inference': 0.06763744354248047, 'postprocess': 0.027274608612060547}, 4850.375, 71
2022-01-06 10:22:54.179 | INFO     | __main__:<module>:101 - {'preprocess': 0.030256032943725586, 'inference': 0.06465005874633789, 'postprocess': 0.027236461639404297}, 4850.375, 71
2022-01-06 10:22:54.306 | INFO     | __main__:<module>:101 - {'preprocess': 0.030230283737182617, 'inference': 0.06720161437988281, 'postprocess': 0.027992963790893555}, 4850.375, 71
2022-01-06 10:22:54.429 | INFO     | __main__:<module>:101 - {'preprocess': 0.030452728271484375, 'inference': 0.06472611427307129, 'postprocess': 0.026181697845458984}, 4850.375, 71
2022-01-06 10:22:54.552 | INFO     | __main__:<module>:101 - {'preprocess': 0.03040766716003418, 'inference': 0.06481099128723145, 'postprocess': 0.025927066802978516}, 4850.375, 71
2022-01-06 10:22:54.674 | INFO     | __main__:<module>:101 - {'preprocess': 0.029816627502441406, 'inference': 0.06497359275817871, 'postprocess': 0.02564549446105957}, 4850.375, 71
2022-01-06 10:22:54.796 | INFO     | __main__:<module>:101 - {'preprocess': 0.03021073341369629, 'inference': 0.06493782997131348, 'postprocess': 0.02436542510986328}, 4850.375, 71
2022-01-06 10:22:54.918 | INFO     | __main__:<module>:101 - {'preprocess': 0.02955794334411621, 'inference': 0.06502461433410645, 'postprocess': 0.025687217712402344}, 4850.375, 71
2022-01-06 10:22:55.039 | INFO     | __main__:<module>:101 - {'preprocess': 0.02988886833190918, 'inference': 0.0652008056640625, 'postprocess': 0.02413797378540039}, 4850.375, 71
2022-01-06 10:22:55.157 | INFO     | __main__:<module>:101 - {'preprocess': 0.0294497013092041, 'inference': 0.062374114990234375, 'postprocess': 0.023967742919921875}, 4850.375, 71
2022-01-06 10:22:55.272 | INFO     | __main__:<module>:101 - {'preprocess': 0.027704238891601562, 'inference': 0.06118154525756836, 'postprocess': 0.024100780487060547}, 4850.375, 72
2022-01-06 10:22:55.403 | INFO     | __main__:<module>:101 - {'preprocess': 0.0362856388092041, 'inference': 0.06817364692687988, 'postprocess': 0.024326562881469727}, 4850.375, 72
2022-01-06 10:22:55.536 | INFO     | __main__:<module>:101 - {'preprocess': 0.035210609436035156, 'inference': 0.07198166847229004, 'postprocess': 0.02452683448791504}, 4850.375, 72
2022-01-06 10:22:55.667 | INFO     | __main__:<module>:101 - {'preprocess': 0.0318751335144043, 'inference': 0.07334184646606445, 'postprocess': 0.024027109146118164}, 4850.375, 72
2022-01-06 10:22:55.797 | INFO     | __main__:<module>:101 - {'preprocess': 0.03214573860168457, 'inference': 0.07124543190002441, 'postprocess': 0.024180889129638672}, 4850.375, 72
2022-01-06 10:22:55.923 | INFO     | __main__:<module>:101 - {'preprocess': 0.03096151351928711, 'inference': 0.06986665725708008, 'postprocess': 0.024105548858642578}, 4850.375, 72
2022-01-06 10:22:56.054 | INFO     | __main__:<module>:101 - {'preprocess': 0.03159141540527344, 'inference': 0.07230591773986816, 'postprocess': 0.02454662322998047}, 4850.375, 72
2022-01-06 10:22:56.185 | INFO     | __main__:<module>:101 - {'preprocess': 0.03196263313293457, 'inference': 0.07322120666503906, 'postprocess': 0.024123191833496094}, 4850.375, 72
2022-01-06 10:22:56.314 | INFO     | __main__:<module>:101 - {'preprocess': 0.03214550018310547, 'inference': 0.07071995735168457, 'postprocess': 0.024490833282470703}, 4850.375, 71
2022-01-06 10:22:56.452 | INFO     | __main__:<module>:101 - {'preprocess': 0.036184072494506836, 'inference': 0.07472348213195801, 'postprocess': 0.025007247924804688}, 4850.375, 71
2022-01-06 10:22:56.585 | INFO     | __main__:<module>:101 - {'preprocess': 0.033269405364990234, 'inference': 0.0735318660736084, 'postprocess': 0.024616718292236328}, 4850.375, 71
2022-01-06 10:22:56.716 | INFO     | __main__:<module>:101 - {'preprocess': 0.03151512145996094, 'inference': 0.0733330249786377, 'postprocess': 0.02434539794921875}, 4850.375, 71
2022-01-06 10:22:56.850 | INFO     | __main__:<module>:101 - {'preprocess': 0.03250384330749512, 'inference': 0.07555675506591797, 'postprocess': 0.024315595626831055}, 4850.375, 71
2022-01-06 10:22:56.986 | INFO     | __main__:<module>:101 - {'preprocess': 0.033538103103637695, 'inference': 0.07540440559387207, 'postprocess': 0.024235248565673828}, 4850.375, 71
2022-01-06 10:22:57.120 | INFO     | __main__:<module>:101 - {'preprocess': 0.032579660415649414, 'inference': 0.07534599304199219, 'postprocess': 0.02428603172302246}, 4850.375, 71
2022-01-06 10:22:57.254 | INFO     | __main__:<module>:101 - {'preprocess': 0.0331876277923584, 'inference': 0.07532334327697754, 'postprocess': 0.024323701858520508}, 4850.375, 70
2022-01-06 10:22:57.391 | INFO     | __main__:<module>:101 - {'preprocess': 0.0338287353515625, 'inference': 0.0757453441619873, 'postprocess': 0.024530649185180664}, 4850.375, 70
2022-01-06 10:22:57.523 | INFO     | __main__:<module>:101 - {'preprocess': 0.033136844635009766, 'inference': 0.07282400131225586, 'postprocess': 0.02435779571533203}, 4850.375, 70
2022-01-06 10:22:57.651 | INFO     | __main__:<module>:101 - {'preprocess': 0.031368255615234375, 'inference': 0.06992387771606445, 'postprocess': 0.024567842483520508}, 4850.375, 70
2022-01-06 10:22:57.777 | INFO     | __main__:<module>:101 - {'preprocess': 0.030800342559814453, 'inference': 0.06968498229980469, 'postprocess': 0.024207353591918945}, 4850.375, 70
2022-01-06 10:22:57.908 | INFO     | __main__:<module>:101 - {'preprocess': 0.03149557113647461, 'inference': 0.07226943969726562, 'postprocess': 0.025339365005493164}, 4850.375, 70
2022-01-06 10:22:58.042 | INFO     | __main__:<module>:101 - {'preprocess': 0.03222084045410156, 'inference': 0.07553768157958984, 'postprocess': 0.024208784103393555}, 4850.375, 70
2022-01-06 10:22:58.178 | INFO     | __main__:<module>:101 - {'preprocess': 0.03396868705749512, 'inference': 0.07575845718383789, 'postprocess': 0.024314403533935547}, 4850.375, 70
2022-01-06 10:22:58.312 | INFO     | __main__:<module>:101 - {'preprocess': 0.03311872482299805, 'inference': 0.07531547546386719, 'postprocess': 0.024180173873901367}, 4850.375, 68
2022-01-06 10:22:58.450 | INFO     | __main__:<module>:101 - {'preprocess': 0.034142494201660156, 'inference': 0.07592940330505371, 'postprocess': 0.02580118179321289}, 4850.375, 68
2022-01-06 10:22:58.587 | INFO     | __main__:<module>:101 - {'preprocess': 0.03571152687072754, 'inference': 0.07566595077514648, 'postprocess': 0.02457141876220703}, 4850.375, 68
2022-01-06 10:22:58.724 | INFO     | __main__:<module>:101 - {'preprocess': 0.03403973579406738, 'inference': 0.0754084587097168, 'postprocess': 0.025734901428222656}, 4850.375, 68
2022-01-06 10:22:58.859 | INFO     | __main__:<module>:101 - {'preprocess': 0.033573150634765625, 'inference': 0.07317280769348145, 'postprocess': 0.025664091110229492}, 4850.375, 68
2022-01-06 10:22:58.991 | INFO     | __main__:<module>:101 - {'preprocess': 0.032077789306640625, 'inference': 0.07324051856994629, 'postprocess': 0.025618553161621094}, 4850.375, 68
2022-01-06 10:22:59.123 | INFO     | __main__:<module>:101 - {'preprocess': 0.03182578086853027, 'inference': 0.07254457473754883, 'postprocess': 0.02580118179321289}, 4850.375, 68
2022-01-06 10:22:59.257 | INFO     | __main__:<module>:101 - {'preprocess': 0.03216052055358887, 'inference': 0.0734548568725586, 'postprocess': 0.025751352310180664}, 4850.375, 70
2022-01-06 10:22:59.389 | INFO     | __main__:<module>:101 - {'preprocess': 0.031644344329833984, 'inference': 0.07324862480163574, 'postprocess': 0.02565908432006836}, 4850.375, 70
2022-01-06 10:22:59.531 | INFO     | __main__:<module>:101 - {'preprocess': 0.04068493843078613, 'inference': 0.07342195510864258, 'postprocess': 0.02600383758544922}, 4850.375, 70
2022-01-06 10:22:59.658 | INFO     | __main__:<module>:101 - {'preprocess': 0.03081345558166504, 'inference': 0.06950783729553223, 'postprocess': 0.025781631469726562}, 4850.375, 70
2022-01-06 10:22:59.789 | INFO     | __main__:<module>:101 - {'preprocess': 0.03167891502380371, 'inference': 0.07249879837036133, 'postprocess': 0.024235248565673828}, 4850.375, 70
2022-01-06 10:22:59.919 | INFO     | __main__:<module>:101 - {'preprocess': 0.03173565864562988, 'inference': 0.07221460342407227, 'postprocess': 0.024292707443237305}, 4850.375, 70
2022-01-06 10:23:00.050 | INFO     | __main__:<module>:101 - {'preprocess': 0.032411813735961914, 'inference': 0.07301092147827148, 'postprocess': 0.022925615310668945}, 4850.375, 70
2022-01-06 10:23:00.179 | INFO     | __main__:<module>:101 - {'preprocess': 0.03190040588378906, 'inference': 0.07276558876037598, 'postprocess': 0.022902250289916992}, 4850.375, 70
2022-01-06 10:23:00.311 | INFO     | __main__:<module>:101 - {'preprocess': 0.032395362854003906, 'inference': 0.07312655448913574, 'postprocess': 0.02438950538635254}, 4850.375, 68
2022-01-06 10:23:00.442 | INFO     | __main__:<module>:101 - {'preprocess': 0.03184080123901367, 'inference': 0.07278847694396973, 'postprocess': 0.02440357208251953}, 4850.375, 68
2022-01-06 10:23:00.585 | INFO     | __main__:<module>:101 - {'preprocess': 0.04383254051208496, 'inference': 0.07351207733154297, 'postprocess': 0.024653196334838867}, 4850.375, 68
2022-01-06 10:23:00.717 | INFO     | __main__:<module>:101 - {'preprocess': 0.03204631805419922, 'inference': 0.07344651222229004, 'postprocess': 0.024291276931762695}, 4850.375, 68
2022-01-06 10:23:00.851 | INFO     | __main__:<module>:101 - {'preprocess': 0.03258037567138672, 'inference': 0.07544612884521484, 'postprocess': 0.02431488037109375}, 4850.375, 68
2022-01-06 10:23:00.988 | INFO     | __main__:<module>:101 - {'preprocess': 0.03395390510559082, 'inference': 0.0756375789642334, 'postprocess': 0.025641202926635742}, 4850.375, 68
2022-01-06 10:23:01.126 | INFO     | __main__:<module>:101 - {'preprocess': 0.034583091735839844, 'inference': 0.0755913257598877, 'postprocess': 0.025603771209716797}, 4850.375, 68
2022-01-06 10:23:01.264 | INFO     | __main__:<module>:101 - {'preprocess': 0.033875226974487305, 'inference': 0.07574701309204102, 'postprocess': 0.02572011947631836}, 4850.375, 70
2022-01-06 10:23:01.403 | INFO     | __main__:<module>:101 - {'preprocess': 0.03466153144836426, 'inference': 0.07554936408996582, 'postprocess': 0.027316808700561523}, 4850.375, 70
2022-01-06 10:23:01.541 | INFO     | __main__:<module>:101 - {'preprocess': 0.03381943702697754, 'inference': 0.07393574714660645, 'postprocess': 0.02799820899963379}, 4850.375, 70
2022-01-06 10:23:01.676 | INFO     | __main__:<module>:101 - {'preprocess': 0.03343796730041504, 'inference': 0.07518434524536133, 'postprocess': 0.024587631225585938}, 4850.375, 70
2022-01-06 10:23:01.809 | INFO     | __main__:<module>:101 - {'preprocess': 0.03370523452758789, 'inference': 0.07326507568359375, 'postprocess': 0.02455925941467285}, 4850.375, 70
2022-01-06 10:23:01.944 | INFO     | __main__:<module>:101 - {'preprocess': 0.03269505500793457, 'inference': 0.07552433013916016, 'postprocess': 0.024740934371948242}, 4850.375, 70
2022-01-06 10:23:02.081 | INFO     | __main__:<module>:101 - {'preprocess': 0.03419899940490723, 'inference': 0.0756385326385498, 'postprocess': 0.024695634841918945}, 4850.375, 70
2022-01-06 10:23:02.217 | INFO     | __main__:<module>:101 - {'preprocess': 0.03470563888549805, 'inference': 0.07550263404846191, 'postprocess': 0.02482748031616211}, 4850.375, 70
2022-01-06 10:23:02.351 | INFO     | __main__:<module>:101 - {'preprocess': 0.033701419830322266, 'inference': 0.07315230369567871, 'postprocess': 0.024617433547973633}, 4850.375, 65
2022-01-06 10:23:02.484 | INFO     | __main__:<module>:101 - {'preprocess': 0.03232860565185547, 'inference': 0.07326221466064453, 'postprocess': 0.026319026947021484}, 4850.375, 65
2022-01-06 10:23:02.621 | INFO     | __main__:<module>:101 - {'preprocess': 0.03950238227844238, 'inference': 0.06960177421569824, 'postprocess': 0.0262451171875}, 4850.375, 65
2022-01-06 10:23:02.745 | INFO     | __main__:<module>:101 - {'preprocess': 0.03097057342529297, 'inference': 0.06495308876037598, 'postprocess': 0.025913000106811523}, 4850.375, 65
2022-01-06 10:23:02.868 | INFO     | __main__:<module>:101 - {'preprocess': 0.0303041934967041, 'inference': 0.06502747535705566, 'postprocess': 0.025809288024902344}, 4850.375, 65
2022-01-06 10:23:02.989 | INFO     | __main__:<module>:101 - {'preprocess': 0.030579328536987305, 'inference': 0.06276798248291016, 'postprocess': 0.02577805519104004}, 4850.375, 65
2022-01-06 10:23:03.108 | INFO     | __main__:<module>:101 - {'preprocess': 0.02853226661682129, 'inference': 0.06314897537231445, 'postprocess': 0.025788545608520508}, 4850.375, 65
2022-01-06 10:23:03.228 | INFO     | __main__:<module>:101 - {'preprocess': 0.02895522117614746, 'inference': 0.06316232681274414, 'postprocess': 0.026023387908935547}, 4850.375, 65
2022-01-06 10:23:03.345 | INFO     | __main__:<module>:101 - {'preprocess': 0.027336597442626953, 'inference': 0.06144976615905762, 'postprocess': 0.025858640670776367}, 4850.375, 72
2022-01-06 10:23:03.463 | INFO     | __main__:<module>:101 - {'preprocess': 0.02795696258544922, 'inference': 0.06132912635803223, 'postprocess': 0.026001691818237305}, 4850.375, 72
2022-01-06 10:23:03.585 | INFO     | __main__:<module>:101 - {'preprocess': 0.031397104263305664, 'inference': 0.06282281875610352, 'postprocess': 0.026348590850830078}, 4850.375, 72
2022-01-06 10:23:03.705 | INFO     | __main__:<module>:101 - {'preprocess': 0.02884531021118164, 'inference': 0.06323432922363281, 'postprocess': 0.026172876358032227}, 4850.375, 72
2022-01-06 10:23:03.825 | INFO     | __main__:<module>:101 - {'preprocess': 0.027483463287353516, 'inference': 0.0638113021850586, 'postprocess': 0.02576756477355957}, 4850.375, 72
2022-01-06 10:23:03.947 | INFO     | __main__:<module>:101 - {'preprocess': 0.02986454963684082, 'inference': 0.06503725051879883, 'postprocess': 0.024379491806030273}, 4850.375, 72
2022-01-06 10:23:04.070 | INFO     | __main__:<module>:101 - {'preprocess': 0.030343055725097656, 'inference': 0.06498503684997559, 'postprocess': 0.025896549224853516}, 4850.375, 72
2022-01-06 10:23:04.194 | INFO     | __main__:<module>:101 - {'preprocess': 0.030757904052734375, 'inference': 0.06496977806091309, 'postprocess': 0.025925159454345703}, 4850.375, 72
2022-01-06 10:23:04.314 | INFO     | __main__:<module>:101 - {'preprocess': 0.02991652488708496, 'inference': 0.06270241737365723, 'postprocess': 0.025618553161621094}, 4850.375, 75
2022-01-06 10:23:04.434 | INFO     | __main__:<module>:101 - {'preprocess': 0.02930593490600586, 'inference': 0.06314659118652344, 'postprocess': 0.025806903839111328}, 4850.375, 75
2022-01-06 10:23:04.555 | INFO     | __main__:<module>:101 - {'preprocess': 0.028656482696533203, 'inference': 0.06456470489501953, 'postprocess': 0.026100873947143555}, 4850.375, 75
2022-01-06 10:23:04.691 | INFO     | __main__:<module>:101 - {'preprocess': 0.038890838623046875, 'inference': 0.06867051124572754, 'postprocess': 0.026030540466308594}, 4850.375, 75
2022-01-06 10:23:04.814 | INFO     | __main__:<module>:101 - {'preprocess': 0.030570507049560547, 'inference': 0.06503033638000488, 'postprocess': 0.025756359100341797}, 4850.375, 75
2022-01-06 10:23:04.938 | INFO     | __main__:<module>:101 - {'preprocess': 0.03103470802307129, 'inference': 0.06506729125976562, 'postprocess': 0.02584075927734375}, 4850.375, 75
2022-01-06 10:23:05.060 | INFO     | __main__:<module>:101 - {'preprocess': 0.03007221221923828, 'inference': 0.06446194648742676, 'postprocess': 0.025633811950683594}, 4850.375, 75
2022-01-06 10:23:05.186 | INFO     | __main__:<module>:101 - {'preprocess': 0.030731678009033203, 'inference': 0.06717348098754883, 'postprocess': 0.02562117576599121}, 4850.375, 75
2022-01-06 10:23:05.311 | INFO     | __main__:<module>:101 - {'preprocess': 0.03047466278076172, 'inference': 0.06717562675476074, 'postprocess': 0.02556443214416504}, 4850.375, 73
2022-01-06 10:23:05.434 | INFO     | __main__:<module>:101 - {'preprocess': 0.031141281127929688, 'inference': 0.0648348331451416, 'postprocess': 0.025484085083007812}, 4850.375, 73
2022-01-06 10:23:05.558 | INFO     | __main__:<module>:101 - {'preprocess': 0.03012251853942871, 'inference': 0.06582260131835938, 'postprocess': 0.026157855987548828}, 4850.375, 73
2022-01-06 10:23:05.683 | INFO     | __main__:<module>:101 - {'preprocess': 0.03340435028076172, 'inference': 0.0633540153503418, 'postprocess': 0.026094436645507812}, 4850.375, 73
2022-01-06 10:23:05.805 | INFO     | __main__:<module>:101 - {'preprocess': 0.029291868209838867, 'inference': 0.06271815299987793, 'postprocess': 0.025675058364868164}, 4850.375, 73
2022-01-06 10:23:05.928 | INFO     | __main__:<module>:101 - {'preprocess': 0.030675888061523438, 'inference': 0.0652623176574707, 'postprocess': 0.025739192962646484}, 4850.375, 73
2022-01-06 10:23:06.051 | INFO     | __main__:<module>:101 - {'preprocess': 0.030286312103271484, 'inference': 0.06507515907287598, 'postprocess': 0.025748729705810547}, 4850.375, 73
2022-01-06 10:23:06.175 | INFO     | __main__:<module>:101 - {'preprocess': 0.030771970748901367, 'inference': 0.06741619110107422, 'postprocess': 0.024288415908813477}, 4850.375, 73
2022-01-06 10:23:06.297 | INFO     | __main__:<module>:101 - {'preprocess': 0.030598878860473633, 'inference': 0.06510162353515625, 'postprocess': 0.024268150329589844}, 4850.375, 73
2022-01-06 10:23:06.419 | INFO     | __main__:<module>:101 - {'preprocess': 0.03065204620361328, 'inference': 0.06502938270568848, 'postprocess': 0.024560213088989258}, 4850.375, 73
2022-01-06 10:23:06.545 | INFO     | __main__:<module>:101 - {'preprocess': 0.0311734676361084, 'inference': 0.06847143173217773, 'postprocess': 0.024558305740356445}, 4850.375, 73
2022-01-06 10:23:06.667 | INFO     | __main__:<module>:101 - {'preprocess': 0.030734539031982422, 'inference': 0.06519365310668945, 'postprocess': 0.024697542190551758}, 4850.375, 73
2022-01-06 10:23:06.786 | INFO     | __main__:<module>:101 - {'preprocess': 0.02974987030029297, 'inference': 0.06262445449829102, 'postprocess': 0.02458047866821289}, 4850.375, 73
2022-01-06 10:23:06.904 | INFO     | __main__:<module>:101 - {'preprocess': 0.027908802032470703, 'inference': 0.06383633613586426, 'postprocess': 0.02420520782470703}, 4850.375, 73
2022-01-06 10:23:07.022 | INFO     | __main__:<module>:101 - {'preprocess': 0.028342247009277344, 'inference': 0.06342673301696777, 'postprocess': 0.024202346801757812}, 4850.375, 73
2022-01-06 10:23:07.140 | INFO     | __main__:<module>:101 - {'preprocess': 0.028781652450561523, 'inference': 0.06300759315490723, 'postprocess': 0.024167537689208984}, 4850.375, 73
2022-01-06 10:23:07.261 | INFO     | __main__:<module>:101 - {'preprocess': 0.02982020378112793, 'inference': 0.064849853515625, 'postprocess': 0.024267196655273438}, 4850.375, 73
2022-01-06 10:23:07.383 | INFO     | __main__:<module>:101 - {'preprocess': 0.030170679092407227, 'inference': 0.06521391868591309, 'postprocess': 0.02429819107055664}, 4850.375, 73
2022-01-06 10:23:07.501 | INFO     | __main__:<module>:101 - {'preprocess': 0.02985405921936035, 'inference': 0.06277608871459961, 'postprocess': 0.024165868759155273}, 4850.375, 73
2022-01-06 10:23:07.622 | INFO     | __main__:<module>:101 - {'preprocess': 0.03057718276977539, 'inference': 0.06297063827514648, 'postprocess': 0.024551868438720703}, 4850.375, 73
2022-01-06 10:23:07.734 | INFO     | __main__:<module>:101 - {'preprocess': 0.028365612030029297, 'inference': 0.0575253963470459, 'postprocess': 0.024716854095458984}, 4850.375, 73
2022-01-06 10:23:07.841 | INFO     | __main__:<module>:101 - {'preprocess': 0.02724599838256836, 'inference': 0.053241729736328125, 'postprocess': 0.024697065353393555}, 4850.375, 73
2022-01-06 10:23:07.951 | INFO     | __main__:<module>:101 - {'preprocess': 0.028011798858642578, 'inference': 0.05526447296142578, 'postprocess': 0.024332284927368164}, 4850.375, 73
2022-01-06 10:23:08.060 | INFO     | __main__:<module>:101 - {'preprocess': 0.02767348289489746, 'inference': 0.05550742149353027, 'postprocess': 0.024518251419067383}, 4850.375, 73
2022-01-06 10:23:08.171 | INFO     | __main__:<module>:101 - {'preprocess': 0.027540206909179688, 'inference': 0.05553245544433594, 'postprocess': 0.024576902389526367}, 4850.375, 73
2022-01-06 10:23:08.281 | INFO     | __main__:<module>:101 - {'preprocess': 0.027770042419433594, 'inference': 0.05541706085205078, 'postprocess': 0.025642871856689453}, 4850.375, 73
2022-01-06 10:23:08.394 | INFO     | __main__:<module>:101 - {'preprocess': 0.027646541595458984, 'inference': 0.05548667907714844, 'postprocess': 0.02720952033996582}, 4850.375, 79
2022-01-06 10:23:08.510 | INFO     | __main__:<module>:101 - {'preprocess': 0.027598142623901367, 'inference': 0.057666778564453125, 'postprocess': 0.028563499450683594}, 4850.375, 79
2022-01-06 10:23:08.629 | INFO     | __main__:<module>:101 - {'preprocess': 0.02883005142211914, 'inference': 0.06001019477844238, 'postprocess': 0.027487754821777344}, 4850.375, 79
2022-01-06 10:23:08.748 | INFO     | __main__:<module>:101 - {'preprocess': 0.028194189071655273, 'inference': 0.06143045425415039, 'postprocess': 0.027489662170410156}, 4850.375, 79
2022-01-06 10:23:08.865 | INFO     | __main__:<module>:101 - {'preprocess': 0.0280306339263916, 'inference': 0.060448646545410156, 'postprocess': 0.02685403823852539}, 4850.375, 79
2022-01-06 10:23:08.982 | INFO     | __main__:<module>:101 - {'preprocess': 0.02745199203491211, 'inference': 0.06114912033081055, 'postprocess': 0.026867151260375977}, 4850.375, 79
2022-01-06 10:23:09.101 | INFO     | __main__:<module>:101 - {'preprocess': 0.027507781982421875, 'inference': 0.06148409843444824, 'postprocess': 0.02848219871520996}, 4850.375, 79
2022-01-06 10:23:09.221 | INFO     | __main__:<module>:101 - {'preprocess': 0.02756953239440918, 'inference': 0.06114935874938965, 'postprocess': 0.028530597686767578}, 4850.375, 79
2022-01-06 10:23:09.336 | INFO     | __main__:<module>:101 - {'preprocess': 0.027936458587646484, 'inference': 0.05887269973754883, 'postprocess': 0.026784658432006836}, 4850.375, 78
2022-01-06 10:23:09.449 | INFO     | __main__:<module>:101 - {'preprocess': 0.027758359909057617, 'inference': 0.05529618263244629, 'postprocess': 0.028389930725097656}, 4850.375, 78
2022-01-06 10:23:09.564 | INFO     | __main__:<module>:101 - {'preprocess': 0.02784562110900879, 'inference': 0.05655622482299805, 'postprocess': 0.028719663619995117}, 4850.375, 78
2022-01-06 10:23:09.678 | INFO     | __main__:<module>:101 - {'preprocess': 0.027788162231445312, 'inference': 0.0555267333984375, 'postprocess': 0.02872776985168457}, 4850.375, 78
2022-01-06 10:23:09.785 | INFO     | __main__:<module>:101 - {'preprocess': 0.027921438217163086, 'inference': 0.05124664306640625, 'postprocess': 0.025966882705688477}, 4850.375, 78
2022-01-06 10:23:09.894 | INFO     | __main__:<module>:101 - {'preprocess': 0.027284860610961914, 'inference': 0.0508112907409668, 'postprocess': 0.028328895568847656}, 4850.375, 78
2022-01-06 10:23:10.001 | INFO     | __main__:<module>:101 - {'preprocess': 0.027795791625976562, 'inference': 0.05077314376831055, 'postprocess': 0.02681422233581543}, 4850.375, 78
2022-01-06 10:23:10.123 | INFO     | __main__:<module>:101 - {'preprocess': 0.02760624885559082, 'inference': 0.05081534385681152, 'postprocess': 0.025434494018554688}, 4850.375, 78
2022-01-06 10:23:10.252 | INFO     | __main__:<module>:101 - {'preprocess': 0.03114008903503418, 'inference': 0.0703132152557373, 'postprocess': 0.025542259216308594}, 4850.375, 78
2022-01-06 10:23:10.384 | INFO     | __main__:<module>:101 - {'preprocess': 0.03189826011657715, 'inference': 0.07275533676147461, 'postprocess': 0.02572345733642578}, 4850.375, 76
2022-01-06 10:23:10.520 | INFO     | __main__:<module>:101 - {'preprocess': 0.032033443450927734, 'inference': 0.0759737491607666, 'postprocess': 0.025974750518798828}, 4850.375, 76
2022-01-06 10:23:10.663 | INFO     | __main__:<module>:101 - {'preprocess': 0.038292884826660156, 'inference': 0.07538008689880371, 'postprocess': 0.027597427368164062}, 4840.375, 76
2022-01-06 10:23:10.807 | INFO     | __main__:<module>:101 - {'preprocess': 0.03418993949890137, 'inference': 0.07817506790161133, 'postprocess': 0.029254436492919922}, 4840.375, 76
2022-01-06 10:23:10.947 | INFO     | __main__:<module>:101 - {'preprocess': 0.03491353988647461, 'inference': 0.07589125633239746, 'postprocess': 0.027523040771484375}, 4840.375, 76
2022-01-06 10:23:11.090 | INFO     | __main__:<module>:101 - {'preprocess': 0.034361839294433594, 'inference': 0.07789206504821777, 'postprocess': 0.028699398040771484}, 4840.375, 76
2022-01-06 10:23:11.233 | INFO     | __main__:<module>:101 - {'preprocess': 0.03493022918701172, 'inference': 0.07806539535522461, 'postprocess': 0.028812170028686523}, 4840.375, 76
2022-01-06 10:23:11.376 | INFO     | __main__:<module>:101 - {'preprocess': 0.035033226013183594, 'inference': 0.07847452163696289, 'postprocess': 0.02730393409729004}, 4840.375, 67
2022-01-06 10:23:11.515 | INFO     | __main__:<module>:101 - {'preprocess': 0.034932851791381836, 'inference': 0.07547116279602051, 'postprocess': 0.027506113052368164}, 4840.375, 67
2022-01-06 10:23:11.662 | INFO     | __main__:<module>:101 - {'preprocess': 0.035146236419677734, 'inference': 0.08059310913085938, 'postprocess': 0.029248952865600586}, 4840.375, 67
2022-01-06 10:23:11.808 | INFO     | __main__:<module>:101 - {'preprocess': 0.03706955909729004, 'inference': 0.07554197311401367, 'postprocess': 0.029394149780273438}, 4840.375, 67
2022-01-06 10:23:11.953 | INFO     | __main__:<module>:101 - {'preprocess': 0.035650014877319336, 'inference': 0.0804753303527832, 'postprocess': 0.027444124221801758}, 4840.375, 67
2022-01-06 10:23:12.101 | INFO     | __main__:<module>:101 - {'preprocess': 0.036127328872680664, 'inference': 0.0806584358215332, 'postprocess': 0.028818130493164062}, 4840.375, 67
2022-01-06 10:23:12.248 | INFO     | __main__:<module>:101 - {'preprocess': 0.036299943923950195, 'inference': 0.08056163787841797, 'postprocess': 0.02863144874572754}, 4840.375, 67
2022-01-06 10:23:12.396 | INFO     | __main__:<module>:101 - {'preprocess': 0.03609132766723633, 'inference': 0.08067512512207031, 'postprocess': 0.029011011123657227}, 4840.375, 64
2022-01-06 10:23:12.543 | INFO     | __main__:<module>:101 - {'preprocess': 0.03585624694824219, 'inference': 0.0806124210357666, 'postprocess': 0.028856515884399414}, 4840.375, 64
2022-01-06 10:23:12.694 | INFO     | __main__:<module>:101 - {'preprocess': 0.038387298583984375, 'inference': 0.08040761947631836, 'postprocess': 0.029470205307006836}, 4840.375, 64
2022-01-06 10:23:12.843 | INFO     | __main__:<module>:101 - {'preprocess': 0.037430763244628906, 'inference': 0.08025407791137695, 'postprocess': 0.029258012771606445}, 4840.375, 64
2022-01-06 10:23:12.993 | INFO     | __main__:<module>:101 - {'preprocess': 0.03761029243469238, 'inference': 0.0802924633026123, 'postprocess': 0.02950000762939453}, 4840.375, 64
2022-01-06 10:23:13.141 | INFO     | __main__:<module>:101 - {'preprocess': 0.03635072708129883, 'inference': 0.08042025566101074, 'postprocess': 0.028936147689819336}, 4840.375, 64
2022-01-06 10:23:13.287 | INFO     | __main__:<module>:101 - {'preprocess': 0.03650522232055664, 'inference': 0.08011794090270996, 'postprocess': 0.027538537979125977}, 4840.375, 64
2022-01-06 10:23:13.430 | INFO     | __main__:<module>:101 - {'preprocess': 0.03661918640136719, 'inference': 0.07565045356750488, 'postprocess': 0.028865575790405273}, 4840.375, 62
2022-01-06 10:23:13.573 | INFO     | __main__:<module>:101 - {'preprocess': 0.03388237953186035, 'inference': 0.07825350761413574, 'postprocess': 0.02944350242614746}, 4840.375, 62
2022-01-06 10:23:13.718 | INFO     | __main__:<module>:101 - {'preprocess': 0.03541827201843262, 'inference': 0.07798337936401367, 'postprocess': 0.029518842697143555}, 4840.375, 62
2022-01-06 10:23:13.860 | INFO     | __main__:<module>:101 - {'preprocess': 0.03484487533569336, 'inference': 0.0757300853729248, 'postprocess': 0.029484987258911133}, 4840.375, 62
2022-01-06 10:23:14.008 | INFO     | __main__:<module>:101 - {'preprocess': 0.03804659843444824, 'inference': 0.07788395881652832, 'postprocess': 0.02922344207763672}, 4840.375, 62
2022-01-06 10:23:14.150 | INFO     | __main__:<module>:101 - {'preprocess': 0.03524279594421387, 'inference': 0.07539486885070801, 'postprocess': 0.028737306594848633}, 4840.375, 62
2022-01-06 10:23:14.290 | INFO     | __main__:<module>:101 - {'preprocess': 0.0337824821472168, 'inference': 0.07579565048217773, 'postprocess': 0.02889561653137207}, 4840.375, 62
2022-01-06 10:23:14.430 | INFO     | __main__:<module>:101 - {'preprocess': 0.033934593200683594, 'inference': 0.07558298110961914, 'postprocess': 0.02742314338684082}, 4840.375, 65
2022-01-06 10:23:14.569 | INFO     | __main__:<module>:101 - {'preprocess': 0.0337681770324707, 'inference': 0.07584118843078613, 'postprocess': 0.027200937271118164}, 4840.375, 65
2022-01-06 10:23:14.713 | INFO     | __main__:<module>:101 - {'preprocess': 0.03588223457336426, 'inference': 0.0778799057006836, 'postprocess': 0.028042078018188477}, 4840.375, 65
2022-01-06 10:23:14.857 | INFO     | __main__:<module>:101 - {'preprocess': 0.0357966423034668, 'inference': 0.07793188095092773, 'postprocess': 0.02762436866760254}, 4840.375, 65
2022-01-06 10:23:15.003 | INFO     | __main__:<module>:101 - {'preprocess': 0.03909444808959961, 'inference': 0.07751727104187012, 'postprocess': 0.02788519859313965}, 4840.375, 65
2022-01-06 10:23:15.142 | INFO     | __main__:<module>:101 - {'preprocess': 0.03379368782043457, 'inference': 0.07581639289855957, 'postprocess': 0.02756667137145996}, 4840.375, 65
2022-01-06 10:23:15.283 | INFO     | __main__:<module>:101 - {'preprocess': 0.03422689437866211, 'inference': 0.07805395126342773, 'postprocess': 0.027365446090698242}, 4840.375, 65
2022-01-06 10:23:15.425 | INFO     | __main__:<module>:101 - {'preprocess': 0.034600257873535156, 'inference': 0.0783541202545166, 'postprocess': 0.027481555938720703}, 4840.375, 66
2022-01-06 10:23:15.571 | INFO     | __main__:<module>:101 - {'preprocess': 0.03509926795959473, 'inference': 0.08003878593444824, 'postprocess': 0.02753448486328125}, 4840.375, 66
2022-01-06 10:23:15.721 | INFO     | __main__:<module>:101 - {'preprocess': 0.03919196128845215, 'inference': 0.08020591735839844, 'postprocess': 0.027595996856689453}, 4840.375, 66
2022-01-06 10:23:15.870 | INFO     | __main__:<module>:101 - {'preprocess': 0.03911876678466797, 'inference': 0.08104825019836426, 'postprocess': 0.027508974075317383}, 4840.375, 66
2022-01-06 10:23:16.014 | INFO     | __main__:<module>:101 - {'preprocess': 0.036280155181884766, 'inference': 0.0786597728729248, 'postprocess': 0.027465343475341797}, 4840.375, 66
2022-01-06 10:23:16.156 | INFO     | __main__:<module>:101 - {'preprocess': 0.03479719161987305, 'inference': 0.07765674591064453, 'postprocess': 0.02778148651123047}, 4840.375, 66
2022-01-06 10:23:16.296 | INFO     | __main__:<module>:101 - {'preprocess': 0.035303592681884766, 'inference': 0.07573747634887695, 'postprocess': 0.02736520767211914}, 4840.375, 66
2022-01-06 10:23:16.438 | INFO     | __main__:<module>:101 - {'preprocess': 0.0343470573425293, 'inference': 0.07802271842956543, 'postprocess': 0.027217388153076172}, 4840.375, 64
2022-01-06 10:23:16.579 | INFO     | __main__:<module>:101 - {'preprocess': 0.03466510772705078, 'inference': 0.07790851593017578, 'postprocess': 0.027190208435058594}, 4840.375, 64
2022-01-06 10:23:16.723 | INFO     | __main__:<module>:101 - {'preprocess': 0.03646659851074219, 'inference': 0.07790946960449219, 'postprocess': 0.027947425842285156}, 4840.375, 64
2022-01-06 10:23:16.868 | INFO     | __main__:<module>:101 - {'preprocess': 0.038077592849731445, 'inference': 0.07555890083312988, 'postprocess': 0.028771400451660156}, 4840.375, 64
2022-01-06 10:23:17.010 | INFO     | __main__:<module>:101 - {'preprocess': 0.03446698188781738, 'inference': 0.07804369926452637, 'postprocess': 0.027561426162719727}, 4840.375, 64
2022-01-06 10:23:17.153 | INFO     | __main__:<module>:101 - {'preprocess': 0.034937381744384766, 'inference': 0.07789444923400879, 'postprocess': 0.02737140655517578}, 4840.375, 64
2022-01-06 10:23:17.297 | INFO     | __main__:<module>:101 - {'preprocess': 0.03575730323791504, 'inference': 0.07824826240539551, 'postprocess': 0.027735471725463867}, 4840.375, 64
2022-01-06 10:23:17.437 | INFO     | __main__:<module>:101 - {'preprocess': 0.03507828712463379, 'inference': 0.07593560218811035, 'postprocess': 0.027393817901611328}, 4840.375, 65
2022-01-06 10:23:17.580 | INFO     | __main__:<module>:101 - {'preprocess': 0.03403735160827637, 'inference': 0.0780644416809082, 'postprocess': 0.027574539184570312}, 4840.375, 65
2022-01-06 10:23:17.722 | INFO     | __main__:<module>:101 - {'preprocess': 0.03735637664794922, 'inference': 0.07564473152160645, 'postprocess': 0.027820110321044922}, 4840.375, 65
2022-01-06 10:23:17.860 | INFO     | __main__:<module>:101 - {'preprocess': 0.033865928649902344, 'inference': 0.07392311096191406, 'postprocess': 0.027694225311279297}, 4840.375, 65
2022-01-06 10:23:17.994 | INFO     | __main__:<module>:101 - {'preprocess': 0.03173661231994629, 'inference': 0.07304048538208008, 'postprocess': 0.02781200408935547}, 4840.375, 65
2022-01-06 10:23:18.136 | INFO     | __main__:<module>:101 - {'preprocess': 0.03553652763366699, 'inference': 0.07539772987365723, 'postprocess': 0.02775859832763672}, 4840.375, 65
2022-01-06 10:23:18.277 | INFO     | __main__:<module>:101 - {'preprocess': 0.03393077850341797, 'inference': 0.07821893692016602, 'postprocess': 0.02730560302734375}, 4840.375, 65
2022-01-06 10:23:18.416 | INFO     | __main__:<module>:101 - {'preprocess': 0.03476262092590332, 'inference': 0.07570791244506836, 'postprocess': 0.027106523513793945}, 4840.375, 67
2022-01-06 10:23:18.555 | INFO     | __main__:<module>:101 - {'preprocess': 0.03354954719543457, 'inference': 0.0758819580078125, 'postprocess': 0.027417659759521484}, 4840.375, 67
2022-01-06 10:23:18.696 | INFO     | __main__:<module>:101 - {'preprocess': 0.03397345542907715, 'inference': 0.07758092880249023, 'postprocess': 0.027693748474121094}, 4840.375, 67
2022-01-06 10:23:18.834 | INFO     | __main__:<module>:101 - {'preprocess': 0.03337836265563965, 'inference': 0.07575511932373047, 'postprocess': 0.027492523193359375}, 4840.375, 67
2022-01-06 10:23:18.975 | INFO     | __main__:<module>:101 - {'preprocess': 0.03370261192321777, 'inference': 0.07786345481872559, 'postprocess': 0.027319908142089844}, 4840.375, 67
2022-01-06 10:23:19.113 | INFO     | __main__:<module>:101 - {'preprocess': 0.034903526306152344, 'inference': 0.07492995262145996, 'postprocess': 0.027397632598876953}, 4840.375, 67
2022-01-06 10:23:19.248 | INFO     | __main__:<module>:101 - {'preprocess': 0.032022714614868164, 'inference': 0.07308363914489746, 'postprocess': 0.027175188064575195}, 4840.375, 67
2022-01-06 10:23:19.381 | INFO     | __main__:<module>:101 - {'preprocess': 0.03197288513183594, 'inference': 0.07292866706848145, 'postprocess': 0.02722644805908203}, 4840.375, 67
2022-01-06 10:23:19.517 | INFO     | __main__:<module>:101 - {'preprocess': 0.03197956085205078, 'inference': 0.07354021072387695, 'postprocess': 0.02710247039794922}, 4840.375, 65
2022-01-06 10:23:19.656 | INFO     | __main__:<module>:101 - {'preprocess': 0.03224658966064453, 'inference': 0.07674121856689453, 'postprocess': 0.027667760848999023}, 4840.375, 65
2022-01-06 10:23:19.797 | INFO     | __main__:<module>:101 - {'preprocess': 0.03351140022277832, 'inference': 0.07795238494873047, 'postprocess': 0.027331829071044922}, 4840.375, 65
2022-01-06 10:23:19.941 | INFO     | __main__:<module>:101 - {'preprocess': 0.036074161529541016, 'inference': 0.07777285575866699, 'postprocess': 0.027462482452392578}, 4840.375, 65
2022-01-06 10:23:20.084 | INFO     | __main__:<module>:101 - {'preprocess': 0.035608530044555664, 'inference': 0.07795429229736328, 'postprocess': 0.028002023696899414}, 4840.375, 65
2022-01-06 10:23:20.227 | INFO     | __main__:<module>:101 - {'preprocess': 0.035009145736694336, 'inference': 0.07811760902404785, 'postprocess': 0.027397632598876953}, 4840.375, 65
2022-01-06 10:23:20.369 | INFO     | __main__:<module>:101 - {'preprocess': 0.0350651741027832, 'inference': 0.07804489135742188, 'postprocess': 0.027380943298339844}, 4840.375, 65
2022-01-06 10:23:20.508 | INFO     | __main__:<module>:101 - {'preprocess': 0.034601688385009766, 'inference': 0.07567286491394043, 'postprocess': 0.02724313735961914}, 4840.375, 66
2022-01-06 10:23:20.647 | INFO     | __main__:<module>:101 - {'preprocess': 0.03365921974182129, 'inference': 0.07566237449645996, 'postprocess': 0.02756047248840332}, 4840.375, 66
2022-01-06 10:23:20.782 | INFO     | __main__:<module>:101 - {'preprocess': 0.03221249580383301, 'inference': 0.07540154457092285, 'postprocess': 0.025502920150756836}, 4840.375, 66
2022-01-06 10:23:20.924 | INFO     | __main__:<module>:101 - {'preprocess': 0.035951852798461914, 'inference': 0.07578158378601074, 'postprocess': 0.027500391006469727}, 4840.375, 66
2022-01-06 10:23:21.062 | INFO     | __main__:<module>:101 - {'preprocess': 0.03385472297668457, 'inference': 0.07580423355102539, 'postprocess': 0.02703380584716797}, 4840.375, 66
2022-01-06 10:23:21.208 | INFO     | __main__:<module>:101 - {'preprocess': 0.04112052917480469, 'inference': 0.07496762275695801, 'postprocess': 0.027549266815185547}, 4840.375, 66
2022-01-06 10:23:21.342 | INFO     | __main__:<module>:101 - {'preprocess': 0.031751155853271484, 'inference': 0.07333517074584961, 'postprocess': 0.02712559700012207}, 4840.375, 66
2022-01-06 10:23:21.475 | INFO     | __main__:<module>:101 - {'preprocess': 0.03225088119506836, 'inference': 0.07322955131530762, 'postprocess': 0.025763988494873047}, 4840.375, 68
2022-01-06 10:23:21.606 | INFO     | __main__:<module>:101 - {'preprocess': 0.03161978721618652, 'inference': 0.07074952125549316, 'postprocess': 0.027367115020751953}, 4840.375, 68
2022-01-06 10:23:21.742 | INFO     | __main__:<module>:101 - {'preprocess': 0.03299593925476074, 'inference': 0.07218146324157715, 'postprocess': 0.028752565383911133}, 4840.375, 68
2022-01-06 10:23:21.878 | INFO     | __main__:<module>:101 - {'preprocess': 0.031644344329833984, 'inference': 0.07380485534667969, 'postprocess': 0.028812170028686523}, 4840.375, 68
2022-01-06 10:23:22.017 | INFO     | __main__:<module>:101 - {'preprocess': 0.03229522705078125, 'inference': 0.07566165924072266, 'postprocess': 0.029372453689575195}, 4840.375, 68
2022-01-06 10:23:22.161 | INFO     | __main__:<module>:101 - {'preprocess': 0.03356337547302246, 'inference': 0.07826113700866699, 'postprocess': 0.029549360275268555}, 4840.375, 68
2022-01-06 10:23:22.303 | INFO     | __main__:<module>:101 - {'preprocess': 0.03558635711669922, 'inference': 0.07573866844177246, 'postprocess': 0.02900099754333496}, 4840.375, 68
2022-01-06 10:23:22.445 | INFO     | __main__:<module>:101 - {'preprocess': 0.03405451774597168, 'inference': 0.07783937454223633, 'postprocess': 0.02866530418395996}, 4840.375, 68
2022-01-06 10:23:22.587 | INFO     | __main__:<module>:101 - {'preprocess': 0.03500938415527344, 'inference': 0.07554149627685547, 'postprocess': 0.02901625633239746}, 4840.375, 68
2022-01-06 10:23:22.731 | INFO     | __main__:<module>:101 - {'preprocess': 0.03361964225769043, 'inference': 0.08048629760742188, 'postprocess': 0.028763294219970703}, 4840.375, 68
2022-01-06 10:23:22.875 | INFO     | __main__:<module>:101 - {'preprocess': 0.034853219985961914, 'inference': 0.07780146598815918, 'postprocess': 0.029205322265625}, 4840.375, 68
2022-01-06 10:23:23.019 | INFO     | __main__:<module>:101 - {'preprocess': 0.03528928756713867, 'inference': 0.07777523994445801, 'postprocess': 0.029137611389160156}, 4840.375, 68
2022-01-06 10:23:23.163 | INFO     | __main__:<module>:101 - {'preprocess': 0.03484749794006348, 'inference': 0.07819795608520508, 'postprocess': 0.029318571090698242}, 4840.375, 68
2022-01-06 10:23:23.312 | INFO     | __main__:<module>:101 - {'preprocess': 0.037000417709350586, 'inference': 0.08050179481506348, 'postprocess': 0.029215574264526367}, 4840.375, 68
2022-01-06 10:23:23.459 | INFO     | __main__:<module>:101 - {'preprocess': 0.0362391471862793, 'inference': 0.08043694496154785, 'postprocess': 0.028708457946777344}, 4840.375, 65
2022-01-06 10:23:23.604 | INFO     | __main__:<module>:101 - {'preprocess': 0.03575587272644043, 'inference': 0.07825136184692383, 'postprocess': 0.02849125862121582}, 4840.375, 65
2022-01-06 10:23:23.750 | INFO     | __main__:<module>:101 - {'preprocess': 0.03603363037109375, 'inference': 0.07860970497131348, 'postprocess': 0.028803348541259766}, 4840.375, 65
2022-01-06 10:23:23.892 | INFO     | __main__:<module>:101 - {'preprocess': 0.034900665283203125, 'inference': 0.0755620002746582, 'postprocess': 0.028813838958740234}, 4840.375, 65
2022-01-06 10:23:24.035 | INFO     | __main__:<module>:101 - {'preprocess': 0.03467392921447754, 'inference': 0.07796335220336914, 'postprocess': 0.029134035110473633}, 4840.375, 65
2022-01-06 10:23:24.174 | INFO     | __main__:<module>:101 - {'preprocess': 0.03411722183227539, 'inference': 0.07587766647338867, 'postprocess': 0.027029037475585938}, 4840.375, 65
2022-01-06 10:23:24.325 | INFO     | __main__:<module>:101 - {'preprocess': 0.04244089126586914, 'inference': 0.07853412628173828, 'postprocess': 0.027530431747436523}, 4840.375, 65
2022-01-06 10:23:24.466 | INFO     | __main__:<module>:101 - {'preprocess': 0.03476691246032715, 'inference': 0.07782769203186035, 'postprocess': 0.027301311492919922}, 4840.375, 64
2022-01-06 10:23:24.606 | INFO     | __main__:<module>:101 - {'preprocess': 0.03506636619567871, 'inference': 0.07570290565490723, 'postprocess': 0.02713942527770996}, 4840.375, 64
2022-01-06 10:23:24.751 | INFO     | __main__:<module>:101 - {'preprocess': 0.03471946716308594, 'inference': 0.0808708667755127, 'postprocess': 0.027399539947509766}, 4840.375, 64
2022-01-06 10:23:24.893 | INFO     | __main__:<module>:101 - {'preprocess': 0.0360567569732666, 'inference': 0.07774472236633301, 'postprocess': 0.026720523834228516}, 4840.375, 64
2022-01-06 10:23:25.034 | INFO     | __main__:<module>:101 - {'preprocess': 0.03510570526123047, 'inference': 0.07786083221435547, 'postprocess': 0.026325702667236328}, 4840.375, 64
2022-01-06 10:23:25.173 | INFO     | __main__:<module>:101 - {'preprocess': 0.03513932228088379, 'inference': 0.07575607299804688, 'postprocess': 0.02590012550354004}, 4840.375, 64
2022-01-06 10:23:25.307 | INFO     | __main__:<module>:101 - {'preprocess': 0.03375840187072754, 'inference': 0.07153964042663574, 'postprocess': 0.026145458221435547}, 4840.375, 64
2022-01-06 10:23:25.440 | INFO     | __main__:<module>:101 - {'preprocess': 0.03191685676574707, 'inference': 0.07283568382263184, 'postprocess': 0.027168750762939453}, 4840.375, 64
2022-01-06 10:23:25.575 | INFO     | __main__:<module>:101 - {'preprocess': 0.031656503677368164, 'inference': 0.07338857650756836, 'postprocess': 0.02742791175842285}, 4840.375, 64
2022-01-06 10:23:25.713 | INFO     | __main__:<module>:101 - {'preprocess': 0.03224587440490723, 'inference': 0.07696795463562012, 'postprocess': 0.027353763580322266}, 4840.375, 64
2022-01-06 10:23:25.853 | INFO     | __main__:<module>:101 - {'preprocess': 0.03330278396606445, 'inference': 0.07779455184936523, 'postprocess': 0.026174306869506836}, 4840.375, 64
2022-01-06 10:23:25.999 | INFO     | __main__:<module>:101 - {'preprocess': 0.03674435615539551, 'inference': 0.08099865913391113, 'postprocess': 0.02643132209777832}, 4840.375, 64
2022-01-06 10:23:26.139 | INFO     | __main__:<module>:101 - {'preprocess': 0.03501749038696289, 'inference': 0.07793951034545898, 'postprocess': 0.02584218978881836}, 4840.375, 64
2022-01-06 10:23:26.280 | INFO     | __main__:<module>:101 - {'preprocess': 0.034647226333618164, 'inference': 0.0774526596069336, 'postprocess': 0.026698589324951172}, 4840.375, 64
2022-01-06 10:23:26.418 | INFO     | __main__:<module>:101 - {'preprocess': 0.034702301025390625, 'inference': 0.07584953308105469, 'postprocess': 0.02620244026184082}, 4840.375, 64
2022-01-06 10:23:26.555 | INFO     | __main__:<module>:101 - {'preprocess': 0.0340428352355957, 'inference': 0.0732123851776123, 'postprocess': 0.02633357048034668}, 4840.375, 66
2022-01-06 10:23:26.691 | INFO     | __main__:<module>:101 - {'preprocess': 0.03238701820373535, 'inference': 0.07593035697937012, 'postprocess': 0.026134490966796875}, 4840.375, 66
2022-01-06 10:23:26.830 | INFO     | __main__:<module>:101 - {'preprocess': 0.03327584266662598, 'inference': 0.07600808143615723, 'postprocess': 0.02795267105102539}, 4840.375, 66
2022-01-06 10:23:26.971 | INFO     | __main__:<module>:101 - {'preprocess': 0.03380274772644043, 'inference': 0.07787680625915527, 'postprocess': 0.02780318260192871}, 4840.375, 66
2022-01-06 10:23:27.113 | INFO     | __main__:<module>:101 - {'preprocess': 0.034900665283203125, 'inference': 0.07827377319335938, 'postprocess': 0.027518272399902344}, 4840.375, 66
2022-01-06 10:23:27.255 | INFO     | __main__:<module>:101 - {'preprocess': 0.034039974212646484, 'inference': 0.07804346084594727, 'postprocess': 0.027490615844726562}, 4840.375, 66
2022-01-06 10:23:27.398 | INFO     | __main__:<module>:101 - {'preprocess': 0.03879570960998535, 'inference': 0.07538175582885742, 'postprocess': 0.027812957763671875}, 4840.375, 66
2022-01-06 10:23:27.531 | INFO     | __main__:<module>:101 - {'preprocess': 0.031809329986572266, 'inference': 0.07336831092834473, 'postprocess': 0.026241302490234375}, 4840.375, 67
2022-01-06 10:23:27.668 | INFO     | __main__:<module>:101 - {'preprocess': 0.031990766525268555, 'inference': 0.0758051872253418, 'postprocess': 0.026844024658203125}, 4840.375, 67
2022-01-06 10:23:27.807 | INFO     | __main__:<module>:101 - {'preprocess': 0.0341036319732666, 'inference': 0.07592368125915527, 'postprocess': 0.02644658088684082}, 4840.375, 67
2022-01-06 10:23:27.949 | INFO     | __main__:<module>:101 - {'preprocess': 0.034026384353637695, 'inference': 0.07762789726257324, 'postprocess': 0.028144121170043945}, 4840.375, 67
2022-01-06 10:23:28.091 | INFO     | __main__:<module>:101 - {'preprocess': 0.03480672836303711, 'inference': 0.07799506187438965, 'postprocess': 0.027321815490722656}, 4840.375, 67
2022-01-06 10:23:28.234 | INFO     | __main__:<module>:101 - {'preprocess': 0.03482961654663086, 'inference': 0.07798910140991211, 'postprocess': 0.027553796768188477}, 4840.375, 67
2022-01-06 10:23:28.376 | INFO     | __main__:<module>:101 - {'preprocess': 0.03421592712402344, 'inference': 0.07835721969604492, 'postprocess': 0.02784276008605957}, 4840.375, 67
2022-01-06 10:23:28.517 | INFO     | __main__:<module>:101 - {'preprocess': 0.03459572792053223, 'inference': 0.07796740531921387, 'postprocess': 0.027338504791259766}, 4840.375, 67
2022-01-06 10:23:28.658 | INFO     | __main__:<module>:101 - {'preprocess': 0.034490108489990234, 'inference': 0.07797932624816895, 'postprocess': 0.02575993537902832}, 4840.375, 67
2022-01-06 10:23:28.800 | INFO     | __main__:<module>:101 - {'preprocess': 0.0367426872253418, 'inference': 0.07589197158813477, 'postprocess': 0.02777266502380371}, 4840.375, 67
2022-01-06 10:23:28.937 | INFO     | __main__:<module>:101 - {'preprocess': 0.032799720764160156, 'inference': 0.07564425468444824, 'postprocess': 0.025887489318847656}, 4840.375, 67
2022-01-06 10:23:29.077 | INFO     | __main__:<module>:101 - {'preprocess': 0.03423881530761719, 'inference': 0.07599639892578125, 'postprocess': 0.0272219181060791}, 4840.375, 67
2022-01-06 10:23:29.217 | INFO     | __main__:<module>:101 - {'preprocess': 0.034379005432128906, 'inference': 0.07793521881103516, 'postprocess': 0.025888442993164062}, 4840.375, 67
2022-01-06 10:23:29.357 | INFO     | __main__:<module>:101 - {'preprocess': 0.03561830520629883, 'inference': 0.07555294036865234, 'postprocess': 0.026076316833496094}, 4840.375, 67
2022-01-06 10:23:29.502 | INFO     | __main__:<module>:101 - {'preprocess': 0.03697848320007324, 'inference': 0.07824254035949707, 'postprocess': 0.026211977005004883}, 4840.375, 66
2022-01-06 10:23:29.642 | INFO     | __main__:<module>:101 - {'preprocess': 0.03543400764465332, 'inference': 0.07563662528991699, 'postprocess': 0.025877952575683594}, 4840.375, 66
2022-01-06 10:23:29.783 | INFO     | __main__:<module>:101 - {'preprocess': 0.03638410568237305, 'inference': 0.07561373710632324, 'postprocess': 0.026470422744750977}, 4840.375, 66
2022-01-06 10:23:29.925 | INFO     | __main__:<module>:101 - {'preprocess': 0.03426551818847656, 'inference': 0.07794594764709473, 'postprocess': 0.025911331176757812}, 4840.375, 66
2022-01-06 10:23:30.070 | INFO     | __main__:<module>:101 - {'preprocess': 0.03851056098937988, 'inference': 0.07843327522277832, 'postprocess': 0.026399850845336914}, 4840.375, 66
2022-01-06 10:23:30.210 | INFO     | __main__:<module>:101 - {'preprocess': 0.034214019775390625, 'inference': 0.07817959785461426, 'postprocess': 0.026146411895751953}, 4840.375, 66
2022-01-06 10:23:30.347 | INFO     | __main__:<module>:101 - {'preprocess': 0.03377819061279297, 'inference': 0.07587361335754395, 'postprocess': 0.025894641876220703}, 4840.375, 66
2022-01-06 10:23:30.484 | INFO     | __main__:<module>:101 - {'preprocess': 0.03532576560974121, 'inference': 0.07322978973388672, 'postprocess': 0.02667832374572754}, 4840.375, 66
2022-01-06 10:23:30.613 | INFO     | __main__:<module>:101 - {'preprocess': 0.03091263771057129, 'inference': 0.0695199966430664, 'postprocess': 0.02636098861694336}, 4840.375, 64
2022-01-06 10:23:30.747 | INFO     | __main__:<module>:101 - {'preprocess': 0.031286001205444336, 'inference': 0.07416868209838867, 'postprocess': 0.026484012603759766}, 4840.375, 64
2022-01-06 10:23:30.882 | INFO     | __main__:<module>:101 - {'preprocess': 0.03193235397338867, 'inference': 0.07505464553833008, 'postprocess': 0.026232481002807617}, 4840.375, 64
2022-01-06 10:23:31.022 | INFO     | __main__:<module>:101 - {'preprocess': 0.033780813217163086, 'inference': 0.0779726505279541, 'postprocess': 0.02624988555908203}, 4840.375, 64
2022-01-06 10:23:31.162 | INFO     | __main__:<module>:101 - {'preprocess': 0.03457331657409668, 'inference': 0.0778810977935791, 'postprocess': 0.026167869567871094}, 4840.375, 64
2022-01-06 10:23:31.302 | INFO     | __main__:<module>:101 - {'preprocess': 0.03424668312072754, 'inference': 0.07800531387329102, 'postprocess': 0.025908231735229492}, 4840.375, 64
2022-01-06 10:23:31.443 | INFO     | __main__:<module>:101 - {'preprocess': 0.03435087203979492, 'inference': 0.07806706428527832, 'postprocess': 0.02650308609008789}, 4840.375, 64
2022-01-06 10:23:31.583 | INFO     | __main__:<module>:101 - {'preprocess': 0.03556394577026367, 'inference': 0.07618427276611328, 'postprocess': 0.026362895965576172}, 4840.375, 67
2022-01-06 10:23:31.723 | INFO     | __main__:<module>:101 - {'preprocess': 0.03507256507873535, 'inference': 0.07598018646240234, 'postprocess': 0.02645397186279297}, 4840.375, 67
2022-01-06 10:23:31.864 | INFO     | __main__:<module>:101 - {'preprocess': 0.033837080001831055, 'inference': 0.07831406593322754, 'postprocess': 0.026240110397338867}, 4840.375, 67
2022-01-06 10:23:32.006 | INFO     | __main__:<module>:101 - {'preprocess': 0.03508162498474121, 'inference': 0.07822108268737793, 'postprocess': 0.026697397232055664}, 4840.375, 67
2022-01-06 10:23:32.147 | INFO     | __main__:<module>:101 - {'preprocess': 0.035250186920166016, 'inference': 0.07583308219909668, 'postprocess': 0.027935266494750977}, 4840.375, 67
2022-01-06 10:23:32.288 | INFO     | __main__:<module>:101 - {'preprocess': 0.033879756927490234, 'inference': 0.07811164855957031, 'postprocess': 0.02610635757446289}, 4840.375, 67
2022-01-06 10:23:32.428 | INFO     | __main__:<module>:101 - {'preprocess': 0.03470754623413086, 'inference': 0.07565569877624512, 'postprocess': 0.027533531188964844}, 4840.375, 67
2022-01-06 10:23:32.574 | INFO     | __main__:<module>:101 - {'preprocess': 0.04134392738342285, 'inference': 0.07450199127197266, 'postprocess': 0.027833938598632812}, 4840.375, 66
2022-01-06 10:23:32.712 | INFO     | __main__:<module>:101 - {'preprocess': 0.03210115432739258, 'inference': 0.07556390762329102, 'postprocess': 0.028060436248779297}, 4840.375, 66
2022-01-06 10:23:32.851 | INFO     | __main__:<module>:101 - {'preprocess': 0.0336003303527832, 'inference': 0.07551407814025879, 'postprocess': 0.027683734893798828}, 4840.375, 66
2022-01-06 10:23:32.990 | INFO     | __main__:<module>:101 - {'preprocess': 0.033617496490478516, 'inference': 0.0779120922088623, 'postprocess': 0.026027441024780273}, 4840.375, 66
2022-01-06 10:23:33.134 | INFO     | __main__:<module>:101 - {'preprocess': 0.03708815574645996, 'inference': 0.07790017127990723, 'postprocess': 0.02628612518310547}, 4840.375, 66
2022-01-06 10:23:33.278 | INFO     | __main__:<module>:101 - {'preprocess': 0.03567099571228027, 'inference': 0.07812833786010742, 'postprocess': 0.027647018432617188}, 4840.375, 66
2022-01-06 10:23:33.417 | INFO     | __main__:<module>:101 - {'preprocess': 0.03462409973144531, 'inference': 0.07595539093017578, 'postprocess': 0.02625131607055664}, 4840.375, 66
2022-01-06 10:23:33.558 | INFO     | __main__:<module>:101 - {'preprocess': 0.03398013114929199, 'inference': 0.07828950881958008, 'postprocess': 0.02613687515258789}, 4840.375, 67
2022-01-06 10:23:33.700 | INFO     | __main__:<module>:101 - {'preprocess': 0.03523659706115723, 'inference': 0.07829427719116211, 'postprocess': 0.026152849197387695}, 4840.375, 67
2022-01-06 10:23:33.840 | INFO     | __main__:<module>:101 - {'preprocess': 0.03574323654174805, 'inference': 0.07541012763977051, 'postprocess': 0.026333093643188477}, 4840.375, 67
2022-01-06 10:23:33.982 | INFO     | __main__:<module>:101 - {'preprocess': 0.0345001220703125, 'inference': 0.07796144485473633, 'postprocess': 0.02608013153076172}, 4840.375, 67
2022-01-06 10:23:34.126 | INFO     | __main__:<module>:101 - {'preprocess': 0.036685943603515625, 'inference': 0.0790703296661377, 'postprocess': 0.026522397994995117}, 4840.375, 67
2022-01-06 10:23:34.268 | INFO     | __main__:<module>:101 - {'preprocess': 0.03513622283935547, 'inference': 0.07812666893005371, 'postprocess': 0.025784015655517578}, 4840.375, 67
2022-01-06 10:23:34.409 | INFO     | __main__:<module>:101 - {'preprocess': 0.035364627838134766, 'inference': 0.07808494567871094, 'postprocess': 0.02607274055480957}, 4840.375, 67
2022-01-06 10:23:34.550 | INFO     | __main__:<module>:101 - {'preprocess': 0.034546613693237305, 'inference': 0.07610154151916504, 'postprocess': 0.027140378952026367}, 4840.375, 66
2022-01-06 10:23:34.690 | INFO     | __main__:<module>:101 - {'preprocess': 0.03433728218078613, 'inference': 0.0779416561126709, 'postprocess': 0.025797128677368164}, 4840.375, 66
2022-01-06 10:23:34.829 | INFO     | __main__:<module>:101 - {'preprocess': 0.0353999137878418, 'inference': 0.0755150318145752, 'postprocess': 0.026067256927490234}, 4840.375, 66
2022-01-06 10:23:34.970 | INFO     | __main__:<module>:101 - {'preprocess': 0.034227609634399414, 'inference': 0.07793402671813965, 'postprocess': 0.026141881942749023}, 4840.375, 66
2022-01-06 10:23:35.110 | INFO     | __main__:<module>:101 - {'preprocess': 0.03545427322387695, 'inference': 0.07572793960571289, 'postprocess': 0.02628040313720703}, 4840.375, 66
2022-01-06 10:23:35.251 | INFO     | __main__:<module>:101 - {'preprocess': 0.034096479415893555, 'inference': 0.07787609100341797, 'postprocess': 0.026340961456298828}, 4840.375, 66
2022-01-06 10:23:35.390 | INFO     | __main__:<module>:101 - {'preprocess': 0.035155534744262695, 'inference': 0.07561087608337402, 'postprocess': 0.026309967041015625}, 4840.375, 66
2022-01-06 10:23:35.524 | INFO     | __main__:<module>:101 - {'preprocess': 0.03367328643798828, 'inference': 0.07326769828796387, 'postprocess': 0.025943517684936523}, 4840.375, 66
2022-01-06 10:23:35.663 | INFO     | __main__:<module>:101 - {'preprocess': 0.03938698768615723, 'inference': 0.07131791114807129, 'postprocess': 0.02634263038635254}, 4840.375, 64
2022-01-06 10:23:35.796 | INFO     | __main__:<module>:101 - {'preprocess': 0.031685590744018555, 'inference': 0.07212328910827637, 'postprocess': 0.02685689926147461}, 4840.375, 64
2022-01-06 10:23:35.927 | INFO     | __main__:<module>:101 - {'preprocess': 0.03125786781311035, 'inference': 0.07274389266967773, 'postprocess': 0.026055097579956055}, 4840.375, 64
2022-01-06 10:23:36.064 | INFO     | __main__:<module>:101 - {'preprocess': 0.032398223876953125, 'inference': 0.07570958137512207, 'postprocess': 0.026325225830078125}, 4840.375, 64
2022-01-06 10:23:36.202 | INFO     | __main__:<module>:101 - {'preprocess': 0.033431291580200195, 'inference': 0.07550215721130371, 'postprocess': 0.027295351028442383}, 4840.375, 64
2022-01-06 10:23:36.343 | INFO     | __main__:<module>:101 - {'preprocess': 0.034476280212402344, 'inference': 0.07789158821105957, 'postprocess': 0.026200532913208008}, 4840.375, 64
2022-01-06 10:23:36.482 | INFO     | __main__:<module>:101 - {'preprocess': 0.03509640693664551, 'inference': 0.07585501670837402, 'postprocess': 0.025998830795288086}, 4840.375, 64
2022-01-06 10:23:36.621 | INFO     | __main__:<module>:101 - {'preprocess': 0.03434300422668457, 'inference': 0.07545304298400879, 'postprocess': 0.027101755142211914}, 4840.375, 68
2022-01-06 10:23:36.763 | INFO     | __main__:<module>:101 - {'preprocess': 0.033740997314453125, 'inference': 0.0793311595916748, 'postprocess': 0.026444435119628906}, 4840.375, 68
2022-01-06 10:23:36.901 | INFO     | __main__:<module>:101 - {'preprocess': 0.034848928451538086, 'inference': 0.07564187049865723, 'postprocess': 0.026052236557006836}, 4840.375, 68
2022-01-06 10:23:37.040 | INFO     | __main__:<module>:101 - {'preprocess': 0.03344392776489258, 'inference': 0.07811903953552246, 'postprocess': 0.026015281677246094}, 4840.375, 68
2022-01-06 10:23:37.182 | INFO     | __main__:<module>:101 - {'preprocess': 0.0375828742980957, 'inference': 0.07611846923828125, 'postprocess': 0.026461124420166016}, 4840.375, 68
2022-01-06 10:23:37.322 | INFO     | __main__:<module>:101 - {'preprocess': 0.03359055519104004, 'inference': 0.07808947563171387, 'postprocess': 0.026145219802856445}, 4840.375, 68
2022-01-06 10:23:37.462 | INFO     | __main__:<module>:101 - {'preprocess': 0.034526824951171875, 'inference': 0.07797765731811523, 'postprocess': 0.025915861129760742}, 4840.375, 68
2022-01-06 10:23:37.604 | INFO     | __main__:<module>:101 - {'preprocess': 0.03388023376464844, 'inference': 0.08032703399658203, 'postprocess': 0.026011943817138672}, 4840.375, 67
2022-01-06 10:23:37.758 | INFO     | __main__:<module>:101 - {'preprocess': 0.044492244720458984, 'inference': 0.08166694641113281, 'postprocess': 0.026238441467285156}, 4840.375, 67
2022-01-06 10:23:37.902 | INFO     | __main__:<module>:101 - {'preprocess': 0.03547954559326172, 'inference': 0.08005666732788086, 'postprocess': 0.025845766067504883}, 4840.375, 67
2022-01-06 10:23:38.046 | INFO     | __main__:<module>:101 - {'preprocess': 0.03695082664489746, 'inference': 0.08045697212219238, 'postprocess': 0.024657249450683594}, 4840.375, 67
2022-01-06 10:23:38.187 | INFO     | __main__:<module>:101 - {'preprocess': 0.03554701805114746, 'inference': 0.0772714614868164, 'postprocess': 0.027106285095214844}, 4840.375, 67
2022-01-06 10:23:38.325 | INFO     | __main__:<module>:101 - {'preprocess': 0.034060001373291016, 'inference': 0.07551431655883789, 'postprocess': 0.025806188583374023}, 4840.375, 67
2022-01-06 10:23:38.464 | INFO     | __main__:<module>:101 - {'preprocess': 0.033481597900390625, 'inference': 0.07779788970947266, 'postprocess': 0.02569293975830078}, 4840.375, 67
2022-01-06 10:23:38.604 | INFO     | __main__:<module>:101 - {'preprocess': 0.03548550605773926, 'inference': 0.07561159133911133, 'postprocess': 0.026105880737304688}, 4840.375, 65
2022-01-06 10:23:38.741 | INFO     | __main__:<module>:101 - {'preprocess': 0.03372526168823242, 'inference': 0.07484769821166992, 'postprocess': 0.026656627655029297}, 4840.375, 65
2022-01-06 10:23:38.873 | INFO     | __main__:<module>:101 - {'preprocess': 0.031745195388793945, 'inference': 0.07321047782897949, 'postprocess': 0.025788068771362305}, 4840.375, 65
2022-01-06 10:23:39.006 | INFO     | __main__:<module>:101 - {'preprocess': 0.03144049644470215, 'inference': 0.07339143753051758, 'postprocess': 0.025966405868530273}, 4840.375, 65
2022-01-06 10:23:39.143 | INFO     | __main__:<module>:101 - {'preprocess': 0.032381296157836914, 'inference': 0.07595992088317871, 'postprocess': 0.02660202980041504}, 4840.375, 65
2022-01-06 10:23:39.281 | INFO     | __main__:<module>:101 - {'preprocess': 0.03336930274963379, 'inference': 0.07773423194885254, 'postprocess': 0.026062726974487305}, 4840.375, 65
2022-01-06 10:23:39.420 | INFO     | __main__:<module>:101 - {'preprocess': 0.03496193885803223, 'inference': 0.07560610771179199, 'postprocess': 0.02628350257873535}, 4840.375, 65
2022-01-06 10:23:39.558 | INFO     | __main__:<module>:101 - {'preprocess': 0.03326821327209473, 'inference': 0.07541203498840332, 'postprocess': 0.026215553283691406}, 4840.375, 65
2022-01-06 10:23:39.700 | INFO     | __main__:<module>:101 - {'preprocess': 0.034560203552246094, 'inference': 0.07781457901000977, 'postprocess': 0.02704620361328125}, 4840.375, 66
2022-01-06 10:23:39.843 | INFO     | __main__:<module>:101 - {'preprocess': 0.0379643440246582, 'inference': 0.07599353790283203, 'postprocess': 0.026443004608154297}, 4840.375, 66
2022-01-06 10:23:39.981 | INFO     | __main__:<module>:101 - {'preprocess': 0.03380727767944336, 'inference': 0.0755307674407959, 'postprocess': 0.02607893943786621}, 4840.375, 66
2022-01-06 10:23:40.120 | INFO     | __main__:<module>:101 - {'preprocess': 0.03345656394958496, 'inference': 0.07788372039794922, 'postprocess': 0.026055574417114258}, 4840.375, 66
2022-01-06 10:23:40.260 | INFO     | __main__:<module>:101 - {'preprocess': 0.035996198654174805, 'inference': 0.0756080150604248, 'postprocess': 0.026133060455322266}, 4840.375, 66
2022-01-06 10:23:40.399 | INFO     | __main__:<module>:101 - {'preprocess': 0.03358650207519531, 'inference': 0.07812237739562988, 'postprocess': 0.026118040084838867}, 4840.375, 66
2022-01-06 10:23:40.540 | INFO     | __main__:<module>:101 - {'preprocess': 0.03522038459777832, 'inference': 0.0779883861541748, 'postprocess': 0.026228666305541992}, 4840.375, 66
2022-01-06 10:23:40.681 | INFO     | __main__:<module>:101 - {'preprocess': 0.0344548225402832, 'inference': 0.07839608192443848, 'postprocess': 0.026128053665161133}, 4840.375, 66
2022-01-06 10:23:40.817 | INFO     | __main__:<module>:101 - {'preprocess': 0.036103248596191406, 'inference': 0.07143545150756836, 'postprocess': 0.026375770568847656}, 4840.375, 66
2022-01-06 10:23:40.940 | INFO     | __main__:<module>:101 - {'preprocess': 0.030120134353637695, 'inference': 0.06483221054077148, 'postprocess': 0.02631855010986328}, 4840.375, 66
2022-01-06 10:23:41.063 | INFO     | __main__:<module>:101 - {'preprocess': 0.0299835205078125, 'inference': 0.06545424461364746, 'postprocess': 0.026057720184326172}, 4840.375, 66
2022-01-06 10:23:41.196 | INFO     | __main__:<module>:101 - {'preprocess': 0.029456377029418945, 'inference': 0.06536221504211426, 'postprocess': 0.025928258895874023}, 4840.375, 66
2022-01-06 10:23:41.337 | INFO     | __main__:<module>:101 - {'preprocess': 0.034613609313964844, 'inference': 0.0783226490020752, 'postprocess': 0.026417970657348633}, 4840.375, 66
2022-01-06 10:23:41.479 | INFO     | __main__:<module>:101 - {'preprocess': 0.03530287742614746, 'inference': 0.0782313346862793, 'postprocess': 0.026102066040039062}, 4840.375, 66
2022-01-06 10:23:41.620 | INFO     | __main__:<module>:101 - {'preprocess': 0.035277605056762695, 'inference': 0.07807254791259766, 'postprocess': 0.026101112365722656}, 4840.375, 70
2022-01-06 10:23:41.763 | INFO     | __main__:<module>:101 - {'preprocess': 0.03490018844604492, 'inference': 0.07834672927856445, 'postprocess': 0.026273250579833984}, 4840.375, 70
2022-01-06 10:23:41.912 | INFO     | __main__:<module>:101 - {'preprocess': 0.03967094421386719, 'inference': 0.08090448379516602, 'postprocess': 0.026273727416992188}, 4840.375, 70
2022-01-06 10:23:42.055 | INFO     | __main__:<module>:101 - {'preprocess': 0.03624987602233887, 'inference': 0.07804131507873535, 'postprocess': 0.026324748992919922}, 4840.375, 70
2022-01-06 10:23:42.196 | INFO     | __main__:<module>:101 - {'preprocess': 0.03504681587219238, 'inference': 0.07801938056945801, 'postprocess': 0.026255369186401367}, 4840.375, 70
2022-01-06 10:23:42.337 | INFO     | __main__:<module>:101 - {'preprocess': 0.034707069396972656, 'inference': 0.07819676399230957, 'postprocess': 0.026347875595092773}, 4840.375, 70
2022-01-06 10:23:42.479 | INFO     | __main__:<module>:101 - {'preprocess': 0.0349421501159668, 'inference': 0.07805347442626953, 'postprocess': 0.027350664138793945}, 4840.375, 70
2022-01-06 10:23:42.619 | INFO     | __main__:<module>:101 - {'preprocess': 0.034928083419799805, 'inference': 0.07624578475952148, 'postprocess': 0.02754521369934082}, 4840.375, 65
2022-01-06 10:23:42.760 | INFO     | __main__:<module>:101 - {'preprocess': 0.033603668212890625, 'inference': 0.07779121398925781, 'postprocess': 0.02775740623474121}, 4840.375, 65
2022-01-06 10:23:42.906 | INFO     | __main__:<module>:101 - {'preprocess': 0.03990340232849121, 'inference': 0.07569122314453125, 'postprocess': 0.02774810791015625}, 4840.375, 65
2022-01-06 10:23:43.040 | INFO     | __main__:<module>:101 - {'preprocess': 0.03158378601074219, 'inference': 0.07335400581359863, 'postprocess': 0.027366161346435547}, 4840.375, 65
2022-01-06 10:23:43.175 | INFO     | __main__:<module>:101 - {'preprocess': 0.031980276107788086, 'inference': 0.07325124740600586, 'postprocess': 0.027863264083862305}, 4840.375, 65
2022-01-06 10:23:43.310 | INFO     | __main__:<module>:101 - {'preprocess': 0.03220248222351074, 'inference': 0.07322096824645996, 'postprocess': 0.027597904205322266}, 4840.375, 65
2022-01-06 10:23:43.444 | INFO     | __main__:<module>:101 - {'preprocess': 0.031899213790893555, 'inference': 0.07315969467163086, 'postprocess': 0.02714705467224121}, 4840.375, 65
2022-01-06 10:23:43.581 | INFO     | __main__:<module>:101 - {'preprocess': 0.03183770179748535, 'inference': 0.07578086853027344, 'postprocess': 0.027460336685180664}, 4840.375, 65
2022-01-06 10:23:43.721 | INFO     | __main__:<module>:101 - {'preprocess': 0.033847808837890625, 'inference': 0.07558155059814453, 'postprocess': 0.027399301528930664}, 4840.375, 65
2022-01-06 10:23:43.863 | INFO     | __main__:<module>:101 - {'preprocess': 0.034427642822265625, 'inference': 0.07736492156982422, 'postprocess': 0.027857542037963867}, 4840.375, 65
2022-01-06 10:23:44.003 | INFO     | __main__:<module>:101 - {'preprocess': 0.033659934997558594, 'inference': 0.07580685615539551, 'postprocess': 0.02756953239440918}, 4840.375, 65
2022-01-06 10:23:44.143 | INFO     | __main__:<module>:101 - {'preprocess': 0.03462386131286621, 'inference': 0.07565140724182129, 'postprocess': 0.027367115020751953}, 4840.375, 65
2022-01-06 10:23:44.281 | INFO     | __main__:<module>:101 - {'preprocess': 0.03458857536315918, 'inference': 0.07434964179992676, 'postprocess': 0.02742481231689453}, 4840.375, 65
2022-01-06 10:23:44.426 | INFO     | __main__:<module>:101 - {'preprocess': 0.031684160232543945, 'inference': 0.07353878021240234, 'postprocess': 0.02738475799560547}, 4840.375, 65
2022-01-06 10:23:44.574 | INFO     | __main__:<module>:101 - {'preprocess': 0.038669586181640625, 'inference': 0.08074545860290527, 'postprocess': 0.026966333389282227}, 4840.375, 65
2022-01-06 10:23:44.720 | INFO     | __main__:<module>:101 - {'preprocess': 0.036699771881103516, 'inference': 0.08021855354309082, 'postprocess': 0.02725386619567871}, 4840.375, 66
2022-01-06 10:23:44.868 | INFO     | __main__:<module>:101 - {'preprocess': 0.03602862358093262, 'inference': 0.08268618583679199, 'postprocess': 0.027554750442504883}, 4840.375, 66
2022-01-06 10:23:45.016 | INFO     | __main__:<module>:101 - {'preprocess': 0.037413835525512695, 'inference': 0.0803229808807373, 'postprocess': 0.027455568313598633}, 4840.375, 66
2022-01-06 10:23:45.161 | INFO     | __main__:<module>:101 - {'preprocess': 0.03663492202758789, 'inference': 0.08057546615600586, 'postprocess': 0.025544166564941406}, 4840.375, 66
2022-01-06 10:23:45.307 | INFO     | __main__:<module>:101 - {'preprocess': 0.03685331344604492, 'inference': 0.07886028289794922, 'postprocess': 0.028923511505126953}, 4840.375, 66
2022-01-06 10:23:45.450 | INFO     | __main__:<module>:101 - {'preprocess': 0.03538775444030762, 'inference': 0.07848334312438965, 'postprocess': 0.027149200439453125}, 4840.375, 66
2022-01-06 10:23:45.589 | INFO     | __main__:<module>:101 - {'preprocess': 0.034776926040649414, 'inference': 0.07574343681335449, 'postprocess': 0.027207374572753906}, 4840.375, 66
2022-01-06 10:23:45.730 | INFO     | __main__:<module>:101 - {'preprocess': 0.03372931480407715, 'inference': 0.07820439338684082, 'postprocess': 0.027268171310424805}, 4840.375, 64
2022-01-06 10:23:45.872 | INFO     | __main__:<module>:101 - {'preprocess': 0.034404754638671875, 'inference': 0.07790493965148926, 'postprocess': 0.027695894241333008}, 4840.375, 64
2022-01-06 10:23:46.017 | INFO     | __main__:<module>:101 - {'preprocess': 0.04051518440246582, 'inference': 0.07385134696960449, 'postprocess': 0.02913212776184082}, 4840.375, 64
2022-01-06 10:23:46.152 | INFO     | __main__:<module>:101 - {'preprocess': 0.03206586837768555, 'inference': 0.07343196868896484, 'postprocess': 0.027541160583496094}, 4840.375, 64
2022-01-06 10:23:46.285 | INFO     | __main__:<module>:101 - {'preprocess': 0.031946659088134766, 'inference': 0.0710763931274414, 'postprocess': 0.027853965759277344}, 4840.375, 64
2022-01-06 10:23:46.416 | INFO     | __main__:<module>:101 - {'preprocess': 0.030995845794677734, 'inference': 0.07038617134094238, 'postprocess': 0.027776002883911133}, 4840.375, 64
2022-01-06 10:23:46.544 | INFO     | __main__:<module>:101 - {'preprocess': 0.03171896934509277, 'inference': 0.06757259368896484, 'postprocess': 0.0274505615234375}, 4840.375, 64
2022-01-06 10:23:46.672 | INFO     | __main__:<module>:101 - {'preprocess': 0.030321598052978516, 'inference': 0.0677030086517334, 'postprocess': 0.027591705322265625}, 4840.375, 70
2022-01-06 10:23:46.801 | INFO     | __main__:<module>:101 - {'preprocess': 0.030580997467041016, 'inference': 0.06753206253051758, 'postprocess': 0.02849102020263672}, 4840.375, 70
2022-01-06 10:23:46.928 | INFO     | __main__:<module>:101 - {'preprocess': 0.0302426815032959, 'inference': 0.06759119033813477, 'postprocess': 0.02794504165649414}, 4840.375, 70
2022-01-06 10:23:47.065 | INFO     | __main__:<module>:101 - {'preprocess': 0.03371071815490723, 'inference': 0.07249283790588379, 'postprocess': 0.027736425399780273}, 4840.375, 70
2022-01-06 10:23:47.201 | INFO     | __main__:<module>:101 - {'preprocess': 0.03161001205444336, 'inference': 0.07558584213256836, 'postprocess': 0.027532577514648438}, 4840.375, 70
2022-01-06 10:23:47.340 | INFO     | __main__:<module>:101 - {'preprocess': 0.034766435623168945, 'inference': 0.07399702072143555, 'postprocess': 0.027582406997680664}, 4840.375, 70
2022-01-06 10:23:47.474 | INFO     | __main__:<module>:101 - {'preprocess': 0.0317082405090332, 'inference': 0.07305169105529785, 'postprocess': 0.027487516403198242}, 4840.375, 70
2022-01-06 10:23:47.608 | INFO     | __main__:<module>:101 - {'preprocess': 0.0319979190826416, 'inference': 0.07319450378417969, 'postprocess': 0.027390241622924805}, 4840.375, 70
2022-01-06 10:23:47.743 | INFO     | __main__:<module>:101 - {'preprocess': 0.03199195861816406, 'inference': 0.0735626220703125, 'postprocess': 0.02731919288635254}, 4840.375, 67
2022-01-06 10:23:47.877 | INFO     | __main__:<module>:101 - {'preprocess': 0.0320279598236084, 'inference': 0.07199215888977051, 'postprocess': 0.02790546417236328}, 4840.375, 67
2022-01-06 10:23:48.007 | INFO     | __main__:<module>:101 - {'preprocess': 0.030635356903076172, 'inference': 0.0697627067565918, 'postprocess': 0.027843713760375977}, 4840.375, 67
2022-01-06 10:23:48.137 | INFO     | __main__:<module>:101 - {'preprocess': 0.030844926834106445, 'inference': 0.06975007057189941, 'postprocess': 0.027749300003051758}, 4840.375, 67
2022-01-06 10:23:48.266 | INFO     | __main__:<module>:101 - {'preprocess': 0.030812978744506836, 'inference': 0.06788921356201172, 'postprocess': 0.0277864933013916}, 4840.375, 67
2022-01-06 10:23:48.396 | INFO     | __main__:<module>:101 - {'preprocess': 0.030455589294433594, 'inference': 0.06993865966796875, 'postprocess': 0.027715206146240234}, 4840.375, 67
2022-01-06 10:23:48.526 | INFO     | __main__:<module>:101 - {'preprocess': 0.031394004821777344, 'inference': 0.07028746604919434, 'postprocess': 0.027062654495239258}, 4840.375, 67
2022-01-06 10:23:48.658 | INFO     | __main__:<module>:101 - {'preprocess': 0.030576467514038086, 'inference': 0.0718076229095459, 'postprocess': 0.027295827865600586}, 4840.375, 67
2022-01-06 10:23:48.795 | INFO     | __main__:<module>:101 - {'preprocess': 0.031896114349365234, 'inference': 0.07576608657836914, 'postprocess': 0.027134418487548828}, 4840.375, 70
2022-01-06 10:23:48.934 | INFO     | __main__:<module>:101 - {'preprocess': 0.03368830680847168, 'inference': 0.07586073875427246, 'postprocess': 0.027539730072021484}, 4840.375, 70
2022-01-06 10:23:48.934 | INFO     | __main__:<module>:104 - -------------------------------------------------------
2022-01-06 10:23:48.934 | INFO     | __main__:<module>:106 - Tensort, 15x5, yolov5s, (384, 640), 500frames average time.
2022-01-06 10:23:48.934 | INFO     | __main__:<module>:108 - pre_multi: False
2022-01-06 10:23:48.934 | INFO     | __main__:<module>:109 - infer_multi: False
2022-01-06 10:23:48.934 | INFO     | __main__:<module>:110 - post_multi: False
2022-01-06 10:23:48.934 | INFO     | __main__:<module>:111 - Average preprocess: 0.03385731924968551s
2022-01-06 10:23:48.934 | INFO     | __main__:<module>:112 - Average inference: 0.07397738805257652s
2022-01-06 10:23:48.934 | INFO     | __main__:<module>:113 - Average postprocess: 0.026320280798946518s
2022-01-06 10:23:48.934 | INFO     | __main__:<module>:114 - Average memory: 4844.872991967872MB
2022-01-06 10:23:48.934 | INFO     | __main__:<module>:115 - Average utilize: 66.93172690763052%
2022-01-06 10:23:48.935 | INFO     | __main__:<module>:116 - Max utilize: 79%
